[0.145s] DEBUG:colcon:Command line arguments: ['/usr/bin/colcon', 'build']
[0.145s] DEBUG:colcon:Parsed command line arguments: Namespace(allow_overriding=[], ament_cmake_args=None, base_paths=['.'], build_base='build', catkin_cmake_args=None, catkin_skip_building_tests=False, cmake_args=None, cmake_clean_cache=False, cmake_clean_first=False, cmake_force_configure=False, cmake_target=None, cmake_target_skip_unavailable=False, continue_on_error=False, event_handlers=None, executor='parallel', ignore_user_meta=False, install_base='install', log_base=None, log_level=None, main=<bound method BuildVerb.main of <colcon_core.verb.build.BuildVerb object at 0x7ff706681ac0>>, merge_install=False, metas=['./colcon.meta'], packages_above=None, packages_above_and_dependencies=None, packages_above_depth=None, packages_end=None, packages_ignore=None, packages_ignore_regex=None, packages_select=None, packages_select_build_failed=False, packages_select_by_dep=None, packages_select_regex=None, packages_select_test_failures=False, packages_skip=None, packages_skip_build_finished=False, packages_skip_by_dep=None, packages_skip_regex=None, packages_skip_test_passed=False, packages_skip_up_to=None, packages_start=None, packages_up_to=None, packages_up_to_regex=None, parallel_workers=6, paths=None, symlink_install=False, test_result_base=None, verb_extension=<colcon_core.verb.build.BuildVerb object at 0x7ff706681ac0>, verb_name='build', verb_parser=<colcon_defaults.argument_parser.defaults.DefaultArgumentsDecorator object at 0x7ff70668d070>)
[0.167s] Level 1:colcon.colcon_core.package_discovery:discover_packages(colcon_meta) check parameters
[0.167s] Level 1:colcon.colcon_core.package_discovery:discover_packages(recursive) check parameters
[0.167s] Level 1:colcon.colcon_core.package_discovery:discover_packages(ignore) check parameters
[0.167s] Level 1:colcon.colcon_core.package_discovery:discover_packages(path) check parameters
[0.167s] Level 1:colcon.colcon_core.package_discovery:discover_packages(colcon_meta) discover
[0.167s] Level 1:colcon.colcon_core.package_discovery:discover_packages(recursive) discover
[0.167s] INFO:colcon.colcon_core.package_discovery:Crawling recursively for packages in '/home/usuario/Documentos/GitHub/vamoshostia/ros2_ws'
[0.167s] Level 1:colcon.colcon_core.package_identification:_identify(.) by extensions ['ignore', 'ignore_ament_install']
[0.167s] Level 1:colcon.colcon_core.package_identification:_identify(.) by extension 'ignore'
[0.167s] Level 1:colcon.colcon_core.package_identification:_identify(.) by extension 'ignore_ament_install'
[0.167s] Level 1:colcon.colcon_core.package_identification:_identify(.) by extensions ['colcon_pkg']
[0.167s] Level 1:colcon.colcon_core.package_identification:_identify(.) by extension 'colcon_pkg'
[0.167s] Level 1:colcon.colcon_core.package_identification:_identify(.) by extensions ['colcon_meta']
[0.167s] Level 1:colcon.colcon_core.package_identification:_identify(.) by extension 'colcon_meta'
[0.167s] Level 1:colcon.colcon_core.package_identification:_identify(.) by extensions ['ros']
[0.167s] Level 1:colcon.colcon_core.package_identification:_identify(.) by extension 'ros'
[0.183s] Level 1:colcon.colcon_core.package_identification:_identify(.) by extensions ['cmake', 'python']
[0.183s] Level 1:colcon.colcon_core.package_identification:_identify(.) by extension 'cmake'
[0.183s] Level 1:colcon.colcon_core.package_identification:_identify(.) by extension 'python'
[0.184s] Level 1:colcon.colcon_core.package_identification:_identify(.) by extensions ['python_setup_py']
[0.184s] Level 1:colcon.colcon_core.package_identification:_identify(.) by extension 'python_setup_py'
[0.184s] Level 1:colcon.colcon_core.package_identification:_identify(build) by extensions ['ignore', 'ignore_ament_install']
[0.184s] Level 1:colcon.colcon_core.package_identification:_identify(build) by extension 'ignore'
[0.184s] Level 1:colcon.colcon_core.package_identification:_identify(build) ignored
[0.184s] Level 1:colcon.colcon_core.package_identification:_identify(install) by extensions ['ignore', 'ignore_ament_install']
[0.184s] Level 1:colcon.colcon_core.package_identification:_identify(install) by extension 'ignore'
[0.184s] Level 1:colcon.colcon_core.package_identification:_identify(install) ignored
[0.184s] Level 1:colcon.colcon_core.package_identification:_identify(log) by extensions ['ignore', 'ignore_ament_install']
[0.184s] Level 1:colcon.colcon_core.package_identification:_identify(log) by extension 'ignore'
[0.184s] Level 1:colcon.colcon_core.package_identification:_identify(log) ignored
[0.184s] Level 1:colcon.colcon_core.package_identification:_identify(src) by extensions ['ignore', 'ignore_ament_install']
[0.184s] Level 1:colcon.colcon_core.package_identification:_identify(src) by extension 'ignore'
[0.184s] Level 1:colcon.colcon_core.package_identification:_identify(src) by extension 'ignore_ament_install'
[0.184s] Level 1:colcon.colcon_core.package_identification:_identify(src) by extensions ['colcon_pkg']
[0.184s] Level 1:colcon.colcon_core.package_identification:_identify(src) by extension 'colcon_pkg'
[0.184s] Level 1:colcon.colcon_core.package_identification:_identify(src) by extensions ['colcon_meta']
[0.184s] Level 1:colcon.colcon_core.package_identification:_identify(src) by extension 'colcon_meta'
[0.184s] Level 1:colcon.colcon_core.package_identification:_identify(src) by extensions ['ros']
[0.184s] Level 1:colcon.colcon_core.package_identification:_identify(src) by extension 'ros'
[0.184s] Level 1:colcon.colcon_core.package_identification:_identify(src) by extensions ['cmake', 'python']
[0.184s] Level 1:colcon.colcon_core.package_identification:_identify(src) by extension 'cmake'
[0.185s] Level 1:colcon.colcon_core.package_identification:_identify(src) by extension 'python'
[0.185s] Level 1:colcon.colcon_core.package_identification:_identify(src) by extensions ['python_setup_py']
[0.185s] Level 1:colcon.colcon_core.package_identification:_identify(src) by extension 'python_setup_py'
[0.185s] Level 1:colcon.colcon_core.package_identification:_identify(src/examples) by extensions ['ignore', 'ignore_ament_install']
[0.185s] Level 1:colcon.colcon_core.package_identification:_identify(src/examples) by extension 'ignore'
[0.185s] Level 1:colcon.colcon_core.package_identification:_identify(src/examples) by extension 'ignore_ament_install'
[0.185s] Level 1:colcon.colcon_core.package_identification:_identify(src/examples) by extensions ['colcon_pkg']
[0.185s] Level 1:colcon.colcon_core.package_identification:_identify(src/examples) by extension 'colcon_pkg'
[0.185s] Level 1:colcon.colcon_core.package_identification:_identify(src/examples) by extensions ['colcon_meta']
[0.185s] Level 1:colcon.colcon_core.package_identification:_identify(src/examples) by extension 'colcon_meta'
[0.185s] Level 1:colcon.colcon_core.package_identification:_identify(src/examples) by extensions ['ros']
[0.185s] Level 1:colcon.colcon_core.package_identification:_identify(src/examples) by extension 'ros'
[0.185s] Level 1:colcon.colcon_core.package_identification:_identify(src/examples) by extensions ['cmake', 'python']
[0.185s] Level 1:colcon.colcon_core.package_identification:_identify(src/examples) by extension 'cmake'
[0.185s] Level 1:colcon.colcon_core.package_identification:_identify(src/examples) by extension 'python'
[0.185s] Level 1:colcon.colcon_core.package_identification:_identify(src/examples) by extensions ['python_setup_py']
[0.185s] Level 1:colcon.colcon_core.package_identification:_identify(src/examples) by extension 'python_setup_py'
[0.185s] Level 1:colcon.colcon_core.package_identification:_identify(src/examples/topics) by extensions ['ignore', 'ignore_ament_install']
[0.185s] Level 1:colcon.colcon_core.package_identification:_identify(src/examples/topics) by extension 'ignore'
[0.185s] Level 1:colcon.colcon_core.package_identification:_identify(src/examples/topics) by extension 'ignore_ament_install'
[0.185s] Level 1:colcon.colcon_core.package_identification:_identify(src/examples/topics) by extensions ['colcon_pkg']
[0.185s] Level 1:colcon.colcon_core.package_identification:_identify(src/examples/topics) by extension 'colcon_pkg'
[0.185s] Level 1:colcon.colcon_core.package_identification:_identify(src/examples/topics) by extensions ['colcon_meta']
[0.185s] Level 1:colcon.colcon_core.package_identification:_identify(src/examples/topics) by extension 'colcon_meta'
[0.185s] Level 1:colcon.colcon_core.package_identification:_identify(src/examples/topics) by extensions ['ros']
[0.185s] Level 1:colcon.colcon_core.package_identification:_identify(src/examples/topics) by extension 'ros'
[0.188s] DEBUG:colcon.colcon_core.package_identification:Package 'src/examples/topics' with type 'ros.ament_cmake' and name 'examples_topics'
[0.188s] Level 1:colcon.colcon_core.package_identification:_identify(src/sum) by extensions ['ignore', 'ignore_ament_install']
[0.189s] Level 1:colcon.colcon_core.package_identification:_identify(src/sum) by extension 'ignore'
[0.189s] Level 1:colcon.colcon_core.package_identification:_identify(src/sum) by extension 'ignore_ament_install'
[0.189s] Level 1:colcon.colcon_core.package_identification:_identify(src/sum) by extensions ['colcon_pkg']
[0.189s] Level 1:colcon.colcon_core.package_identification:_identify(src/sum) by extension 'colcon_pkg'
[0.189s] Level 1:colcon.colcon_core.package_identification:_identify(src/sum) by extensions ['colcon_meta']
[0.189s] Level 1:colcon.colcon_core.package_identification:_identify(src/sum) by extension 'colcon_meta'
[0.189s] Level 1:colcon.colcon_core.package_identification:_identify(src/sum) by extensions ['ros']
[0.189s] Level 1:colcon.colcon_core.package_identification:_identify(src/sum) by extension 'ros'
[0.190s] DEBUG:colcon.colcon_core.package_identification:Package 'src/sum' with type 'ros.ament_cmake' and name 'examples_sum'
[0.190s] Level 1:colcon.colcon_core.package_discovery:discover_packages(recursive) using defaults
[0.190s] Level 1:colcon.colcon_core.package_discovery:discover_packages(ignore) discover
[0.190s] Level 1:colcon.colcon_core.package_discovery:discover_packages(ignore) using defaults
[0.191s] Level 1:colcon.colcon_core.package_discovery:discover_packages(path) discover
[0.191s] Level 1:colcon.colcon_core.package_discovery:discover_packages(path) using defaults
[0.209s] Level 1:colcon.colcon_core.package_discovery:discover_packages(prefix_path) check parameters
[0.210s] Level 1:colcon.colcon_core.package_discovery:discover_packages(prefix_path) discover
[0.217s] DEBUG:colcon.colcon_installed_package_information.package_discovery:Found 2 installed packages in /home/usuario/Documentos/GitHub/vamoshostia/ros2_ws/install
[0.219s] DEBUG:colcon.colcon_installed_package_information.package_discovery:Found 271 installed packages in /opt/ros/foxy
[0.220s] Level 1:colcon.colcon_core.package_discovery:discover_packages(prefix_path) using defaults
[0.265s] Level 5:colcon.colcon_core.verb:set package 'examples_sum' build argument 'cmake_args' from command line to 'None'
[0.265s] Level 5:colcon.colcon_core.verb:set package 'examples_sum' build argument 'cmake_target' from command line to 'None'
[0.265s] Level 5:colcon.colcon_core.verb:set package 'examples_sum' build argument 'cmake_target_skip_unavailable' from command line to 'False'
[0.265s] Level 5:colcon.colcon_core.verb:set package 'examples_sum' build argument 'cmake_clean_cache' from command line to 'False'
[0.265s] Level 5:colcon.colcon_core.verb:set package 'examples_sum' build argument 'cmake_clean_first' from command line to 'False'
[0.265s] Level 5:colcon.colcon_core.verb:set package 'examples_sum' build argument 'cmake_force_configure' from command line to 'False'
[0.265s] Level 5:colcon.colcon_core.verb:set package 'examples_sum' build argument 'ament_cmake_args' from command line to 'None'
[0.265s] Level 5:colcon.colcon_core.verb:set package 'examples_sum' build argument 'catkin_cmake_args' from command line to 'None'
[0.265s] Level 5:colcon.colcon_core.verb:set package 'examples_sum' build argument 'catkin_skip_building_tests' from command line to 'False'
[0.265s] DEBUG:colcon.colcon_core.verb:Building package 'examples_sum' with the following arguments: {'ament_cmake_args': None, 'build_base': '/home/usuario/Documentos/GitHub/vamoshostia/ros2_ws/build/examples_sum', 'catkin_cmake_args': None, 'catkin_skip_building_tests': False, 'cmake_args': None, 'cmake_clean_cache': False, 'cmake_clean_first': False, 'cmake_force_configure': False, 'cmake_target': None, 'cmake_target_skip_unavailable': False, 'install_base': '/home/usuario/Documentos/GitHub/vamoshostia/ros2_ws/install/examples_sum', 'merge_install': False, 'path': '/home/usuario/Documentos/GitHub/vamoshostia/ros2_ws/src/sum', 'symlink_install': False, 'test_result_base': None}
[0.266s] Level 5:colcon.colcon_core.verb:set package 'examples_topics' build argument 'cmake_args' from command line to 'None'
[0.266s] Level 5:colcon.colcon_core.verb:set package 'examples_topics' build argument 'cmake_target' from command line to 'None'
[0.266s] Level 5:colcon.colcon_core.verb:set package 'examples_topics' build argument 'cmake_target_skip_unavailable' from command line to 'False'
[0.266s] Level 5:colcon.colcon_core.verb:set package 'examples_topics' build argument 'cmake_clean_cache' from command line to 'False'
[0.266s] Level 5:colcon.colcon_core.verb:set package 'examples_topics' build argument 'cmake_clean_first' from command line to 'False'
[0.266s] Level 5:colcon.colcon_core.verb:set package 'examples_topics' build argument 'cmake_force_configure' from command line to 'False'
[0.266s] Level 5:colcon.colcon_core.verb:set package 'examples_topics' build argument 'ament_cmake_args' from command line to 'None'
[0.266s] Level 5:colcon.colcon_core.verb:set package 'examples_topics' build argument 'catkin_cmake_args' from command line to 'None'
[0.266s] Level 5:colcon.colcon_core.verb:set package 'examples_topics' build argument 'catkin_skip_building_tests' from command line to 'False'
[0.266s] DEBUG:colcon.colcon_core.verb:Building package 'examples_topics' with the following arguments: {'ament_cmake_args': None, 'build_base': '/home/usuario/Documentos/GitHub/vamoshostia/ros2_ws/build/examples_topics', 'catkin_cmake_args': None, 'catkin_skip_building_tests': False, 'cmake_args': None, 'cmake_clean_cache': False, 'cmake_clean_first': False, 'cmake_force_configure': False, 'cmake_target': None, 'cmake_target_skip_unavailable': False, 'install_base': '/home/usuario/Documentos/GitHub/vamoshostia/ros2_ws/install/examples_topics', 'merge_install': False, 'path': '/home/usuario/Documentos/GitHub/vamoshostia/ros2_ws/src/examples/topics', 'symlink_install': False, 'test_result_base': None}
[0.267s] INFO:colcon.colcon_core.executor:Executing jobs using 'parallel' executor
[0.272s] DEBUG:colcon.colcon_parallel_executor.executor.parallel:run_until_complete
[0.272s] INFO:colcon.colcon_ros.task.ament_cmake.build:Building ROS package in '/home/usuario/Documentos/GitHub/vamoshostia/ros2_ws/src/sum' with build type 'ament_cmake'
[0.272s] INFO:colcon.colcon_cmake.task.cmake.build:Building CMake package in '/home/usuario/Documentos/GitHub/vamoshostia/ros2_ws/src/sum'
[0.277s] INFO:colcon.colcon_core.plugin_system:Skipping extension 'colcon_core.shell.bat': Not used on non-Windows systems
[0.277s] INFO:colcon.colcon_core.shell:Skip shell extension 'powershell' for command environment: Not usable outside of PowerShell
[0.277s] DEBUG:colcon.colcon_core.shell:Skip shell extension 'dsv' for command environment
[0.287s] INFO:colcon.colcon_ros.task.ament_cmake.build:Building ROS package in '/home/usuario/Documentos/GitHub/vamoshostia/ros2_ws/src/examples/topics' with build type 'ament_cmake'
[0.288s] INFO:colcon.colcon_cmake.task.cmake.build:Building CMake package in '/home/usuario/Documentos/GitHub/vamoshostia/ros2_ws/src/examples/topics'
[0.290s] INFO:colcon.colcon_core.shell:Skip shell extension 'powershell' for command environment: Not usable outside of PowerShell
[0.291s] DEBUG:colcon.colcon_core.shell:Skip shell extension 'dsv' for command environment
[0.304s] DEBUG:colcon.colcon_core.event_handler.log_command:Invoking command in '/home/usuario/Documentos/GitHub/vamoshostia/ros2_ws/build/examples_sum': CMAKE_PREFIX_PATH=${CMAKE_PREFIX_PATH}:/opt/ros/foxy /usr/bin/cmake --build /home/usuario/Documentos/GitHub/vamoshostia/ros2_ws/build/examples_sum -- -j6 -l6
[0.309s] DEBUG:colcon.colcon_core.event_handler.log_command:Invoking command in '/home/usuario/Documentos/GitHub/vamoshostia/ros2_ws/build/examples_topics': CMAKE_PREFIX_PATH=${CMAKE_PREFIX_PATH}:/opt/ros/foxy /usr/bin/cmake --build /home/usuario/Documentos/GitHub/vamoshostia/ros2_ws/build/examples_topics -- -j6 -l6
[0.360s] DEBUG:colcon.colcon_core.event_handler.log_command:Invoked command in '/home/usuario/Documentos/GitHub/vamoshostia/ros2_ws/build/examples_topics' returned '0': CMAKE_PREFIX_PATH=${CMAKE_PREFIX_PATH}:/opt/ros/foxy /usr/bin/cmake --build /home/usuario/Documentos/GitHub/vamoshostia/ros2_ws/build/examples_topics -- -j6 -l6
[0.388s] DEBUG:colcon.colcon_core.event_handler.log_command:Invoking command in '/home/usuario/Documentos/GitHub/vamoshostia/ros2_ws/build/examples_topics': CMAKE_PREFIX_PATH=${CMAKE_PREFIX_PATH}:/opt/ros/foxy /usr/bin/cmake --install /home/usuario/Documentos/GitHub/vamoshostia/ros2_ws/build/examples_topics
[0.412s] Level 1:colcon.colcon_core.environment:create_environment_scripts_only(examples_topics)
[0.413s] DEBUG:colcon.colcon_core.event_handler.log_command:Invoked command in '/home/usuario/Documentos/GitHub/vamoshostia/ros2_ws/build/examples_topics' returned '0': CMAKE_PREFIX_PATH=${CMAKE_PREFIX_PATH}:/opt/ros/foxy /usr/bin/cmake --install /home/usuario/Documentos/GitHub/vamoshostia/ros2_ws/build/examples_topics
[0.418s] Level 1:colcon.colcon_core.environment:checking '/home/usuario/Documentos/GitHub/vamoshostia/ros2_ws/install/examples_topics' for CMake module files
[0.419s] Level 1:colcon.colcon_core.environment:checking '/home/usuario/Documentos/GitHub/vamoshostia/ros2_ws/install/examples_topics' for CMake config files
[0.419s] Level 1:colcon.colcon_core.shell:create_environment_hook('examples_topics', 'cmake_prefix_path')
[0.421s] INFO:colcon.colcon_core.shell:Creating environment hook '/home/usuario/Documentos/GitHub/vamoshostia/ros2_ws/install/examples_topics/share/examples_topics/hook/cmake_prefix_path.ps1'
[0.422s] INFO:colcon.colcon_core.shell:Creating environment descriptor '/home/usuario/Documentos/GitHub/vamoshostia/ros2_ws/install/examples_topics/share/examples_topics/hook/cmake_prefix_path.dsv'
[0.422s] INFO:colcon.colcon_core.shell:Creating environment hook '/home/usuario/Documentos/GitHub/vamoshostia/ros2_ws/install/examples_topics/share/examples_topics/hook/cmake_prefix_path.sh'
[0.423s] Level 1:colcon.colcon_core.environment:checking '/home/usuario/Documentos/GitHub/vamoshostia/ros2_ws/install/examples_topics/lib'
[0.423s] Level 1:colcon.colcon_core.environment:checking '/home/usuario/Documentos/GitHub/vamoshostia/ros2_ws/install/examples_topics/bin'
[0.424s] Level 1:colcon.colcon_core.environment:checking '/home/usuario/Documentos/GitHub/vamoshostia/ros2_ws/install/examples_topics/lib/pkgconfig/examples_topics.pc'
[0.424s] Level 1:colcon.colcon_core.environment:checking '/home/usuario/Documentos/GitHub/vamoshostia/ros2_ws/install/examples_topics/lib/python3.8/site-packages'
[0.424s] Level 1:colcon.colcon_core.environment:checking '/home/usuario/Documentos/GitHub/vamoshostia/ros2_ws/install/examples_topics/bin'
[0.426s] INFO:colcon.colcon_core.shell:Creating package script '/home/usuario/Documentos/GitHub/vamoshostia/ros2_ws/install/examples_topics/share/examples_topics/package.ps1'
[0.427s] INFO:colcon.colcon_core.shell:Creating package descriptor '/home/usuario/Documentos/GitHub/vamoshostia/ros2_ws/install/examples_topics/share/examples_topics/package.dsv'
[0.428s] INFO:colcon.colcon_core.shell:Creating package script '/home/usuario/Documentos/GitHub/vamoshostia/ros2_ws/install/examples_topics/share/examples_topics/package.sh'
[0.428s] INFO:colcon.colcon_core.shell:Creating package script '/home/usuario/Documentos/GitHub/vamoshostia/ros2_ws/install/examples_topics/share/examples_topics/package.bash'
[0.429s] INFO:colcon.colcon_core.shell:Creating package script '/home/usuario/Documentos/GitHub/vamoshostia/ros2_ws/install/examples_topics/share/examples_topics/package.zsh'
[0.429s] Level 1:colcon.colcon_core.environment:create_file_with_runtime_dependencies(/home/usuario/Documentos/GitHub/vamoshostia/ros2_ws/install/examples_topics/share/colcon-core/packages/examples_topics)
[0.451s] Level 1:colcon.colcon_core.environment:create_environment_scripts_only(examples_topics)
[0.454s] Level 1:colcon.colcon_core.environment:checking '/home/usuario/Documentos/GitHub/vamoshostia/ros2_ws/install/examples_topics' for CMake module files
[0.455s] Level 1:colcon.colcon_core.environment:checking '/home/usuario/Documentos/GitHub/vamoshostia/ros2_ws/install/examples_topics' for CMake config files
[0.455s] Level 1:colcon.colcon_core.shell:create_environment_hook('examples_topics', 'cmake_prefix_path')
[0.457s] INFO:colcon.colcon_core.shell:Creating environment hook '/home/usuario/Documentos/GitHub/vamoshostia/ros2_ws/install/examples_topics/share/examples_topics/hook/cmake_prefix_path.ps1'
[0.457s] INFO:colcon.colcon_core.shell:Creating environment descriptor '/home/usuario/Documentos/GitHub/vamoshostia/ros2_ws/install/examples_topics/share/examples_topics/hook/cmake_prefix_path.dsv'
[0.458s] INFO:colcon.colcon_core.shell:Creating environment hook '/home/usuario/Documentos/GitHub/vamoshostia/ros2_ws/install/examples_topics/share/examples_topics/hook/cmake_prefix_path.sh'
[0.458s] Level 1:colcon.colcon_core.environment:checking '/home/usuario/Documentos/GitHub/vamoshostia/ros2_ws/install/examples_topics/lib'
[0.459s] Level 1:colcon.colcon_core.environment:checking '/home/usuario/Documentos/GitHub/vamoshostia/ros2_ws/install/examples_topics/bin'
[0.459s] Level 1:colcon.colcon_core.environment:checking '/home/usuario/Documentos/GitHub/vamoshostia/ros2_ws/install/examples_topics/lib/pkgconfig/examples_topics.pc'
[0.459s] Level 1:colcon.colcon_core.environment:checking '/home/usuario/Documentos/GitHub/vamoshostia/ros2_ws/install/examples_topics/lib/python3.8/site-packages'
[0.459s] Level 1:colcon.colcon_core.environment:checking '/home/usuario/Documentos/GitHub/vamoshostia/ros2_ws/install/examples_topics/bin'
[0.461s] INFO:colcon.colcon_core.shell:Creating package script '/home/usuario/Documentos/GitHub/vamoshostia/ros2_ws/install/examples_topics/share/examples_topics/package.ps1'
[0.462s] INFO:colcon.colcon_core.shell:Creating package descriptor '/home/usuario/Documentos/GitHub/vamoshostia/ros2_ws/install/examples_topics/share/examples_topics/package.dsv'
[0.463s] INFO:colcon.colcon_core.shell:Creating package script '/home/usuario/Documentos/GitHub/vamoshostia/ros2_ws/install/examples_topics/share/examples_topics/package.sh'
[0.464s] INFO:colcon.colcon_core.shell:Creating package script '/home/usuario/Documentos/GitHub/vamoshostia/ros2_ws/install/examples_topics/share/examples_topics/package.bash'
[0.464s] INFO:colcon.colcon_core.shell:Creating package script '/home/usuario/Documentos/GitHub/vamoshostia/ros2_ws/install/examples_topics/share/examples_topics/package.zsh'
[0.465s] Level 1:colcon.colcon_core.environment:create_file_with_runtime_dependencies(/home/usuario/Documentos/GitHub/vamoshostia/ros2_ws/install/examples_topics/share/colcon-core/packages/examples_topics)
[4.546s] DEBUG:colcon.colcon_core.event_handler.log_command:Invoked command in '/home/usuario/Documentos/GitHub/vamoshostia/ros2_ws/build/examples_sum' returned '0': CMAKE_PREFIX_PATH=${CMAKE_PREFIX_PATH}:/opt/ros/foxy /usr/bin/cmake --build /home/usuario/Documentos/GitHub/vamoshostia/ros2_ws/build/examples_sum -- -j6 -l6
[4.573s] DEBUG:colcon.colcon_core.event_handler.log_command:Invoking command in '/home/usuario/Documentos/GitHub/vamoshostia/ros2_ws/build/examples_sum': CMAKE_PREFIX_PATH=${CMAKE_PREFIX_PATH}:/opt/ros/foxy /usr/bin/cmake --install /home/usuario/Documentos/GitHub/vamoshostia/ros2_ws/build/examples_sum
[4.610s] Level 1:colcon.colcon_core.environment:create_environment_scripts_only(examples_sum)
[4.617s] Level 1:colcon.colcon_core.environment:checking '/home/usuario/Documentos/GitHub/vamoshostia/ros2_ws/install/examples_sum' for CMake module files
[4.618s] DEBUG:colcon.colcon_core.event_handler.log_command:Invoked command in '/home/usuario/Documentos/GitHub/vamoshostia/ros2_ws/build/examples_sum' returned '0': CMAKE_PREFIX_PATH=${CMAKE_PREFIX_PATH}:/opt/ros/foxy /usr/bin/cmake --install /home/usuario/Documentos/GitHub/vamoshostia/ros2_ws/build/examples_sum
[4.619s] Level 1:colcon.colcon_core.environment:checking '/home/usuario/Documentos/GitHub/vamoshostia/ros2_ws/install/examples_sum' for CMake config files
[4.619s] Level 1:colcon.colcon_core.shell:create_environment_hook('examples_sum', 'cmake_prefix_path')
[4.621s] INFO:colcon.colcon_core.shell:Creating environment hook '/home/usuario/Documentos/GitHub/vamoshostia/ros2_ws/install/examples_sum/share/examples_sum/hook/cmake_prefix_path.ps1'
[4.622s] INFO:colcon.colcon_core.shell:Creating environment descriptor '/home/usuario/Documentos/GitHub/vamoshostia/ros2_ws/install/examples_sum/share/examples_sum/hook/cmake_prefix_path.dsv'
[4.622s] INFO:colcon.colcon_core.shell:Creating environment hook '/home/usuario/Documentos/GitHub/vamoshostia/ros2_ws/install/examples_sum/share/examples_sum/hook/cmake_prefix_path.sh'
[4.623s] Level 1:colcon.colcon_core.environment:checking '/home/usuario/Documentos/GitHub/vamoshostia/ros2_ws/install/examples_sum/lib'
[4.623s] Level 1:colcon.colcon_core.environment:checking '/home/usuario/Documentos/GitHub/vamoshostia/ros2_ws/install/examples_sum/bin'
[4.623s] Level 1:colcon.colcon_core.environment:checking '/home/usuario/Documentos/GitHub/vamoshostia/ros2_ws/install/examples_sum/lib/pkgconfig/examples_sum.pc'
[4.623s] Level 1:colcon.colcon_core.environment:checking '/home/usuario/Documentos/GitHub/vamoshostia/ros2_ws/install/examples_sum/lib/python3.8/site-packages'
[4.624s] Level 1:colcon.colcon_core.environment:checking '/home/usuario/Documentos/GitHub/vamoshostia/ros2_ws/install/examples_sum/bin'
[4.626s] INFO:colcon.colcon_core.shell:Creating package script '/home/usuario/Documentos/GitHub/vamoshostia/ros2_ws/install/examples_sum/share/examples_sum/package.ps1'
[4.627s] INFO:colcon.colcon_core.shell:Creating package descriptor '/home/usuario/Documentos/GitHub/vamoshostia/ros2_ws/install/examples_sum/share/examples_sum/package.dsv'
[4.627s] INFO:colcon.colcon_core.shell:Creating package script '/home/usuario/Documentos/GitHub/vamoshostia/ros2_ws/install/examples_sum/share/examples_sum/package.sh'
[4.628s] INFO:colcon.colcon_core.shell:Creating package script '/home/usuario/Documentos/GitHub/vamoshostia/ros2_ws/install/examples_sum/share/examples_sum/package.bash'
[4.628s] INFO:colcon.colcon_core.shell:Creating package script '/home/usuario/Documentos/GitHub/vamoshostia/ros2_ws/install/examples_sum/share/examples_sum/package.zsh'
[4.629s] Level 1:colcon.colcon_core.environment:create_file_with_runtime_dependencies(/home/usuario/Documentos/GitHub/vamoshostia/ros2_ws/install/examples_sum/share/colcon-core/packages/examples_sum)
[4.652s] Level 1:colcon.colcon_core.environment:create_environment_scripts_only(examples_sum)
[4.656s] Level 1:colcon.colcon_core.environment:checking '/home/usuario/Documentos/GitHub/vamoshostia/ros2_ws/install/examples_sum' for CMake module files
[4.657s] Level 1:colcon.colcon_core.environment:checking '/home/usuario/Documentos/GitHub/vamoshostia/ros2_ws/install/examples_sum' for CMake config files
[4.657s] Level 1:colcon.colcon_core.shell:create_environment_hook('examples_sum', 'cmake_prefix_path')
[4.660s] INFO:colcon.colcon_core.shell:Creating environment hook '/home/usuario/Documentos/GitHub/vamoshostia/ros2_ws/install/examples_sum/share/examples_sum/hook/cmake_prefix_path.ps1'
[4.661s] INFO:colcon.colcon_core.shell:Creating environment descriptor '/home/usuario/Documentos/GitHub/vamoshostia/ros2_ws/install/examples_sum/share/examples_sum/hook/cmake_prefix_path.dsv'
[4.662s] INFO:colcon.colcon_core.shell:Creating environment hook '/home/usuario/Documentos/GitHub/vamoshostia/ros2_ws/install/examples_sum/share/examples_sum/hook/cmake_prefix_path.sh'
[4.662s] Level 1:colcon.colcon_core.environment:checking '/home/usuario/Documentos/GitHub/vamoshostia/ros2_ws/install/examples_sum/lib'
[4.662s] Level 1:colcon.colcon_core.environment:checking '/home/usuario/Documentos/GitHub/vamoshostia/ros2_ws/install/examples_sum/bin'
[4.663s] Level 1:colcon.colcon_core.environment:checking '/home/usuario/Documentos/GitHub/vamoshostia/ros2_ws/install/examples_sum/lib/pkgconfig/examples_sum.pc'
[4.663s] Level 1:colcon.colcon_core.environment:checking '/home/usuario/Documentos/GitHub/vamoshostia/ros2_ws/install/examples_sum/lib/python3.8/site-packages'
[4.663s] Level 1:colcon.colcon_core.environment:checking '/home/usuario/Documentos/GitHub/vamoshostia/ros2_ws/install/examples_sum/bin'
[4.665s] INFO:colcon.colcon_core.shell:Creating package script '/home/usuario/Documentos/GitHub/vamoshostia/ros2_ws/install/examples_sum/share/examples_sum/package.ps1'
[4.666s] INFO:colcon.colcon_core.shell:Creating package descriptor '/home/usuario/Documentos/GitHub/vamoshostia/ros2_ws/install/examples_sum/share/examples_sum/package.dsv'
[4.666s] INFO:colcon.colcon_core.shell:Creating package script '/home/usuario/Documentos/GitHub/vamoshostia/ros2_ws/install/examples_sum/share/examples_sum/package.sh'
[4.667s] INFO:colcon.colcon_core.shell:Creating package script '/home/usuario/Documentos/GitHub/vamoshostia/ros2_ws/install/examples_sum/share/examples_sum/package.bash'
[4.667s] INFO:colcon.colcon_core.shell:Creating package script '/home/usuario/Documentos/GitHub/vamoshostia/ros2_ws/install/examples_sum/share/examples_sum/package.zsh'
[4.668s] Level 1:colcon.colcon_core.environment:create_file_with_runtime_dependencies(/home/usuario/Documentos/GitHub/vamoshostia/ros2_ws/install/examples_sum/share/colcon-core/packages/examples_sum)
[4.668s] DEBUG:colcon.colcon_parallel_executor.executor.parallel:closing loop
[4.669s] DEBUG:colcon.colcon_parallel_executor.executor.parallel:loop closed
[4.669s] DEBUG:colcon.colcon_parallel_executor.executor.parallel:run_until_complete finished with '0'
[4.669s] DEBUG:colcon.colcon_core.event_reactor:joining thread
[4.675s] INFO:colcon.colcon_core.plugin_system:Skipping extension 'colcon_notification.desktop_notification.terminal_notifier': Not used on non-Darwin systems
[4.675s] INFO:colcon.colcon_core.plugin_system:Skipping extension 'colcon_notification.desktop_notification.win32': Not used on non-Windows systems
[4.675s] INFO:colcon.colcon_notification.desktop_notification:Sending desktop notification using 'notify2'
[4.693s] DEBUG:colcon.colcon_core.event_reactor:joined thread
[4.695s] INFO:colcon.colcon_core.shell:Creating prefix script '/home/usuario/Documentos/GitHub/vamoshostia/ros2_ws/install/local_setup.ps1'
[4.697s] INFO:colcon.colcon_core.shell:Creating prefix util module '/home/usuario/Documentos/GitHub/vamoshostia/ros2_ws/install/_local_setup_util_ps1.py'
[4.698s] INFO:colcon.colcon_core.shell:Creating prefix chain script '/home/usuario/Documentos/GitHub/vamoshostia/ros2_ws/install/setup.ps1'
[4.700s] INFO:colcon.colcon_core.shell:Creating prefix script '/home/usuario/Documentos/GitHub/vamoshostia/ros2_ws/install/local_setup.sh'
[4.701s] INFO:colcon.colcon_core.shell:Creating prefix util module '/home/usuario/Documentos/GitHub/vamoshostia/ros2_ws/install/_local_setup_util_sh.py'
[4.701s] INFO:colcon.colcon_core.shell:Creating prefix chain script '/home/usuario/Documentos/GitHub/vamoshostia/ros2_ws/install/setup.sh'
[4.703s] INFO:colcon.colcon_core.shell:Creating prefix script '/home/usuario/Documentos/GitHub/vamoshostia/ros2_ws/install/local_setup.bash'
[4.703s] INFO:colcon.colcon_core.shell:Creating prefix chain script '/home/usuario/Documentos/GitHub/vamoshostia/ros2_ws/install/setup.bash'
[4.705s] INFO:colcon.colcon_core.shell:Creating prefix script '/home/usuario/Documentos/GitHub/vamoshostia/ros2_ws/install/local_setup.zsh'
[4.706s] INFO:colcon.colcon_core.shell:Creating prefix chain script '/home/usuario/Documentos/GitHub/vamoshostia/ros2_ws/install/setup.zsh'
