[0.031s] Invoking command in '/home/usuario/Documentos/GitHub/vamoshostia/ros2_ws/src/build/cpp_srvcli': CMAKE_PREFIX_PATH=/opt/ros/foxy /usr/bin/cmake --build /home/usuario/Documentos/GitHub/vamoshostia/ros2_ws/src/build/cpp_srvcli -- -j6 -l6
[0.059s] Invoked command in '/home/usuario/Documentos/GitHub/vamoshostia/ros2_ws/src/build/cpp_srvcli' returned '0': CMAKE_PREFIX_PATH=/opt/ros/foxy /usr/bin/cmake --build /home/usuario/Documentos/GitHub/vamoshostia/ros2_ws/src/build/cpp_srvcli -- -j6 -l6
[0.084s] Invoking command in '/home/usuario/Documentos/GitHub/vamoshostia/ros2_ws/src/build/cpp_srvcli': CMAKE_PREFIX_PATH=/opt/ros/foxy /usr/bin/cmake --install /home/usuario/Documentos/GitHub/vamoshostia/ros2_ws/src/build/cpp_srvcli
[0.090s] -- Install configuration: ""
[0.091s] -- Up-to-date: /home/usuario/Documentos/GitHub/vamoshostia/ros2_ws/src/install/cpp_srvcli/share/ament_index/resource_index/package_run_dependencies/cpp_srvcli
[0.092s] -- Up-to-date: /home/usuario/Documentos/GitHub/vamoshostia/ros2_ws/src/install/cpp_srvcli/share/ament_index/resource_index/parent_prefix_path/cpp_srvcli
[0.092s] -- Up-to-date: /home/usuario/Documentos/GitHub/vamoshostia/ros2_ws/src/install/cpp_srvcli/share/cpp_srvcli/environment/ament_prefix_path.sh
[0.093s] -- Up-to-date: /home/usuario/Documentos/GitHub/vamoshostia/ros2_ws/src/install/cpp_srvcli/share/cpp_srvcli/environment/ament_prefix_path.dsv
[0.093s] -- Up-to-date: /home/usuario/Documentos/GitHub/vamoshostia/ros2_ws/src/install/cpp_srvcli/share/cpp_srvcli/environment/path.sh
[0.094s] -- Up-to-date: /home/usuario/Documentos/GitHub/vamoshostia/ros2_ws/src/install/cpp_srvcli/share/cpp_srvcli/environment/path.dsv
[0.094s] -- Up-to-date: /home/usuario/Documentos/GitHub/vamoshostia/ros2_ws/src/install/cpp_srvcli/share/cpp_srvcli/local_setup.bash
[0.094s] -- Up-to-date: /home/usuario/Documentos/GitHub/vamoshostia/ros2_ws/src/install/cpp_srvcli/share/cpp_srvcli/local_setup.sh
[0.094s] -- Up-to-date: /home/usuario/Documentos/GitHub/vamoshostia/ros2_ws/src/install/cpp_srvcli/share/cpp_srvcli/local_setup.zsh
[0.095s] -- Up-to-date: /home/usuario/Documentos/GitHub/vamoshostia/ros2_ws/src/install/cpp_srvcli/share/cpp_srvcli/local_setup.dsv
[0.095s] -- Up-to-date: /home/usuario/Documentos/GitHub/vamoshostia/ros2_ws/src/install/cpp_srvcli/share/cpp_srvcli/package.dsv
[0.095s] -- Up-to-date: /home/usuario/Documentos/GitHub/vamoshostia/ros2_ws/src/install/cpp_srvcli/share/ament_index/resource_index/packages/cpp_srvcli
[0.095s] -- Up-to-date: /home/usuario/Documentos/GitHub/vamoshostia/ros2_ws/src/install/cpp_srvcli/share/cpp_srvcli/cmake/cpp_srvcliConfig.cmake
[0.095s] -- Up-to-date: /home/usuario/Documentos/GitHub/vamoshostia/ros2_ws/src/install/cpp_srvcli/share/cpp_srvcli/cmake/cpp_srvcliConfig-version.cmake
[0.096s] -- Up-to-date: /home/usuario/Documentos/GitHub/vamoshostia/ros2_ws/src/install/cpp_srvcli/share/cpp_srvcli/package.xml
[0.096s] Invoked command in '/home/usuario/Documentos/GitHub/vamoshostia/ros2_ws/src/build/cpp_srvcli' returned '0': CMAKE_PREFIX_PATH=/opt/ros/foxy /usr/bin/cmake --install /home/usuario/Documentos/GitHub/vamoshostia/ros2_ws/src/build/cpp_srvcli
