[0.044s] Invoking command in '/home/usuario/Documentos/GitHub/vamoshostia/tb3_ws/src/tb3_ws/build/obstacles': CMAKE_PREFIX_PATH=${CMAKE_PREFIX_PATH}:/opt/ros/foxy /usr/bin/cmake --build /home/usuario/Documentos/GitHub/vamoshostia/tb3_ws/src/tb3_ws/build/obstacles -- -j6 -l6
[0.066s] -- Found ament_cmake: 0.9.11 (/opt/ros/foxy/share/ament_cmake/cmake)
[0.084s] -- Using PYTHON_EXECUTABLE: /usr/bin/python3
[0.235s] -- Found rclcpp: 2.4.2 (/opt/ros/foxy/share/rclcpp/cmake)
[0.260s] -- Using all available rosidl_typesupport_c: rosidl_typesupport_fastrtps_c;rosidl_typesupport_introspection_c
[0.262s] -- Found rosidl_adapter: 1.3.0 (/opt/ros/foxy/share/rosidl_adapter/cmake)
[0.356s] -- Using all available rosidl_typesupport_cpp: rosidl_typesupport_fastrtps_cpp;rosidl_typesupport_introspection_cpp
[0.391s] -- Found rmw_implementation_cmake: 1.0.3 (/opt/ros/foxy/share/rmw_implementation_cmake/cmake)
[0.392s] -- Using RMW implementation 'rmw_fastrtps_cpp' as default
[0.493s] -- Found sensor_msgs: 2.0.5 (/opt/ros/foxy/share/sensor_msgs/cmake)
[0.582s] CMake Error at CMakeLists.txt:22 (find_package):
[0.582s]   By not providing "Findexample_interfaces.cmake" in CMAKE_MODULE_PATH this
[0.582s]   project has asked CMake to find a package configuration file provided by
[0.582s]   "example_interfaces", but CMake did not find one.
[0.582s] 
[0.582s]   Could not find a package configuration file provided by
[0.582s]   "example_interfaces" with any of the following names:
[0.583s] 
[0.583s]     example_interfacesConfig.cmake
[0.583s]     example_interfaces-config.cmake
[0.583s] 
[0.583s]   Add the installation prefix of "example_interfaces" to CMAKE_PREFIX_PATH or
[0.583s]   set "example_interfaces_DIR" to a directory containing one of the above
[0.583s]   files.  If "example_interfaces" provides a separate development package or
[0.584s]   SDK, be sure it has been installed.
[0.584s] 
[0.584s] 
[0.584s] -- Configuring incomplete, errors occurred!
[0.584s] See also "/home/usuario/Documentos/GitHub/vamoshostia/tb3_ws/src/tb3_ws/build/obstacles/CMakeFiles/CMakeOutput.log".
[0.585s] See also "/home/usuario/Documentos/GitHub/vamoshostia/tb3_ws/src/tb3_ws/build/obstacles/CMakeFiles/CMakeError.log".
[0.590s] make: *** [Makefile:310: cmake_check_build_system] Error 1
[0.592s] Invoked command in '/home/usuario/Documentos/GitHub/vamoshostia/tb3_ws/src/tb3_ws/build/obstacles' returned '2': CMAKE_PREFIX_PATH=${CMAKE_PREFIX_PATH}:/opt/ros/foxy /usr/bin/cmake --build /home/usuario/Documentos/GitHub/vamoshostia/tb3_ws/src/tb3_ws/build/obstacles -- -j6 -l6
