[0.065s] Invoking command in '/home/usuario/Documentos/GitHub/vamoshostia/ros2_ws/build/action_tutorials_interfaces': CMAKE_PREFIX_PATH=${CMAKE_PREFIX_PATH}:/opt/ros/foxy /usr/bin/cmake /home/usuario/Documentos/GitHub/vamoshostia/ros2_ws/src/action_tutorials_interfaces -DCMAKE_INSTALL_PREFIX=/home/usuario/Documentos/GitHub/vamoshostia/ros2_ws/install/action_tutorials_interfaces
[0.105s] -- The C compiler identification is GNU 9.4.0
[0.145s] -- The CXX compiler identification is GNU 9.4.0
[0.148s] -- Check for working C compiler: /usr/bin/cc
[0.203s] -- Check for working C compiler: /usr/bin/cc -- works
[0.204s] -- Detecting C compiler ABI info
[0.259s] -- Detecting C compiler ABI info - done
[0.267s] -- Detecting C compile features
[0.268s] -- Detecting C compile features - done
[0.270s] -- Check for working CXX compiler: /usr/bin/c++
[0.331s] -- Check for working CXX compiler: /usr/bin/c++ -- works
[0.332s] -- Detecting CXX compiler ABI info
[0.398s] -- Detecting CXX compiler ABI info - done
[0.407s] -- Detecting CXX compile features
[0.407s] -- Detecting CXX compile features - done
[0.410s] -- Found ament_cmake: 0.9.11 (/opt/ros/foxy/share/ament_cmake/cmake)
[0.431s] -- Found PythonInterp: /usr/bin/python3 (found suitable version "3.8.10", minimum required is "3") 
[0.431s] -- Using PYTHON_EXECUTABLE: /usr/bin/python3
[0.594s] -- Found ament_lint_auto: 0.9.7 (/opt/ros/foxy/share/ament_lint_auto/cmake)
[0.653s] -- Found rosidl_default_generators: 1.0.1 (/opt/ros/foxy/share/rosidl_default_generators/cmake)
[0.656s] -- Using all available rosidl_typesupport_c: rosidl_typesupport_fastrtps_c;rosidl_typesupport_introspection_c
[0.661s] -- Found rosidl_adapter: 1.3.0 (/opt/ros/foxy/share/rosidl_adapter/cmake)
[0.743s] -- Found OpenSSL: /usr/lib/x86_64-linux-gnu/libcrypto.so (found version "1.1.1f")  
[0.768s] -- Found FastRTPS: /opt/ros/foxy/include  
[0.831s] -- Using all available rosidl_typesupport_cpp: rosidl_typesupport_fastrtps_cpp;rosidl_typesupport_introspection_cpp
[0.872s] -- Found PythonInterp: /usr/bin/python3 (found version "3.8.10") 
[0.980s] -- Found ament_cmake_ros: 0.9.2 (/opt/ros/foxy/share/ament_cmake_ros/cmake)
[1.092s] -- Using all available rosidl_typesupport_c: rosidl_typesupport_fastrtps_c;rosidl_typesupport_introspection_c
[1.116s] -- Using all available rosidl_typesupport_cpp: rosidl_typesupport_fastrtps_cpp;rosidl_typesupport_introspection_cpp
[1.139s] -- Found PythonInterp: /usr/bin/python3 (found suitable version "3.8.10", minimum required is "3.5") 
[1.140s] -- Found python_cmake_module: 0.8.1 (/opt/ros/foxy/share/python_cmake_module/cmake)
[1.165s] -- Found PythonLibs: /usr/lib/x86_64-linux-gnu/libpython3.8.so (found suitable version "3.8.10", minimum required is "3.5") 
[1.165s] -- Using PYTHON_EXECUTABLE: /usr/bin/python3
[1.165s] -- Using PYTHON_INCLUDE_DIRS: /usr/include/python3.8
[1.165s] -- Using PYTHON_LIBRARIES: /usr/lib/x86_64-linux-gnu/libpython3.8.so
[1.186s] -- Found PythonExtra: .so  
[1.235s] -- Added test 'copyright' to check source files copyright and LICENSE
[1.249s] -- Added test 'cppcheck' to perform static code analysis on C / C++ code
[1.250s] -- Configured cppcheck include dirs: 
[1.250s] -- Configured cppcheck exclude dirs and/or files: 
[1.264s] -- Added test 'cpplint' to check C / C++ code against the Google style
[1.264s] -- Configured cpplint exclude dirs and/or files: 
[1.267s] -- Added test 'flake8' to check Python code syntax and style conventions
[1.271s] -- Added test 'lint_cmake' to check CMake code style
[1.273s] -- Added test 'pep257' to check Python code against some of the style conventions in PEP 257
[1.288s] -- Added test 'uncrustify' to check C / C++ code style
[1.288s] -- Configured uncrustify additional arguments: 
[1.290s] -- Added test 'xmllint' to check XML markup files
[1.300s] -- Configuring done
[1.339s] -- Generating done
[1.343s] -- Build files have been written to: /home/usuario/Documentos/GitHub/vamoshostia/ros2_ws/build/action_tutorials_interfaces
