[0.021s] Invoking command in '/home/usuario/Documentos/GitHub/vamoshostia/ros2_ws/src/build/examples_topics': CMAKE_PREFIX_PATH=/opt/ros/foxy /usr/bin/cmake --build /home/usuario/Documentos/GitHub/vamoshostia/ros2_ws/src/build/examples_topics -- -j6 -l6
[0.068s] [ 50%] Built target publisher
[0.068s] [100%] Built target subscriber
[0.093s] Invoked command in '/home/usuario/Documentos/GitHub/vamoshostia/ros2_ws/src/build/examples_topics' returned '0': CMAKE_PREFIX_PATH=/opt/ros/foxy /usr/bin/cmake --build /home/usuario/Documentos/GitHub/vamoshostia/ros2_ws/src/build/examples_topics -- -j6 -l6
[0.134s] Invoking command in '/home/usuario/Documentos/GitHub/vamoshostia/ros2_ws/src/build/examples_topics': CMAKE_PREFIX_PATH=/opt/ros/foxy /usr/bin/cmake --install /home/usuario/Documentos/GitHub/vamoshostia/ros2_ws/src/build/examples_topics
[0.140s] -- Install configuration: ""
[0.151s] -- Up-to-date: /home/usuario/Documentos/GitHub/vamoshostia/ros2_ws/src/install/examples_topics/lib/examples_topics/publisher
[0.153s] -- Up-to-date: /home/usuario/Documentos/GitHub/vamoshostia/ros2_ws/src/install/examples_topics/lib/examples_topics/subscriber
[0.158s] -- Up-to-date: /home/usuario/Documentos/GitHub/vamoshostia/ros2_ws/src/install/examples_topics/share/ament_index/resource_index/package_run_dependencies/examples_topics
[0.158s] -- Up-to-date: /home/usuario/Documentos/GitHub/vamoshostia/ros2_ws/src/install/examples_topics/share/ament_index/resource_index/parent_prefix_path/examples_topics
[0.158s] -- Up-to-date: /home/usuario/Documentos/GitHub/vamoshostia/ros2_ws/src/install/examples_topics/share/examples_topics/environment/ament_prefix_path.sh
[0.158s] -- Up-to-date: /home/usuario/Documentos/GitHub/vamoshostia/ros2_ws/src/install/examples_topics/share/examples_topics/environment/ament_prefix_path.dsv
[0.158s] -- Up-to-date: /home/usuario/Documentos/GitHub/vamoshostia/ros2_ws/src/install/examples_topics/share/examples_topics/environment/path.sh
[0.159s] -- Up-to-date: /home/usuario/Documentos/GitHub/vamoshostia/ros2_ws/src/install/examples_topics/share/examples_topics/environment/path.dsv
[0.159s] -- Up-to-date: /home/usuario/Documentos/GitHub/vamoshostia/ros2_ws/src/install/examples_topics/share/examples_topics/local_setup.bash
[0.159s] -- Up-to-date: /home/usuario/Documentos/GitHub/vamoshostia/ros2_ws/src/install/examples_topics/share/examples_topics/local_setup.sh
[0.159s] -- Up-to-date: /home/usuario/Documentos/GitHub/vamoshostia/ros2_ws/src/install/examples_topics/share/examples_topics/local_setup.zsh
[0.159s] -- Up-to-date: /home/usuario/Documentos/GitHub/vamoshostia/ros2_ws/src/install/examples_topics/share/examples_topics/local_setup.dsv
[0.159s] -- Installing: /home/usuario/Documentos/GitHub/vamoshostia/ros2_ws/src/install/examples_topics/share/examples_topics/package.dsv
[0.159s] -- Up-to-date: /home/usuario/Documentos/GitHub/vamoshostia/ros2_ws/src/install/examples_topics/share/ament_index/resource_index/packages/examples_topics
[0.159s] -- Up-to-date: /home/usuario/Documentos/GitHub/vamoshostia/ros2_ws/src/install/examples_topics/share/examples_topics/cmake/examples_topicsConfig.cmake
[0.160s] -- Up-to-date: /home/usuario/Documentos/GitHub/vamoshostia/ros2_ws/src/install/examples_topics/share/examples_topics/cmake/examples_topicsConfig-version.cmake
[0.160s] -- Up-to-date: /home/usuario/Documentos/GitHub/vamoshostia/ros2_ws/src/install/examples_topics/share/examples_topics/package.xml
[0.164s] Invoked command in '/home/usuario/Documentos/GitHub/vamoshostia/ros2_ws/src/build/examples_topics' returned '0': CMAKE_PREFIX_PATH=/opt/ros/foxy /usr/bin/cmake --install /home/usuario/Documentos/GitHub/vamoshostia/ros2_ws/src/build/examples_topics
