-- Found ament_cmake: 0.9.11 (/opt/ros/foxy/share/ament_cmake/cmake)
-- Using PYTHON_EXECUTABLE: /usr/bin/python3
-- Found rclcpp: 2.4.2 (/opt/ros/foxy/share/rclcpp/cmake)
-- Using all available rosidl_typesupport_c: rosidl_typesupport_fastrtps_c;rosidl_typesupport_introspection_c
-- Found rosidl_adapter: 1.3.0 (/opt/ros/foxy/share/rosidl_adapter/cmake)
-- Using all available rosidl_typesupport_cpp: rosidl_typesupport_fastrtps_cpp;rosidl_typesupport_introspection_cpp
-- Found rmw_implementation_cmake: 1.0.3 (/opt/ros/foxy/share/rmw_implementation_cmake/cmake)
-- Using RMW implementation 'rmw_fastrtps_cpp' as default
-- Configuring done
-- Generating done
-- Build files have been written to: /home/usuario/Documentos/GitHub/vamoshostia/ros2_ws/build/examples_topics
[35m[1mScanning dependencies of target subscriber[0m
[35m[1mScanning dependencies of target publisher[0m
[ 25%] [32mBuilding CXX object CMakeFiles/subscriber.dir/subscriber.cpp.o[0m
[ 50%] [32mBuilding CXX object CMakeFiles/publisher.dir/publisher.cpp.o[0m
[ 75%] [32m[1mLinking CXX executable publisher[0m
[ 75%] Built target publisher
[100%] [32m[1mLinking CXX executable subscriber[0m
[100%] Built target subscriber
-- Install configuration: ""
-- Installing: /home/usuario/Documentos/GitHub/vamoshostia/ros2_ws/install/examples_topics/lib/examples_topics/publisher
-- Set runtime path of "/home/usuario/Documentos/GitHub/vamoshostia/ros2_ws/install/examples_topics/lib/examples_topics/publisher" to ""
-- Installing: /home/usuario/Documentos/GitHub/vamoshostia/ros2_ws/install/examples_topics/lib/examples_topics/subscriber
-- Set runtime path of "/home/usuario/Documentos/GitHub/vamoshostia/ros2_ws/install/examples_topics/lib/examples_topics/subscriber" to ""
-- Up-to-date: /home/usuario/Documentos/GitHub/vamoshostia/ros2_ws/install/examples_topics/share/ament_index/resource_index/package_run_dependencies/examples_topics
-- Installing: /home/usuario/Documentos/GitHub/vamoshostia/ros2_ws/install/examples_topics/share/ament_index/resource_index/parent_prefix_path/examples_topics
-- Installing: /home/usuario/Documentos/GitHub/vamoshostia/ros2_ws/install/examples_topics/share/examples_topics/environment/ament_prefix_path.sh
-- Installing: /home/usuario/Documentos/GitHub/vamoshostia/ros2_ws/install/examples_topics/share/examples_topics/environment/ament_prefix_path.dsv
-- Installing: /home/usuario/Documentos/GitHub/vamoshostia/ros2_ws/install/examples_topics/share/examples_topics/environment/path.sh
-- Installing: /home/usuario/Documentos/GitHub/vamoshostia/ros2_ws/install/examples_topics/share/examples_topics/environment/path.dsv
-- Up-to-date: /home/usuario/Documentos/GitHub/vamoshostia/ros2_ws/install/examples_topics/share/examples_topics/local_setup.bash
-- Up-to-date: /home/usuario/Documentos/GitHub/vamoshostia/ros2_ws/install/examples_topics/share/examples_topics/local_setup.sh
-- Up-to-date: /home/usuario/Documentos/GitHub/vamoshostia/ros2_ws/install/examples_topics/share/examples_topics/local_setup.zsh
-- Installing: /home/usuario/Documentos/GitHub/vamoshostia/ros2_ws/install/examples_topics/share/examples_topics/local_setup.dsv
-- Installing: /home/usuario/Documentos/GitHub/vamoshostia/ros2_ws/install/examples_topics/share/examples_topics/package.dsv
-- Up-to-date: /home/usuario/Documentos/GitHub/vamoshostia/ros2_ws/install/examples_topics/share/ament_index/resource_index/packages/examples_topics
-- Up-to-date: /home/usuario/Documentos/GitHub/vamoshostia/ros2_ws/install/examples_topics/share/examples_topics/cmake/examples_topicsConfig.cmake
-- Up-to-date: /home/usuario/Documentos/GitHub/vamoshostia/ros2_ws/install/examples_topics/share/examples_topics/cmake/examples_topicsConfig-version.cmake
-- Up-to-date: /home/usuario/Documentos/GitHub/vamoshostia/ros2_ws/install/examples_topics/share/examples_topics/package.xml
