[0.020s] Invoking command in '/home/usuario/Documentos/GitHub/vamoshostia/ros2_ws/src/build/examples_sum': CMAKE_PREFIX_PATH=/opt/ros/foxy /usr/bin/cmake /home/usuario/Documentos/GitHub/vamoshostia/ros2_ws/src/sum -DCMAKE_INSTALL_PREFIX=/home/usuario/Documentos/GitHub/vamoshostia/ros2_ws/src/install/examples_sum
[0.165s] -- The C compiler identification is GNU 9.4.0
[0.271s] -- The CXX compiler identification is GNU 9.4.0
[0.276s] -- Check for working C compiler: /usr/bin/cc
[0.332s] -- Check for working C compiler: /usr/bin/cc -- works
[0.333s] -- Detecting C compiler ABI info
[0.391s] -- Detecting C compiler ABI info - done
[0.399s] -- Detecting C compile features
[0.399s] -- Detecting C compile features - done
[0.402s] -- Check for working CXX compiler: /usr/bin/c++
[0.462s] -- Check for working CXX compiler: /usr/bin/c++ -- works
[0.463s] -- Detecting CXX compiler ABI info
[0.523s] -- Detecting CXX compiler ABI info - done
[0.533s] -- Detecting CXX compile features
[0.534s] -- Detecting CXX compile features - done
[0.537s] -- Found ament_cmake: 0.9.11 (/opt/ros/foxy/share/ament_cmake/cmake)
[0.556s] -- Found PythonInterp: /usr/bin/python3 (found suitable version "3.8.10", minimum required is "3") 
[0.556s] -- Using PYTHON_EXECUTABLE: /usr/bin/python3
[0.729s] -- Found rclcpp: 2.4.2 (/opt/ros/foxy/share/rclcpp/cmake)
[0.775s] -- Using all available rosidl_typesupport_c: rosidl_typesupport_fastrtps_c;rosidl_typesupport_introspection_c
[0.781s] -- Found rosidl_adapter: 1.3.0 (/opt/ros/foxy/share/rosidl_adapter/cmake)
[0.842s] -- Found OpenSSL: /usr/lib/x86_64-linux-gnu/libcrypto.so (found version "1.1.1f")  
[0.867s] -- Found FastRTPS: /opt/ros/foxy/include  
[0.935s] -- Using all available rosidl_typesupport_cpp: rosidl_typesupport_fastrtps_cpp;rosidl_typesupport_introspection_cpp
[0.992s] -- Found rmw_implementation_cmake: 1.0.3 (/opt/ros/foxy/share/rmw_implementation_cmake/cmake)
[0.996s] -- Using RMW implementation 'rmw_fastrtps_cpp' as default
[0.997s] -- Looking for pthread.h
[1.059s] -- Looking for pthread.h - found
[1.059s] -- Performing Test CMAKE_HAVE_LIBC_PTHREAD
[1.120s] -- Performing Test CMAKE_HAVE_LIBC_PTHREAD - Failed
[1.120s] -- Looking for pthread_create in pthreads
[1.165s] -- Looking for pthread_create in pthreads - not found
[1.165s] -- Looking for pthread_create in pthread
[1.222s] -- Looking for pthread_create in pthread - found
[1.223s] -- Found Threads: TRUE  
[1.388s] -- Configuring done
[1.395s] -- Generating done
[1.398s] -- Build files have been written to: /home/usuario/Documentos/GitHub/vamoshostia/ros2_ws/src/build/examples_sum
[1.404s] Invoked command in '/home/usuario/Documentos/GitHub/vamoshostia/ros2_ws/src/build/examples_sum' returned '0': CMAKE_PREFIX_PATH=/opt/ros/foxy /usr/bin/cmake /home/usuario/Documentos/GitHub/vamoshostia/ros2_ws/src/sum -DCMAKE_INSTALL_PREFIX=/home/usuario/Documentos/GitHub/vamoshostia/ros2_ws/src/install/examples_sum
[1.406s] Invoking command in '/home/usuario/Documentos/GitHub/vamoshostia/ros2_ws/src/build/examples_sum': CMAKE_PREFIX_PATH=/opt/ros/foxy /usr/bin/cmake --build /home/usuario/Documentos/GitHub/vamoshostia/ros2_ws/src/build/examples_sum -- -j6 -l6
[1.438s] [35m[1mScanning dependencies of target sum[0m
[1.516s] [ 50%] [32mBuilding CXX object CMakeFiles/sum.dir/sum.cpp.o[0m
[5.413s] [100%] [32m[1mLinking CXX executable sum[0m
[5.853s] [100%] Built target sum
[5.862s] Invoked command in '/home/usuario/Documentos/GitHub/vamoshostia/ros2_ws/src/build/examples_sum' returned '0': CMAKE_PREFIX_PATH=/opt/ros/foxy /usr/bin/cmake --build /home/usuario/Documentos/GitHub/vamoshostia/ros2_ws/src/build/examples_sum -- -j6 -l6
[5.878s] Invoking command in '/home/usuario/Documentos/GitHub/vamoshostia/ros2_ws/src/build/examples_sum': CMAKE_PREFIX_PATH=/opt/ros/foxy /usr/bin/cmake --install /home/usuario/Documentos/GitHub/vamoshostia/ros2_ws/src/build/examples_sum
[5.884s] -- Install configuration: ""
[5.884s] -- Installing: /home/usuario/Documentos/GitHub/vamoshostia/ros2_ws/src/install/examples_sum/lib/examples_sum/sum
[5.901s] -- Set runtime path of "/home/usuario/Documentos/GitHub/vamoshostia/ros2_ws/src/install/examples_sum/lib/examples_sum/sum" to ""
[5.901s] -- Installing: /home/usuario/Documentos/GitHub/vamoshostia/ros2_ws/src/install/examples_sum/share/ament_index/resource_index/package_run_dependencies/examples_sum
[5.901s] -- Installing: /home/usuario/Documentos/GitHub/vamoshostia/ros2_ws/src/install/examples_sum/share/ament_index/resource_index/parent_prefix_path/examples_sum
[5.902s] -- Installing: /home/usuario/Documentos/GitHub/vamoshostia/ros2_ws/src/install/examples_sum/share/examples_sum/environment/ament_prefix_path.sh
[5.902s] -- Installing: /home/usuario/Documentos/GitHub/vamoshostia/ros2_ws/src/install/examples_sum/share/examples_sum/environment/ament_prefix_path.dsv
[5.903s] -- Installing: /home/usuario/Documentos/GitHub/vamoshostia/ros2_ws/src/install/examples_sum/share/examples_sum/environment/path.sh
[5.903s] -- Installing: /home/usuario/Documentos/GitHub/vamoshostia/ros2_ws/src/install/examples_sum/share/examples_sum/environment/path.dsv
[5.904s] -- Installing: /home/usuario/Documentos/GitHub/vamoshostia/ros2_ws/src/install/examples_sum/share/examples_sum/local_setup.bash
[5.904s] -- Installing: /home/usuario/Documentos/GitHub/vamoshostia/ros2_ws/src/install/examples_sum/share/examples_sum/local_setup.sh
[5.905s] -- Installing: /home/usuario/Documentos/GitHub/vamoshostia/ros2_ws/src/install/examples_sum/share/examples_sum/local_setup.zsh
[5.905s] -- Installing: /home/usuario/Documentos/GitHub/vamoshostia/ros2_ws/src/install/examples_sum/share/examples_sum/local_setup.dsv
[5.906s] -- Installing: /home/usuario/Documentos/GitHub/vamoshostia/ros2_ws/src/install/examples_sum/share/examples_sum/package.dsv
[5.906s] -- Installing: /home/usuario/Documentos/GitHub/vamoshostia/ros2_ws/src/install/examples_sum/share/ament_index/resource_index/packages/examples_sum
[5.906s] -- Installing: /home/usuario/Documentos/GitHub/vamoshostia/ros2_ws/src/install/examples_sum/share/examples_sum/cmake/examples_sumConfig.cmake
[5.907s] -- Installing: /home/usuario/Documentos/GitHub/vamoshostia/ros2_ws/src/install/examples_sum/share/examples_sum/cmake/examples_sumConfig-version.cmake
[5.907s] -- Installing: /home/usuario/Documentos/GitHub/vamoshostia/ros2_ws/src/install/examples_sum/share/examples_sum/package.xml
[5.913s] Invoked command in '/home/usuario/Documentos/GitHub/vamoshostia/ros2_ws/src/build/examples_sum' returned '0': CMAKE_PREFIX_PATH=/opt/ros/foxy /usr/bin/cmake --install /home/usuario/Documentos/GitHub/vamoshostia/ros2_ws/src/build/examples_sum
