[0.020s] Invoking command in '/home/usuario/Documentos/GitHub/vamoshostia/tb3_ws/src/tb3_ws/build/obstacles': /usr/bin/cmake --build /home/usuario/Documentos/GitHub/vamoshostia/tb3_ws/src/tb3_ws/build/obstacles -- -j6 -l6
[0.038s] -- Found ament_cmake: 0.9.11 (/opt/ros/foxy/share/ament_cmake/cmake)
[0.054s] -- Using PYTHON_EXECUTABLE: /usr/bin/python3
[0.160s] Traceback (most recent call last):
[0.161s]   File "/opt/ros/foxy/share/ament_cmake_core/cmake/package_templates/templates_2_cmake.py", line 21, in <module>
[0.161s]     from ament_package.templates import get_environment_hook_template_path
[0.161s] ModuleNotFoundError: No module named 'ament_package'
[0.176s] CMake Error at /opt/ros/foxy/share/ament_cmake_core/cmake/ament_cmake_package_templates-extras.cmake:41 (message):
[0.176s]   execute_process(/usr/bin/python3
[0.176s]   /opt/ros/foxy/share/ament_cmake_core/cmake/package_templates/templates_2_cmake.py
[0.176s]   /home/usuario/Documentos/GitHub/vamoshostia/tb3_ws/src/tb3_ws/build/obstacles/ament_cmake_package_templates/templates.cmake)
[0.176s]   returned error code 1
[0.177s] Call Stack (most recent call first):
[0.177s]   /opt/ros/foxy/share/ament_cmake_core/cmake/ament_cmake_coreConfig.cmake:41 (include)
[0.177s]   /opt/ros/foxy/share/ament_cmake/cmake/ament_cmake_export_dependencies-extras.cmake:15 (find_package)
[0.177s]   /opt/ros/foxy/share/ament_cmake/cmake/ament_cmakeConfig.cmake:41 (include)
[0.177s]   CMakeLists.txt:19 (find_package)
[0.177s] 
[0.177s] 
[0.177s] -- Configuring incomplete, errors occurred!
[0.177s] See also "/home/usuario/Documentos/GitHub/vamoshostia/tb3_ws/src/tb3_ws/build/obstacles/CMakeFiles/CMakeOutput.log".
[0.178s] See also "/home/usuario/Documentos/GitHub/vamoshostia/tb3_ws/src/tb3_ws/build/obstacles/CMakeFiles/CMakeError.log".
[0.181s] make: *** [Makefile:310: cmake_check_build_system] Error 1
[0.184s] Invoked command in '/home/usuario/Documentos/GitHub/vamoshostia/tb3_ws/src/tb3_ws/build/obstacles' returned '2': /usr/bin/cmake --build /home/usuario/Documentos/GitHub/vamoshostia/tb3_ws/src/tb3_ws/build/obstacles -- -j6 -l6
