[0.144s] DEBUG:colcon:Command line arguments: ['/usr/bin/colcon', 'build']
[0.144s] DEBUG:colcon:Parsed command line arguments: Namespace(allow_overriding=[], ament_cmake_args=None, base_paths=['.'], build_base='build', catkin_cmake_args=None, catkin_skip_building_tests=False, cmake_args=None, cmake_clean_cache=False, cmake_clean_first=False, cmake_force_configure=False, cmake_target=None, cmake_target_skip_unavailable=False, continue_on_error=False, event_handlers=None, executor='parallel', ignore_user_meta=False, install_base='install', log_base=None, log_level=None, main=<bound method BuildVerb.main of <colcon_core.verb.build.BuildVerb object at 0x7f5b53f615b0>>, merge_install=False, metas=['./colcon.meta'], packages_above=None, packages_above_and_dependencies=None, packages_above_depth=None, packages_end=None, packages_ignore=None, packages_ignore_regex=None, packages_select=None, packages_select_build_failed=False, packages_select_by_dep=None, packages_select_regex=None, packages_select_test_failures=False, packages_skip=None, packages_skip_build_finished=False, packages_skip_by_dep=None, packages_skip_regex=None, packages_skip_test_passed=False, packages_skip_up_to=None, packages_start=None, packages_up_to=None, packages_up_to_regex=None, parallel_workers=6, paths=None, symlink_install=False, test_result_base=None, verb_extension=<colcon_core.verb.build.BuildVerb object at 0x7f5b53f615b0>, verb_name='build', verb_parser=<colcon_defaults.argument_parser.defaults.DefaultArgumentsDecorator object at 0x7f5b53f61af0>)
[0.165s] Level 1:colcon.colcon_core.package_discovery:discover_packages(colcon_meta) check parameters
[0.165s] Level 1:colcon.colcon_core.package_discovery:discover_packages(recursive) check parameters
[0.165s] Level 1:colcon.colcon_core.package_discovery:discover_packages(ignore) check parameters
[0.165s] Level 1:colcon.colcon_core.package_discovery:discover_packages(path) check parameters
[0.165s] Level 1:colcon.colcon_core.package_discovery:discover_packages(colcon_meta) discover
[0.165s] Level 1:colcon.colcon_core.package_discovery:discover_packages(recursive) discover
[0.165s] INFO:colcon.colcon_core.package_discovery:Crawling recursively for packages in '/home/usuario/Documentos/GitHub/vamoshostia/tb3_ws/src/tb3_ws/src/obstacles'
[0.165s] Level 1:colcon.colcon_core.package_identification:_identify(.) by extensions ['ignore', 'ignore_ament_install']
[0.165s] Level 1:colcon.colcon_core.package_identification:_identify(.) by extension 'ignore'
[0.165s] Level 1:colcon.colcon_core.package_identification:_identify(.) by extension 'ignore_ament_install'
[0.166s] Level 1:colcon.colcon_core.package_identification:_identify(.) by extensions ['colcon_pkg']
[0.166s] Level 1:colcon.colcon_core.package_identification:_identify(.) by extension 'colcon_pkg'
[0.166s] Level 1:colcon.colcon_core.package_identification:_identify(.) by extensions ['colcon_meta']
[0.166s] Level 1:colcon.colcon_core.package_identification:_identify(.) by extension 'colcon_meta'
[0.166s] Level 1:colcon.colcon_core.package_identification:_identify(.) by extensions ['ros']
[0.166s] Level 1:colcon.colcon_core.package_identification:_identify(.) by extension 'ros'
[0.184s] DEBUG:colcon.colcon_core.package_identification:Package '.' with type 'ros.ament_cmake' and name 'obstacles'
[0.185s] Level 1:colcon.colcon_core.package_discovery:discover_packages(recursive) using defaults
[0.185s] Level 1:colcon.colcon_core.package_discovery:discover_packages(ignore) discover
[0.185s] Level 1:colcon.colcon_core.package_discovery:discover_packages(ignore) using defaults
[0.185s] Level 1:colcon.colcon_core.package_discovery:discover_packages(path) discover
[0.185s] Level 1:colcon.colcon_core.package_discovery:discover_packages(path) using defaults
[0.203s] Level 1:colcon.colcon_core.package_discovery:discover_packages(prefix_path) check parameters
[0.203s] Level 1:colcon.colcon_core.package_discovery:discover_packages(prefix_path) discover
[0.211s] DEBUG:colcon.colcon_installed_package_information.package_discovery:Found 2 installed packages in /home/usuario/Documentos/GitHub/vamoshostia/tb3_ws/src/tb3_ws/install
[0.213s] DEBUG:colcon.colcon_installed_package_information.package_discovery:Found 1 installed packages in /home/usuario/Documentos/GitHub/vamoshostia/tb3_ws/install
[0.215s] DEBUG:colcon.colcon_installed_package_information.package_discovery:Found 3 installed packages in /home/usuario/Documentos/GitHub/vamoshostia/install
[0.218s] DEBUG:colcon.colcon_installed_package_information.package_discovery:Found 1 installed packages in /home/usuario/Documentos/GitHub/vamoshostia/tb3_ws/src/tb3_ws/src/install
[0.220s] DEBUG:colcon.colcon_installed_package_information.package_discovery:Found 271 installed packages in /opt/ros/foxy
[0.221s] Level 1:colcon.colcon_core.package_discovery:discover_packages(prefix_path) using defaults
[0.269s] Level 5:colcon.colcon_core.verb:set package 'obstacles' build argument 'cmake_args' from command line to 'None'
[0.269s] Level 5:colcon.colcon_core.verb:set package 'obstacles' build argument 'cmake_target' from command line to 'None'
[0.269s] Level 5:colcon.colcon_core.verb:set package 'obstacles' build argument 'cmake_target_skip_unavailable' from command line to 'False'
[0.269s] Level 5:colcon.colcon_core.verb:set package 'obstacles' build argument 'cmake_clean_cache' from command line to 'False'
[0.269s] Level 5:colcon.colcon_core.verb:set package 'obstacles' build argument 'cmake_clean_first' from command line to 'False'
[0.269s] Level 5:colcon.colcon_core.verb:set package 'obstacles' build argument 'cmake_force_configure' from command line to 'False'
[0.269s] Level 5:colcon.colcon_core.verb:set package 'obstacles' build argument 'ament_cmake_args' from command line to 'None'
[0.269s] Level 5:colcon.colcon_core.verb:set package 'obstacles' build argument 'catkin_cmake_args' from command line to 'None'
[0.269s] Level 5:colcon.colcon_core.verb:set package 'obstacles' build argument 'catkin_skip_building_tests' from command line to 'False'
[0.269s] DEBUG:colcon.colcon_core.verb:Building package 'obstacles' with the following arguments: {'ament_cmake_args': None, 'build_base': '/home/usuario/Documentos/GitHub/vamoshostia/tb3_ws/src/tb3_ws/src/obstacles/build/obstacles', 'catkin_cmake_args': None, 'catkin_skip_building_tests': False, 'cmake_args': None, 'cmake_clean_cache': False, 'cmake_clean_first': False, 'cmake_force_configure': False, 'cmake_target': None, 'cmake_target_skip_unavailable': False, 'install_base': '/home/usuario/Documentos/GitHub/vamoshostia/tb3_ws/src/tb3_ws/src/obstacles/install/obstacles', 'merge_install': False, 'path': '/home/usuario/Documentos/GitHub/vamoshostia/tb3_ws/src/tb3_ws/src/obstacles', 'symlink_install': False, 'test_result_base': None}
[0.270s] INFO:colcon.colcon_core.executor:Executing jobs using 'parallel' executor
[0.275s] DEBUG:colcon.colcon_parallel_executor.executor.parallel:run_until_complete
[0.275s] INFO:colcon.colcon_ros.task.ament_cmake.build:Building ROS package in '/home/usuario/Documentos/GitHub/vamoshostia/tb3_ws/src/tb3_ws/src/obstacles' with build type 'ament_cmake'
[0.275s] INFO:colcon.colcon_cmake.task.cmake.build:Building CMake package in '/home/usuario/Documentos/GitHub/vamoshostia/tb3_ws/src/tb3_ws/src/obstacles'
[0.281s] INFO:colcon.colcon_core.plugin_system:Skipping extension 'colcon_core.shell.bat': Not used on non-Windows systems
[0.282s] INFO:colcon.colcon_core.shell:Skip shell extension 'powershell' for command environment: Not usable outside of PowerShell
[0.282s] DEBUG:colcon.colcon_core.shell:Skip shell extension 'dsv' for command environment
[0.306s] DEBUG:colcon.colcon_core.event_handler.log_command:Invoking command in '/home/usuario/Documentos/GitHub/vamoshostia/tb3_ws/src/tb3_ws/src/obstacles/build/obstacles': CMAKE_PREFIX_PATH=${CMAKE_PREFIX_PATH}:/opt/ros/foxy /usr/bin/cmake /home/usuario/Documentos/GitHub/vamoshostia/tb3_ws/src/tb3_ws/src/obstacles -DCMAKE_INSTALL_PREFIX=/home/usuario/Documentos/GitHub/vamoshostia/tb3_ws/src/tb3_ws/src/obstacles/install/obstacles
[1.748s] DEBUG:colcon.colcon_core.event_handler.log_command:Invoked command in '/home/usuario/Documentos/GitHub/vamoshostia/tb3_ws/src/tb3_ws/src/obstacles/build/obstacles' returned '1': CMAKE_PREFIX_PATH=${CMAKE_PREFIX_PATH}:/opt/ros/foxy /usr/bin/cmake /home/usuario/Documentos/GitHub/vamoshostia/tb3_ws/src/tb3_ws/src/obstacles -DCMAKE_INSTALL_PREFIX=/home/usuario/Documentos/GitHub/vamoshostia/tb3_ws/src/tb3_ws/src/obstacles/install/obstacles
[1.765s] Level 1:colcon.colcon_core.environment:create_environment_scripts_only(obstacles)
[1.774s] Level 1:colcon.colcon_core.environment:checking '/home/usuario/Documentos/GitHub/vamoshostia/tb3_ws/src/tb3_ws/src/obstacles/install/obstacles' for CMake module files
[1.774s] Level 1:colcon.colcon_core.environment:checking '/home/usuario/Documentos/GitHub/vamoshostia/tb3_ws/src/tb3_ws/src/obstacles/install/obstacles' for CMake config files
[1.775s] Level 1:colcon.colcon_core.environment:checking '/home/usuario/Documentos/GitHub/vamoshostia/tb3_ws/src/tb3_ws/src/obstacles/install/obstacles/bin'
[1.775s] Level 1:colcon.colcon_core.environment:checking '/home/usuario/Documentos/GitHub/vamoshostia/tb3_ws/src/tb3_ws/src/obstacles/install/obstacles/lib/pkgconfig/obstacles.pc'
[1.776s] Level 1:colcon.colcon_core.environment:checking '/home/usuario/Documentos/GitHub/vamoshostia/tb3_ws/src/tb3_ws/src/obstacles/install/obstacles/lib/python3.8/site-packages'
[1.776s] Level 1:colcon.colcon_core.environment:checking '/home/usuario/Documentos/GitHub/vamoshostia/tb3_ws/src/tb3_ws/src/obstacles/install/obstacles/bin'
[1.781s] INFO:colcon.colcon_core.shell:Creating package script '/home/usuario/Documentos/GitHub/vamoshostia/tb3_ws/src/tb3_ws/src/obstacles/install/obstacles/share/obstacles/package.ps1'
[1.782s] INFO:colcon.colcon_core.shell:Creating package descriptor '/home/usuario/Documentos/GitHub/vamoshostia/tb3_ws/src/tb3_ws/src/obstacles/install/obstacles/share/obstacles/package.dsv'
[1.783s] INFO:colcon.colcon_core.shell:Creating package script '/home/usuario/Documentos/GitHub/vamoshostia/tb3_ws/src/tb3_ws/src/obstacles/install/obstacles/share/obstacles/package.sh'
[1.783s] INFO:colcon.colcon_core.shell:Creating package script '/home/usuario/Documentos/GitHub/vamoshostia/tb3_ws/src/tb3_ws/src/obstacles/install/obstacles/share/obstacles/package.bash'
[1.784s] INFO:colcon.colcon_core.shell:Creating package script '/home/usuario/Documentos/GitHub/vamoshostia/tb3_ws/src/tb3_ws/src/obstacles/install/obstacles/share/obstacles/package.zsh'
[1.786s] Level 1:colcon.colcon_core.environment:create_file_with_runtime_dependencies(/home/usuario/Documentos/GitHub/vamoshostia/tb3_ws/src/tb3_ws/src/obstacles/install/obstacles/share/colcon-core/packages/obstacles)
[1.786s] DEBUG:colcon.colcon_parallel_executor.executor.parallel:closing loop
[1.787s] DEBUG:colcon.colcon_parallel_executor.executor.parallel:loop closed
[1.787s] DEBUG:colcon.colcon_parallel_executor.executor.parallel:run_until_complete finished with '1'
[1.787s] DEBUG:colcon.colcon_core.event_reactor:joining thread
[1.793s] INFO:colcon.colcon_core.plugin_system:Skipping extension 'colcon_notification.desktop_notification.terminal_notifier': Not used on non-Darwin systems
[1.793s] INFO:colcon.colcon_core.plugin_system:Skipping extension 'colcon_notification.desktop_notification.win32': Not used on non-Windows systems
[1.793s] INFO:colcon.colcon_notification.desktop_notification:Sending desktop notification using 'notify2'
[1.811s] DEBUG:colcon.colcon_core.event_reactor:joined thread
[1.813s] INFO:colcon.colcon_core.shell:Creating prefix script '/home/usuario/Documentos/GitHub/vamoshostia/tb3_ws/src/tb3_ws/src/obstacles/install/local_setup.ps1'
[1.814s] INFO:colcon.colcon_core.shell:Creating prefix util module '/home/usuario/Documentos/GitHub/vamoshostia/tb3_ws/src/tb3_ws/src/obstacles/install/_local_setup_util_ps1.py'
[1.815s] INFO:colcon.colcon_core.shell:Creating prefix chain script '/home/usuario/Documentos/GitHub/vamoshostia/tb3_ws/src/tb3_ws/src/obstacles/install/setup.ps1'
[1.820s] INFO:colcon.colcon_core.shell:Creating prefix script '/home/usuario/Documentos/GitHub/vamoshostia/tb3_ws/src/tb3_ws/src/obstacles/install/local_setup.sh'
[1.821s] INFO:colcon.colcon_core.shell:Creating prefix util module '/home/usuario/Documentos/GitHub/vamoshostia/tb3_ws/src/tb3_ws/src/obstacles/install/_local_setup_util_sh.py'
[1.822s] INFO:colcon.colcon_core.shell:Creating prefix chain script '/home/usuario/Documentos/GitHub/vamoshostia/tb3_ws/src/tb3_ws/src/obstacles/install/setup.sh'
[1.825s] INFO:colcon.colcon_core.shell:Creating prefix script '/home/usuario/Documentos/GitHub/vamoshostia/tb3_ws/src/tb3_ws/src/obstacles/install/local_setup.bash'
[1.825s] INFO:colcon.colcon_core.shell:Creating prefix chain script '/home/usuario/Documentos/GitHub/vamoshostia/tb3_ws/src/tb3_ws/src/obstacles/install/setup.bash'
[1.827s] INFO:colcon.colcon_core.shell:Creating prefix script '/home/usuario/Documentos/GitHub/vamoshostia/tb3_ws/src/tb3_ws/src/obstacles/install/local_setup.zsh'
[1.827s] INFO:colcon.colcon_core.shell:Creating prefix chain script '/home/usuario/Documentos/GitHub/vamoshostia/tb3_ws/src/tb3_ws/src/obstacles/install/setup.zsh'
