[0.019s] Invoking command in '/home/usuario/Documentos/GitHub/vamoshostia/ros2_ws/build/examples_topics': CMAKE_PREFIX_PATH=/opt/ros/foxy /usr/bin/cmake --build /home/usuario/Documentos/GitHub/vamoshostia/ros2_ws/build/examples_topics -- -j6 -l6
[0.068s] [ 50%] [32mBuilding CXX object CMakeFiles/publisher.dir/publisher.cpp.o[0m
[0.068s] [ 50%] [32mBuilding CXX object CMakeFiles/subscriber.dir/subscriber.cpp.o[0m
[2.390s] [ 75%] [32m[1mLinking CXX executable publisher[0m
[2.614s] [ 75%] Built target publisher
[3.928s] [100%] [32m[1mLinking CXX executable subscriber[0m
[4.387s] [100%] Built target subscriber
[4.398s] Invoked command in '/home/usuario/Documentos/GitHub/vamoshostia/ros2_ws/build/examples_topics' returned '0': CMAKE_PREFIX_PATH=/opt/ros/foxy /usr/bin/cmake --build /home/usuario/Documentos/GitHub/vamoshostia/ros2_ws/build/examples_topics -- -j6 -l6
[4.435s] Invoking command in '/home/usuario/Documentos/GitHub/vamoshostia/ros2_ws/build/examples_topics': CMAKE_PREFIX_PATH=/opt/ros/foxy /usr/bin/cmake --install /home/usuario/Documentos/GitHub/vamoshostia/ros2_ws/build/examples_topics
[4.443s] -- Install configuration: ""
[4.443s] -- Installing: /home/usuario/Documentos/GitHub/vamoshostia/ros2_ws/install/examples_topics/lib/examples_topics/publisher
[4.454s] -- Set runtime path of "/home/usuario/Documentos/GitHub/vamoshostia/ros2_ws/install/examples_topics/lib/examples_topics/publisher" to ""
[4.454s] -- Installing: /home/usuario/Documentos/GitHub/vamoshostia/ros2_ws/install/examples_topics/lib/examples_topics/subscriber
[4.470s] -- Set runtime path of "/home/usuario/Documentos/GitHub/vamoshostia/ros2_ws/install/examples_topics/lib/examples_topics/subscriber" to ""
[4.470s] -- Installing: /home/usuario/Documentos/GitHub/vamoshostia/ros2_ws/install/examples_topics/share/ament_index/resource_index/package_run_dependencies/examples_topics
[4.471s] -- Installing: /home/usuario/Documentos/GitHub/vamoshostia/ros2_ws/install/examples_topics/share/ament_index/resource_index/parent_prefix_path/examples_topics
[4.472s] -- Installing: /home/usuario/Documentos/GitHub/vamoshostia/ros2_ws/install/examples_topics/share/examples_topics/environment/ament_prefix_path.sh
[4.472s] -- Installing: /home/usuario/Documentos/GitHub/vamoshostia/ros2_ws/install/examples_topics/share/examples_topics/environment/ament_prefix_path.dsv
[4.473s] -- Installing: /home/usuario/Documentos/GitHub/vamoshostia/ros2_ws/install/examples_topics/share/examples_topics/environment/path.sh
[4.474s] -- Installing: /home/usuario/Documentos/GitHub/vamoshostia/ros2_ws/install/examples_topics/share/examples_topics/environment/path.dsv
[4.474s] -- Installing: /home/usuario/Documentos/GitHub/vamoshostia/ros2_ws/install/examples_topics/share/examples_topics/local_setup.bash
[4.475s] -- Installing: /home/usuario/Documentos/GitHub/vamoshostia/ros2_ws/install/examples_topics/share/examples_topics/local_setup.sh
[4.476s] -- Installing: /home/usuario/Documentos/GitHub/vamoshostia/ros2_ws/install/examples_topics/share/examples_topics/local_setup.zsh
[4.477s] -- Installing: /home/usuario/Documentos/GitHub/vamoshostia/ros2_ws/install/examples_topics/share/examples_topics/local_setup.dsv
[4.478s] -- Installing: /home/usuario/Documentos/GitHub/vamoshostia/ros2_ws/install/examples_topics/share/examples_topics/package.dsv
[4.479s] -- Installing: /home/usuario/Documentos/GitHub/vamoshostia/ros2_ws/install/examples_topics/share/ament_index/resource_index/packages/examples_topics
[4.479s] -- Installing: /home/usuario/Documentos/GitHub/vamoshostia/ros2_ws/install/examples_topics/share/examples_topics/cmake/examples_topicsConfig.cmake
[4.480s] -- Installing: /home/usuario/Documentos/GitHub/vamoshostia/ros2_ws/install/examples_topics/share/examples_topics/cmake/examples_topicsConfig-version.cmake
[4.482s] -- Installing: /home/usuario/Documentos/GitHub/vamoshostia/ros2_ws/install/examples_topics/share/examples_topics/package.xml
[4.485s] Invoked command in '/home/usuario/Documentos/GitHub/vamoshostia/ros2_ws/build/examples_topics' returned '0': CMAKE_PREFIX_PATH=/opt/ros/foxy /usr/bin/cmake --install /home/usuario/Documentos/GitHub/vamoshostia/ros2_ws/build/examples_topics
