[0.048s] Invoking command in '/home/usuario/Documentos/GitHub/vamoshostia/ros2_ws/build/cpp_srvcli': CMAKE_PREFIX_PATH=${CMAKE_PREFIX_PATH}:/opt/ros/foxy /usr/bin/cmake --build /home/usuario/Documentos/GitHub/vamoshostia/ros2_ws/build/cpp_srvcli -- -j6 -l6
[0.067s] -- Found ament_cmake: 0.9.11 (/opt/ros/foxy/share/ament_cmake/cmake)
[0.084s] -- Using PYTHON_EXECUTABLE: /usr/bin/python3
[0.232s] -- Found rclcpp: 2.4.2 (/opt/ros/foxy/share/rclcpp/cmake)
[0.257s] -- Using all available rosidl_typesupport_c: rosidl_typesupport_fastrtps_c;rosidl_typesupport_introspection_c
[0.259s] -- Found rosidl_adapter: 1.3.0 (/opt/ros/foxy/share/rosidl_adapter/cmake)
[0.350s] -- Using all available rosidl_typesupport_cpp: rosidl_typesupport_fastrtps_cpp;rosidl_typesupport_introspection_cpp
[0.384s] -- Found rmw_implementation_cmake: 1.0.3 (/opt/ros/foxy/share/rmw_implementation_cmake/cmake)
[0.385s] -- Using RMW implementation 'rmw_fastrtps_cpp' as default
[0.495s] CMake Error at CMakeLists.txt:21 (find_package):
[0.495s]   By not providing "Findexample_interfaces.cmake" in CMAKE_MODULE_PATH this
[0.496s]   project has asked CMake to find a package configuration file provided by
[0.496s]   "example_interfaces", but CMake did not find one.
[0.496s] 
[0.496s]   Could not find a package configuration file provided by
[0.496s]   "example_interfaces" with any of the following names:
[0.496s] 
[0.496s]     example_interfacesConfig.cmake
[0.496s]     example_interfaces-config.cmake
[0.496s] 
[0.496s]   Add the installation prefix of "example_interfaces" to CMAKE_PREFIX_PATH or
[0.496s]   set "example_interfaces_DIR" to a directory containing one of the above
[0.496s]   files.  If "example_interfaces" provides a separate development package or
[0.496s]   SDK, be sure it has been installed.
[0.496s] 
[0.496s] 
[0.496s] -- Configuring incomplete, errors occurred!
[0.496s] See also "/home/usuario/Documentos/GitHub/vamoshostia/ros2_ws/build/cpp_srvcli/CMakeFiles/CMakeOutput.log".
[0.496s] See also "/home/usuario/Documentos/GitHub/vamoshostia/ros2_ws/build/cpp_srvcli/CMakeFiles/CMakeError.log".
[0.502s] make: *** [Makefile:310: cmake_check_build_system] Error 1
[0.503s] Invoked command in '/home/usuario/Documentos/GitHub/vamoshostia/ros2_ws/build/cpp_srvcli' returned '2': CMAKE_PREFIX_PATH=${CMAKE_PREFIX_PATH}:/opt/ros/foxy /usr/bin/cmake --build /home/usuario/Documentos/GitHub/vamoshostia/ros2_ws/build/cpp_srvcli -- -j6 -l6
