[0.033s] Invoking command in '/home/usuario/Documentos/GitHub/vamoshostia/ros2_ws/build/examples_sum': CMAKE_PREFIX_PATH=${CMAKE_PREFIX_PATH}:/opt/ros/foxy /usr/bin/cmake --build /home/usuario/Documentos/GitHub/vamoshostia/ros2_ws/build/examples_sum -- -j6 -l6
[0.046s] -- Found ament_cmake: 0.9.11 (/opt/ros/foxy/share/ament_cmake/cmake)
[0.064s] -- Using PYTHON_EXECUTABLE: /usr/bin/python3
[0.212s] -- Found rclcpp: 2.4.2 (/opt/ros/foxy/share/rclcpp/cmake)
[0.236s] -- Using all available rosidl_typesupport_c: rosidl_typesupport_fastrtps_c;rosidl_typesupport_introspection_c
[0.239s] -- Found rosidl_adapter: 1.3.0 (/opt/ros/foxy/share/rosidl_adapter/cmake)
[0.327s] -- Using all available rosidl_typesupport_cpp: rosidl_typesupport_fastrtps_cpp;rosidl_typesupport_introspection_cpp
[0.361s] -- Found rmw_implementation_cmake: 1.0.3 (/opt/ros/foxy/share/rmw_implementation_cmake/cmake)
[0.361s] -- Using RMW implementation 'rmw_fastrtps_cpp' as default
[0.514s] -- Configuring done
[0.524s] -- Generating done
[0.526s] -- Build files have been written to: /home/usuario/Documentos/GitHub/vamoshostia/ros2_ws/build/examples_sum
[0.549s] [35m[1mScanning dependencies of target sum[0m
[0.576s] [ 50%] [32mBuilding CXX object CMakeFiles/sum.dir/sum.cpp.o[0m
[4.287s] [100%] [32m[1mLinking CXX executable sum[0m
[4.720s] [100%] Built target sum
[4.730s] Invoked command in '/home/usuario/Documentos/GitHub/vamoshostia/ros2_ws/build/examples_sum' returned '0': CMAKE_PREFIX_PATH=${CMAKE_PREFIX_PATH}:/opt/ros/foxy /usr/bin/cmake --build /home/usuario/Documentos/GitHub/vamoshostia/ros2_ws/build/examples_sum -- -j6 -l6
[4.745s] Invoking command in '/home/usuario/Documentos/GitHub/vamoshostia/ros2_ws/build/examples_sum': CMAKE_PREFIX_PATH=${CMAKE_PREFIX_PATH}:/opt/ros/foxy /usr/bin/cmake --install /home/usuario/Documentos/GitHub/vamoshostia/ros2_ws/build/examples_sum
[4.752s] -- Install configuration: ""
[4.757s] -- Installing: /home/usuario/Documentos/GitHub/vamoshostia/ros2_ws/install/examples_sum/lib/examples_sum/sum
[4.776s] -- Set runtime path of "/home/usuario/Documentos/GitHub/vamoshostia/ros2_ws/install/examples_sum/lib/examples_sum/sum" to ""
[4.776s] -- Up-to-date: /home/usuario/Documentos/GitHub/vamoshostia/ros2_ws/install/examples_sum/share/ament_index/resource_index/package_run_dependencies/examples_sum
[4.776s] -- Installing: /home/usuario/Documentos/GitHub/vamoshostia/ros2_ws/install/examples_sum/share/ament_index/resource_index/parent_prefix_path/examples_sum
[4.777s] -- Installing: /home/usuario/Documentos/GitHub/vamoshostia/ros2_ws/install/examples_sum/share/examples_sum/environment/ament_prefix_path.sh
[4.777s] -- Installing: /home/usuario/Documentos/GitHub/vamoshostia/ros2_ws/install/examples_sum/share/examples_sum/environment/ament_prefix_path.dsv
[4.778s] -- Installing: /home/usuario/Documentos/GitHub/vamoshostia/ros2_ws/install/examples_sum/share/examples_sum/environment/path.sh
[4.778s] -- Installing: /home/usuario/Documentos/GitHub/vamoshostia/ros2_ws/install/examples_sum/share/examples_sum/environment/path.dsv
[4.779s] -- Up-to-date: /home/usuario/Documentos/GitHub/vamoshostia/ros2_ws/install/examples_sum/share/examples_sum/local_setup.bash
[4.779s] -- Up-to-date: /home/usuario/Documentos/GitHub/vamoshostia/ros2_ws/install/examples_sum/share/examples_sum/local_setup.sh
[4.779s] -- Up-to-date: /home/usuario/Documentos/GitHub/vamoshostia/ros2_ws/install/examples_sum/share/examples_sum/local_setup.zsh
[4.779s] -- Installing: /home/usuario/Documentos/GitHub/vamoshostia/ros2_ws/install/examples_sum/share/examples_sum/local_setup.dsv
[4.779s] -- Installing: /home/usuario/Documentos/GitHub/vamoshostia/ros2_ws/install/examples_sum/share/examples_sum/package.dsv
[4.780s] -- Up-to-date: /home/usuario/Documentos/GitHub/vamoshostia/ros2_ws/install/examples_sum/share/ament_index/resource_index/packages/examples_sum
[4.780s] -- Up-to-date: /home/usuario/Documentos/GitHub/vamoshostia/ros2_ws/install/examples_sum/share/examples_sum/cmake/examples_sumConfig.cmake
[4.780s] -- Up-to-date: /home/usuario/Documentos/GitHub/vamoshostia/ros2_ws/install/examples_sum/share/examples_sum/cmake/examples_sumConfig-version.cmake
[4.780s] -- Up-to-date: /home/usuario/Documentos/GitHub/vamoshostia/ros2_ws/install/examples_sum/share/examples_sum/package.xml
[4.785s] Invoked command in '/home/usuario/Documentos/GitHub/vamoshostia/ros2_ws/build/examples_sum' returned '0': CMAKE_PREFIX_PATH=${CMAKE_PREFIX_PATH}:/opt/ros/foxy /usr/bin/cmake --install /home/usuario/Documentos/GitHub/vamoshostia/ros2_ws/build/examples_sum
