[0.031s] Invoking command in '/home/usuario/Documentos/GitHub/vamoshostia/tb3_ws/src/tb3_ws/src/obstacles/build/obstacles': CMAKE_PREFIX_PATH=${CMAKE_PREFIX_PATH}:/opt/ros/foxy /usr/bin/cmake --build /home/usuario/Documentos/GitHub/vamoshostia/tb3_ws/src/tb3_ws/src/obstacles/build/obstacles -- -j6 -l6
[0.101s] [100%] Built target detector
[0.112s] Invoked command in '/home/usuario/Documentos/GitHub/vamoshostia/tb3_ws/src/tb3_ws/src/obstacles/build/obstacles' returned '0': CMAKE_PREFIX_PATH=${CMAKE_PREFIX_PATH}:/opt/ros/foxy /usr/bin/cmake --build /home/usuario/Documentos/GitHub/vamoshostia/tb3_ws/src/tb3_ws/src/obstacles/build/obstacles -- -j6 -l6
[0.154s] Invoking command in '/home/usuario/Documentos/GitHub/vamoshostia/tb3_ws/src/tb3_ws/src/obstacles/build/obstacles': CMAKE_PREFIX_PATH=${CMAKE_PREFIX_PATH}:/opt/ros/foxy /usr/bin/cmake --install /home/usuario/Documentos/GitHub/vamoshostia/tb3_ws/src/tb3_ws/src/obstacles/build/obstacles
[0.163s] -- Install configuration: ""
[0.168s] -- Up-to-date: /home/usuario/Documentos/GitHub/vamoshostia/tb3_ws/src/tb3_ws/src/obstacles/install/obstacles/lib/obstacles/detector
[0.174s] -- Up-to-date: /home/usuario/Documentos/GitHub/vamoshostia/tb3_ws/src/tb3_ws/src/obstacles/install/obstacles/share/ament_index/resource_index/package_run_dependencies/obstacles
[0.174s] -- Up-to-date: /home/usuario/Documentos/GitHub/vamoshostia/tb3_ws/src/tb3_ws/src/obstacles/install/obstacles/share/ament_index/resource_index/parent_prefix_path/obstacles
[0.174s] -- Up-to-date: /home/usuario/Documentos/GitHub/vamoshostia/tb3_ws/src/tb3_ws/src/obstacles/install/obstacles/share/obstacles/environment/ament_prefix_path.sh
[0.174s] -- Up-to-date: /home/usuario/Documentos/GitHub/vamoshostia/tb3_ws/src/tb3_ws/src/obstacles/install/obstacles/share/obstacles/environment/ament_prefix_path.dsv
[0.174s] -- Up-to-date: /home/usuario/Documentos/GitHub/vamoshostia/tb3_ws/src/tb3_ws/src/obstacles/install/obstacles/share/obstacles/environment/path.sh
[0.174s] -- Up-to-date: /home/usuario/Documentos/GitHub/vamoshostia/tb3_ws/src/tb3_ws/src/obstacles/install/obstacles/share/obstacles/environment/path.dsv
[0.174s] -- Up-to-date: /home/usuario/Documentos/GitHub/vamoshostia/tb3_ws/src/tb3_ws/src/obstacles/install/obstacles/share/obstacles/local_setup.bash
[0.174s] -- Up-to-date: /home/usuario/Documentos/GitHub/vamoshostia/tb3_ws/src/tb3_ws/src/obstacles/install/obstacles/share/obstacles/local_setup.sh
[0.174s] -- Up-to-date: /home/usuario/Documentos/GitHub/vamoshostia/tb3_ws/src/tb3_ws/src/obstacles/install/obstacles/share/obstacles/local_setup.zsh
[0.174s] -- Up-to-date: /home/usuario/Documentos/GitHub/vamoshostia/tb3_ws/src/tb3_ws/src/obstacles/install/obstacles/share/obstacles/local_setup.dsv
[0.174s] -- Installing: /home/usuario/Documentos/GitHub/vamoshostia/tb3_ws/src/tb3_ws/src/obstacles/install/obstacles/share/obstacles/package.dsv
[0.174s] -- Up-to-date: /home/usuario/Documentos/GitHub/vamoshostia/tb3_ws/src/tb3_ws/src/obstacles/install/obstacles/share/ament_index/resource_index/packages/obstacles
[0.174s] -- Up-to-date: /home/usuario/Documentos/GitHub/vamoshostia/tb3_ws/src/tb3_ws/src/obstacles/install/obstacles/share/obstacles/cmake/obstaclesConfig.cmake
[0.174s] -- Up-to-date: /home/usuario/Documentos/GitHub/vamoshostia/tb3_ws/src/tb3_ws/src/obstacles/install/obstacles/share/obstacles/cmake/obstaclesConfig-version.cmake
[0.174s] -- Up-to-date: /home/usuario/Documentos/GitHub/vamoshostia/tb3_ws/src/tb3_ws/src/obstacles/install/obstacles/share/obstacles/package.xml
[0.177s] Invoked command in '/home/usuario/Documentos/GitHub/vamoshostia/tb3_ws/src/tb3_ws/src/obstacles/build/obstacles' returned '0': CMAKE_PREFIX_PATH=${CMAKE_PREFIX_PATH}:/opt/ros/foxy /usr/bin/cmake --install /home/usuario/Documentos/GitHub/vamoshostia/tb3_ws/src/tb3_ws/src/obstacles/build/obstacles
