[0.021s] Invoking command in '/home/usuario/Documentos/GitHub/vamoshostia/ros2_ws/build/examples_topics': CMAKE_PREFIX_PATH=${CMAKE_PREFIX_PATH}:/opt/ros/foxy /usr/bin/cmake --build /home/usuario/Documentos/GitHub/vamoshostia/ros2_ws/build/examples_topics -- -j6 -l6
[0.067s] [100%] Built target subscriber
[0.067s] [100%] Built target publisher
[0.077s] Invoked command in '/home/usuario/Documentos/GitHub/vamoshostia/ros2_ws/build/examples_topics' returned '0': CMAKE_PREFIX_PATH=${CMAKE_PREFIX_PATH}:/opt/ros/foxy /usr/bin/cmake --build /home/usuario/Documentos/GitHub/vamoshostia/ros2_ws/build/examples_topics -- -j6 -l6
[0.101s] Invoking command in '/home/usuario/Documentos/GitHub/vamoshostia/ros2_ws/build/examples_topics': CMAKE_PREFIX_PATH=${CMAKE_PREFIX_PATH}:/opt/ros/foxy /usr/bin/cmake --install /home/usuario/Documentos/GitHub/vamoshostia/ros2_ws/build/examples_topics
[0.106s] -- Install configuration: ""
[0.110s] -- Up-to-date: /home/usuario/Documentos/GitHub/vamoshostia/ros2_ws/install/examples_topics/lib/examples_topics/publisher
[0.116s] -- Up-to-date: /home/usuario/Documentos/GitHub/vamoshostia/ros2_ws/install/examples_topics/lib/examples_topics/subscriber
[0.119s] -- Up-to-date: /home/usuario/Documentos/GitHub/vamoshostia/ros2_ws/install/examples_topics/share/ament_index/resource_index/package_run_dependencies/examples_topics
[0.119s] -- Up-to-date: /home/usuario/Documentos/GitHub/vamoshostia/ros2_ws/install/examples_topics/share/ament_index/resource_index/parent_prefix_path/examples_topics
[0.119s] -- Up-to-date: /home/usuario/Documentos/GitHub/vamoshostia/ros2_ws/install/examples_topics/share/examples_topics/environment/ament_prefix_path.sh
[0.119s] -- Up-to-date: /home/usuario/Documentos/GitHub/vamoshostia/ros2_ws/install/examples_topics/share/examples_topics/environment/ament_prefix_path.dsv
[0.119s] -- Up-to-date: /home/usuario/Documentos/GitHub/vamoshostia/ros2_ws/install/examples_topics/share/examples_topics/environment/path.sh
[0.119s] -- Up-to-date: /home/usuario/Documentos/GitHub/vamoshostia/ros2_ws/install/examples_topics/share/examples_topics/environment/path.dsv
[0.119s] -- Up-to-date: /home/usuario/Documentos/GitHub/vamoshostia/ros2_ws/install/examples_topics/share/examples_topics/local_setup.bash
[0.119s] -- Up-to-date: /home/usuario/Documentos/GitHub/vamoshostia/ros2_ws/install/examples_topics/share/examples_topics/local_setup.sh
[0.119s] -- Up-to-date: /home/usuario/Documentos/GitHub/vamoshostia/ros2_ws/install/examples_topics/share/examples_topics/local_setup.zsh
[0.119s] -- Up-to-date: /home/usuario/Documentos/GitHub/vamoshostia/ros2_ws/install/examples_topics/share/examples_topics/local_setup.dsv
[0.119s] -- Installing: /home/usuario/Documentos/GitHub/vamoshostia/ros2_ws/install/examples_topics/share/examples_topics/package.dsv
[0.120s] -- Up-to-date: /home/usuario/Documentos/GitHub/vamoshostia/ros2_ws/install/examples_topics/share/ament_index/resource_index/packages/examples_topics
[0.120s] -- Up-to-date: /home/usuario/Documentos/GitHub/vamoshostia/ros2_ws/install/examples_topics/share/examples_topics/cmake/examples_topicsConfig.cmake
[0.120s] -- Up-to-date: /home/usuario/Documentos/GitHub/vamoshostia/ros2_ws/install/examples_topics/share/examples_topics/cmake/examples_topicsConfig-version.cmake
[0.120s] -- Up-to-date: /home/usuario/Documentos/GitHub/vamoshostia/ros2_ws/install/examples_topics/share/examples_topics/package.xml
[0.123s] Invoked command in '/home/usuario/Documentos/GitHub/vamoshostia/ros2_ws/build/examples_topics' returned '0': CMAKE_PREFIX_PATH=${CMAKE_PREFIX_PATH}:/opt/ros/foxy /usr/bin/cmake --install /home/usuario/Documentos/GitHub/vamoshostia/ros2_ws/build/examples_topics
