[0.096s] Invoking command in '/home/usuario/Documentos/GitHub/vamoshostia/tb3_ws/src/tb3_ws/build/obstacles': CMAKE_PREFIX_PATH=${CMAKE_PREFIX_PATH}:/opt/ros/foxy /usr/bin/cmake --build /home/usuario/Documentos/GitHub/vamoshostia/tb3_ws/src/tb3_ws/build/obstacles -- -j6 -l6
[0.217s] -- Found ament_cmake: 0.9.11 (/opt/ros/foxy/share/ament_cmake/cmake)
[0.241s] -- Using PYTHON_EXECUTABLE: /usr/bin/python3
[0.442s] -- Found rclcpp: 2.4.2 (/opt/ros/foxy/share/rclcpp/cmake)
[0.482s] -- Using all available rosidl_typesupport_c: rosidl_typesupport_fastrtps_c;rosidl_typesupport_introspection_c
[0.486s] -- Found rosidl_adapter: 1.3.0 (/opt/ros/foxy/share/rosidl_adapter/cmake)
[0.599s] -- Using all available rosidl_typesupport_cpp: rosidl_typesupport_fastrtps_cpp;rosidl_typesupport_introspection_cpp
[0.648s] -- Found rmw_implementation_cmake: 1.0.3 (/opt/ros/foxy/share/rmw_implementation_cmake/cmake)
[0.650s] -- Using RMW implementation 'rmw_fastrtps_cpp' as default
[0.767s] -- Found sensor_msgs: 2.0.5 (/opt/ros/foxy/share/sensor_msgs/cmake)
[0.862s] CMake Error at CMakeLists.txt:22 (find_package):
[0.862s]   By not providing "Findexample_interfaces.cmake" in CMAKE_MODULE_PATH this
[0.862s]   project has asked CMake to find a package configuration file provided by
[0.862s]   "example_interfaces", but CMake did not find one.
[0.862s] 
[0.862s]   Could not find a package configuration file provided by
[0.862s]   "example_interfaces" with any of the following names:
[0.862s] 
[0.862s]     example_interfacesConfig.cmake
[0.862s]     example_interfaces-config.cmake
[0.863s] 
[0.863s]   Add the installation prefix of "example_interfaces" to CMAKE_PREFIX_PATH or
[0.863s]   set "example_interfaces_DIR" to a directory containing one of the above
[0.863s]   files.  If "example_interfaces" provides a separate development package or
[0.863s]   SDK, be sure it has been installed.
[0.863s] 
[0.863s] 
[0.863s] -- Configuring incomplete, errors occurred!
[0.863s] See also "/home/usuario/Documentos/GitHub/vamoshostia/tb3_ws/src/tb3_ws/build/obstacles/CMakeFiles/CMakeOutput.log".
[0.863s] See also "/home/usuario/Documentos/GitHub/vamoshostia/tb3_ws/src/tb3_ws/build/obstacles/CMakeFiles/CMakeError.log".
[0.871s] make: *** [Makefile:310: cmake_check_build_system] Error 1
[0.872s] Invoked command in '/home/usuario/Documentos/GitHub/vamoshostia/tb3_ws/src/tb3_ws/build/obstacles' returned '2': CMAKE_PREFIX_PATH=${CMAKE_PREFIX_PATH}:/opt/ros/foxy /usr/bin/cmake --build /home/usuario/Documentos/GitHub/vamoshostia/tb3_ws/src/tb3_ws/build/obstacles -- -j6 -l6
