[0.179s] DEBUG:colcon:Command line arguments: ['/usr/bin/colcon', 'build']
[0.179s] DEBUG:colcon:Parsed command line arguments: Namespace(allow_overriding=[], ament_cmake_args=None, base_paths=['.'], build_base='build', catkin_cmake_args=None, catkin_skip_building_tests=False, cmake_args=None, cmake_clean_cache=False, cmake_clean_first=False, cmake_force_configure=False, cmake_target=None, cmake_target_skip_unavailable=False, continue_on_error=False, event_handlers=None, executor='parallel', ignore_user_meta=False, install_base='install', log_base=None, log_level=None, main=<bound method BuildVerb.main of <colcon_core.verb.build.BuildVerb object at 0x7f8d584fa820>>, merge_install=False, metas=['./colcon.meta'], packages_above=None, packages_above_and_dependencies=None, packages_above_depth=None, packages_end=None, packages_ignore=None, packages_ignore_regex=None, packages_select=None, packages_select_build_failed=False, packages_select_by_dep=None, packages_select_regex=None, packages_select_test_failures=False, packages_skip=None, packages_skip_build_finished=False, packages_skip_by_dep=None, packages_skip_regex=None, packages_skip_test_passed=False, packages_skip_up_to=None, packages_start=None, packages_up_to=None, packages_up_to_regex=None, parallel_workers=6, paths=None, symlink_install=False, test_result_base=None, verb_extension=<colcon_core.verb.build.BuildVerb object at 0x7f8d584fa820>, verb_name='build', verb_parser=<colcon_defaults.argument_parser.defaults.DefaultArgumentsDecorator object at 0x7f8d584fad90>)
[0.211s] Level 1:colcon.colcon_core.package_discovery:discover_packages(colcon_meta) check parameters
[0.211s] Level 1:colcon.colcon_core.package_discovery:discover_packages(recursive) check parameters
[0.211s] Level 1:colcon.colcon_core.package_discovery:discover_packages(ignore) check parameters
[0.211s] Level 1:colcon.colcon_core.package_discovery:discover_packages(path) check parameters
[0.211s] Level 1:colcon.colcon_core.package_discovery:discover_packages(colcon_meta) discover
[0.211s] Level 1:colcon.colcon_core.package_discovery:discover_packages(recursive) discover
[0.211s] INFO:colcon.colcon_core.package_discovery:Crawling recursively for packages in '/home/usuario/Documentos/GitHub/vamoshostia'
[0.211s] Level 1:colcon.colcon_core.package_identification:_identify(.) by extensions ['ignore', 'ignore_ament_install']
[0.212s] Level 1:colcon.colcon_core.package_identification:_identify(.) by extension 'ignore'
[0.212s] Level 1:colcon.colcon_core.package_identification:_identify(.) by extension 'ignore_ament_install'
[0.212s] Level 1:colcon.colcon_core.package_identification:_identify(.) by extensions ['colcon_pkg']
[0.212s] Level 1:colcon.colcon_core.package_identification:_identify(.) by extension 'colcon_pkg'
[0.212s] Level 1:colcon.colcon_core.package_identification:_identify(.) by extensions ['colcon_meta']
[0.212s] Level 1:colcon.colcon_core.package_identification:_identify(.) by extension 'colcon_meta'
[0.212s] Level 1:colcon.colcon_core.package_identification:_identify(.) by extensions ['ros']
[0.212s] Level 1:colcon.colcon_core.package_identification:_identify(.) by extension 'ros'
[0.230s] Level 1:colcon.colcon_core.package_identification:_identify(.) by extensions ['cmake', 'python']
[0.230s] Level 1:colcon.colcon_core.package_identification:_identify(.) by extension 'cmake'
[0.230s] Level 1:colcon.colcon_core.package_identification:_identify(.) by extension 'python'
[0.230s] Level 1:colcon.colcon_core.package_identification:_identify(.) by extensions ['python_setup_py']
[0.230s] Level 1:colcon.colcon_core.package_identification:_identify(.) by extension 'python_setup_py'
[0.230s] Level 1:colcon.colcon_core.package_identification:_identify(build) by extensions ['ignore', 'ignore_ament_install']
[0.230s] Level 1:colcon.colcon_core.package_identification:_identify(build) by extension 'ignore'
[0.230s] Level 1:colcon.colcon_core.package_identification:_identify(build) ignored
[0.230s] Level 1:colcon.colcon_core.package_identification:_identify(install) by extensions ['ignore', 'ignore_ament_install']
[0.231s] Level 1:colcon.colcon_core.package_identification:_identify(install) by extension 'ignore'
[0.231s] Level 1:colcon.colcon_core.package_identification:_identify(install) ignored
[0.231s] Level 1:colcon.colcon_core.package_identification:_identify(log) by extensions ['ignore', 'ignore_ament_install']
[0.231s] Level 1:colcon.colcon_core.package_identification:_identify(log) by extension 'ignore'
[0.231s] Level 1:colcon.colcon_core.package_identification:_identify(log) ignored
[0.231s] Level 1:colcon.colcon_core.package_identification:_identify(ros2_ws) by extensions ['ignore', 'ignore_ament_install']
[0.231s] Level 1:colcon.colcon_core.package_identification:_identify(ros2_ws) by extension 'ignore'
[0.231s] Level 1:colcon.colcon_core.package_identification:_identify(ros2_ws) by extension 'ignore_ament_install'
[0.231s] Level 1:colcon.colcon_core.package_identification:_identify(ros2_ws) by extensions ['colcon_pkg']
[0.231s] Level 1:colcon.colcon_core.package_identification:_identify(ros2_ws) by extension 'colcon_pkg'
[0.231s] Level 1:colcon.colcon_core.package_identification:_identify(ros2_ws) by extensions ['colcon_meta']
[0.231s] Level 1:colcon.colcon_core.package_identification:_identify(ros2_ws) by extension 'colcon_meta'
[0.231s] Level 1:colcon.colcon_core.package_identification:_identify(ros2_ws) by extensions ['ros']
[0.231s] Level 1:colcon.colcon_core.package_identification:_identify(ros2_ws) by extension 'ros'
[0.231s] Level 1:colcon.colcon_core.package_identification:_identify(ros2_ws) by extensions ['cmake', 'python']
[0.231s] Level 1:colcon.colcon_core.package_identification:_identify(ros2_ws) by extension 'cmake'
[0.231s] Level 1:colcon.colcon_core.package_identification:_identify(ros2_ws) by extension 'python'
[0.231s] Level 1:colcon.colcon_core.package_identification:_identify(ros2_ws) by extensions ['python_setup_py']
[0.231s] Level 1:colcon.colcon_core.package_identification:_identify(ros2_ws) by extension 'python_setup_py'
[0.231s] Level 1:colcon.colcon_core.package_identification:_identify(ros2_ws/build) by extensions ['ignore', 'ignore_ament_install']
[0.231s] Level 1:colcon.colcon_core.package_identification:_identify(ros2_ws/build) by extension 'ignore'
[0.231s] Level 1:colcon.colcon_core.package_identification:_identify(ros2_ws/build) ignored
[0.231s] Level 1:colcon.colcon_core.package_identification:_identify(ros2_ws/install) by extensions ['ignore', 'ignore_ament_install']
[0.231s] Level 1:colcon.colcon_core.package_identification:_identify(ros2_ws/install) by extension 'ignore'
[0.232s] Level 1:colcon.colcon_core.package_identification:_identify(ros2_ws/install) ignored
[0.232s] Level 1:colcon.colcon_core.package_identification:_identify(ros2_ws/log) by extensions ['ignore', 'ignore_ament_install']
[0.232s] Level 1:colcon.colcon_core.package_identification:_identify(ros2_ws/log) by extension 'ignore'
[0.232s] Level 1:colcon.colcon_core.package_identification:_identify(ros2_ws/log) ignored
[0.232s] Level 1:colcon.colcon_core.package_identification:_identify(ros2_ws/src) by extensions ['ignore', 'ignore_ament_install']
[0.232s] Level 1:colcon.colcon_core.package_identification:_identify(ros2_ws/src) by extension 'ignore'
[0.232s] Level 1:colcon.colcon_core.package_identification:_identify(ros2_ws/src) by extension 'ignore_ament_install'
[0.232s] Level 1:colcon.colcon_core.package_identification:_identify(ros2_ws/src) by extensions ['colcon_pkg']
[0.232s] Level 1:colcon.colcon_core.package_identification:_identify(ros2_ws/src) by extension 'colcon_pkg'
[0.232s] Level 1:colcon.colcon_core.package_identification:_identify(ros2_ws/src) by extensions ['colcon_meta']
[0.232s] Level 1:colcon.colcon_core.package_identification:_identify(ros2_ws/src) by extension 'colcon_meta'
[0.232s] Level 1:colcon.colcon_core.package_identification:_identify(ros2_ws/src) by extensions ['ros']
[0.232s] Level 1:colcon.colcon_core.package_identification:_identify(ros2_ws/src) by extension 'ros'
[0.232s] Level 1:colcon.colcon_core.package_identification:_identify(ros2_ws/src) by extensions ['cmake', 'python']
[0.232s] Level 1:colcon.colcon_core.package_identification:_identify(ros2_ws/src) by extension 'cmake'
[0.232s] Level 1:colcon.colcon_core.package_identification:_identify(ros2_ws/src) by extension 'python'
[0.232s] Level 1:colcon.colcon_core.package_identification:_identify(ros2_ws/src) by extensions ['python_setup_py']
[0.232s] Level 1:colcon.colcon_core.package_identification:_identify(ros2_ws/src) by extension 'python_setup_py'
[0.232s] Level 1:colcon.colcon_core.package_identification:_identify(ros2_ws/src/examples) by extensions ['ignore', 'ignore_ament_install']
[0.232s] Level 1:colcon.colcon_core.package_identification:_identify(ros2_ws/src/examples) by extension 'ignore'
[0.232s] Level 1:colcon.colcon_core.package_identification:_identify(ros2_ws/src/examples) by extension 'ignore_ament_install'
[0.232s] Level 1:colcon.colcon_core.package_identification:_identify(ros2_ws/src/examples) by extensions ['colcon_pkg']
[0.232s] Level 1:colcon.colcon_core.package_identification:_identify(ros2_ws/src/examples) by extension 'colcon_pkg'
[0.233s] Level 1:colcon.colcon_core.package_identification:_identify(ros2_ws/src/examples) by extensions ['colcon_meta']
[0.233s] Level 1:colcon.colcon_core.package_identification:_identify(ros2_ws/src/examples) by extension 'colcon_meta'
[0.233s] Level 1:colcon.colcon_core.package_identification:_identify(ros2_ws/src/examples) by extensions ['ros']
[0.233s] Level 1:colcon.colcon_core.package_identification:_identify(ros2_ws/src/examples) by extension 'ros'
[0.233s] Level 1:colcon.colcon_core.package_identification:_identify(ros2_ws/src/examples) by extensions ['cmake', 'python']
[0.233s] Level 1:colcon.colcon_core.package_identification:_identify(ros2_ws/src/examples) by extension 'cmake'
[0.233s] Level 1:colcon.colcon_core.package_identification:_identify(ros2_ws/src/examples) by extension 'python'
[0.233s] Level 1:colcon.colcon_core.package_identification:_identify(ros2_ws/src/examples) by extensions ['python_setup_py']
[0.233s] Level 1:colcon.colcon_core.package_identification:_identify(ros2_ws/src/examples) by extension 'python_setup_py'
[0.233s] Level 1:colcon.colcon_core.package_identification:_identify(ros2_ws/src/examples/topics) by extensions ['ignore', 'ignore_ament_install']
[0.233s] Level 1:colcon.colcon_core.package_identification:_identify(ros2_ws/src/examples/topics) by extension 'ignore'
[0.233s] Level 1:colcon.colcon_core.package_identification:_identify(ros2_ws/src/examples/topics) by extension 'ignore_ament_install'
[0.233s] Level 1:colcon.colcon_core.package_identification:_identify(ros2_ws/src/examples/topics) by extensions ['colcon_pkg']
[0.233s] Level 1:colcon.colcon_core.package_identification:_identify(ros2_ws/src/examples/topics) by extension 'colcon_pkg'
[0.233s] Level 1:colcon.colcon_core.package_identification:_identify(ros2_ws/src/examples/topics) by extensions ['colcon_meta']
[0.233s] Level 1:colcon.colcon_core.package_identification:_identify(ros2_ws/src/examples/topics) by extension 'colcon_meta'
[0.233s] Level 1:colcon.colcon_core.package_identification:_identify(ros2_ws/src/examples/topics) by extensions ['ros']
[0.233s] Level 1:colcon.colcon_core.package_identification:_identify(ros2_ws/src/examples/topics) by extension 'ros'
[0.240s] DEBUG:colcon.colcon_core.package_identification:Package 'ros2_ws/src/examples/topics' with type 'ros.ament_cmake' and name 'examples_topics'
[0.240s] Level 1:colcon.colcon_core.package_identification:_identify(ros2_ws/src/sum) by extensions ['ignore', 'ignore_ament_install']
[0.240s] Level 1:colcon.colcon_core.package_identification:_identify(ros2_ws/src/sum) by extension 'ignore'
[0.240s] Level 1:colcon.colcon_core.package_identification:_identify(ros2_ws/src/sum) by extension 'ignore_ament_install'
[0.240s] Level 1:colcon.colcon_core.package_identification:_identify(ros2_ws/src/sum) by extensions ['colcon_pkg']
[0.240s] Level 1:colcon.colcon_core.package_identification:_identify(ros2_ws/src/sum) by extension 'colcon_pkg'
[0.240s] Level 1:colcon.colcon_core.package_identification:_identify(ros2_ws/src/sum) by extensions ['colcon_meta']
[0.240s] Level 1:colcon.colcon_core.package_identification:_identify(ros2_ws/src/sum) by extension 'colcon_meta'
[0.240s] Level 1:colcon.colcon_core.package_identification:_identify(ros2_ws/src/sum) by extensions ['ros']
[0.240s] Level 1:colcon.colcon_core.package_identification:_identify(ros2_ws/src/sum) by extension 'ros'
[0.244s] DEBUG:colcon.colcon_core.package_identification:Package 'ros2_ws/src/sum' with type 'ros.ament_cmake' and name 'examples_sum'
[0.244s] Level 1:colcon.colcon_core.package_discovery:discover_packages(recursive) using defaults
[0.244s] Level 1:colcon.colcon_core.package_discovery:discover_packages(ignore) discover
[0.244s] Level 1:colcon.colcon_core.package_discovery:discover_packages(ignore) using defaults
[0.244s] Level 1:colcon.colcon_core.package_discovery:discover_packages(path) discover
[0.244s] Level 1:colcon.colcon_core.package_discovery:discover_packages(path) using defaults
[0.268s] Level 1:colcon.colcon_core.package_discovery:discover_packages(prefix_path) check parameters
[0.268s] Level 1:colcon.colcon_core.package_discovery:discover_packages(prefix_path) discover
[0.272s] DEBUG:colcon.colcon_installed_package_information.package_discovery:Found 271 installed packages in /opt/ros/foxy
[0.273s] Level 1:colcon.colcon_core.package_discovery:discover_packages(prefix_path) using defaults
[0.320s] Level 5:colcon.colcon_core.verb:set package 'examples_sum' build argument 'cmake_args' from command line to 'None'
[0.320s] Level 5:colcon.colcon_core.verb:set package 'examples_sum' build argument 'cmake_target' from command line to 'None'
[0.320s] Level 5:colcon.colcon_core.verb:set package 'examples_sum' build argument 'cmake_target_skip_unavailable' from command line to 'False'
[0.321s] Level 5:colcon.colcon_core.verb:set package 'examples_sum' build argument 'cmake_clean_cache' from command line to 'False'
[0.321s] Level 5:colcon.colcon_core.verb:set package 'examples_sum' build argument 'cmake_clean_first' from command line to 'False'
[0.321s] Level 5:colcon.colcon_core.verb:set package 'examples_sum' build argument 'cmake_force_configure' from command line to 'False'
[0.321s] Level 5:colcon.colcon_core.verb:set package 'examples_sum' build argument 'ament_cmake_args' from command line to 'None'
[0.321s] Level 5:colcon.colcon_core.verb:set package 'examples_sum' build argument 'catkin_cmake_args' from command line to 'None'
[0.321s] Level 5:colcon.colcon_core.verb:set package 'examples_sum' build argument 'catkin_skip_building_tests' from command line to 'False'
[0.321s] DEBUG:colcon.colcon_core.verb:Building package 'examples_sum' with the following arguments: {'ament_cmake_args': None, 'build_base': '/home/usuario/Documentos/GitHub/vamoshostia/build/examples_sum', 'catkin_cmake_args': None, 'catkin_skip_building_tests': False, 'cmake_args': None, 'cmake_clean_cache': False, 'cmake_clean_first': False, 'cmake_force_configure': False, 'cmake_target': None, 'cmake_target_skip_unavailable': False, 'install_base': '/home/usuario/Documentos/GitHub/vamoshostia/install/examples_sum', 'merge_install': False, 'path': '/home/usuario/Documentos/GitHub/vamoshostia/ros2_ws/src/sum', 'symlink_install': False, 'test_result_base': None}
[0.322s] Level 5:colcon.colcon_core.verb:set package 'examples_topics' build argument 'cmake_args' from command line to 'None'
[0.322s] Level 5:colcon.colcon_core.verb:set package 'examples_topics' build argument 'cmake_target' from command line to 'None'
[0.322s] Level 5:colcon.colcon_core.verb:set package 'examples_topics' build argument 'cmake_target_skip_unavailable' from command line to 'False'
[0.322s] Level 5:colcon.colcon_core.verb:set package 'examples_topics' build argument 'cmake_clean_cache' from command line to 'False'
[0.322s] Level 5:colcon.colcon_core.verb:set package 'examples_topics' build argument 'cmake_clean_first' from command line to 'False'
[0.322s] Level 5:colcon.colcon_core.verb:set package 'examples_topics' build argument 'cmake_force_configure' from command line to 'False'
[0.322s] Level 5:colcon.colcon_core.verb:set package 'examples_topics' build argument 'ament_cmake_args' from command line to 'None'
[0.322s] Level 5:colcon.colcon_core.verb:set package 'examples_topics' build argument 'catkin_cmake_args' from command line to 'None'
[0.322s] Level 5:colcon.colcon_core.verb:set package 'examples_topics' build argument 'catkin_skip_building_tests' from command line to 'False'
[0.322s] DEBUG:colcon.colcon_core.verb:Building package 'examples_topics' with the following arguments: {'ament_cmake_args': None, 'build_base': '/home/usuario/Documentos/GitHub/vamoshostia/build/examples_topics', 'catkin_cmake_args': None, 'catkin_skip_building_tests': False, 'cmake_args': None, 'cmake_clean_cache': False, 'cmake_clean_first': False, 'cmake_force_configure': False, 'cmake_target': None, 'cmake_target_skip_unavailable': False, 'install_base': '/home/usuario/Documentos/GitHub/vamoshostia/install/examples_topics', 'merge_install': False, 'path': '/home/usuario/Documentos/GitHub/vamoshostia/ros2_ws/src/examples/topics', 'symlink_install': False, 'test_result_base': None}
[0.323s] INFO:colcon.colcon_core.executor:Executing jobs using 'parallel' executor
[0.328s] DEBUG:colcon.colcon_parallel_executor.executor.parallel:run_until_complete
[0.328s] INFO:colcon.colcon_ros.task.ament_cmake.build:Building ROS package in '/home/usuario/Documentos/GitHub/vamoshostia/ros2_ws/src/sum' with build type 'ament_cmake'
[0.329s] INFO:colcon.colcon_cmake.task.cmake.build:Building CMake package in '/home/usuario/Documentos/GitHub/vamoshostia/ros2_ws/src/sum'
[0.334s] INFO:colcon.colcon_core.plugin_system:Skipping extension 'colcon_core.shell.bat': Not used on non-Windows systems
[0.334s] INFO:colcon.colcon_core.shell:Skip shell extension 'powershell' for command environment: Not usable outside of PowerShell
[0.335s] DEBUG:colcon.colcon_core.shell:Skip shell extension 'dsv' for command environment
[0.340s] INFO:colcon.colcon_ros.task.ament_cmake.build:Building ROS package in '/home/usuario/Documentos/GitHub/vamoshostia/ros2_ws/src/examples/topics' with build type 'ament_cmake'
[0.341s] INFO:colcon.colcon_cmake.task.cmake.build:Building CMake package in '/home/usuario/Documentos/GitHub/vamoshostia/ros2_ws/src/examples/topics'
[0.343s] INFO:colcon.colcon_core.shell:Skip shell extension 'powershell' for command environment: Not usable outside of PowerShell
[0.343s] DEBUG:colcon.colcon_core.shell:Skip shell extension 'dsv' for command environment
[0.368s] DEBUG:colcon.colcon_core.event_handler.log_command:Invoking command in '/home/usuario/Documentos/GitHub/vamoshostia/build/examples_sum': CMAKE_PREFIX_PATH=/opt/ros/foxy /usr/bin/cmake --build /home/usuario/Documentos/GitHub/vamoshostia/build/examples_sum -- -j6 -l6
[0.387s] DEBUG:colcon.colcon_core.event_handler.log_command:Invoking command in '/home/usuario/Documentos/GitHub/vamoshostia/build/examples_topics': CMAKE_PREFIX_PATH=/opt/ros/foxy /usr/bin/cmake --build /home/usuario/Documentos/GitHub/vamoshostia/build/examples_topics -- -j6 -l6
[73.640s] DEBUG:colcon.colcon_parallel_executor.executor.parallel:run_until_complete was interrupted
[73.640s] DEBUG:colcon.colcon_parallel_executor.executor.parallel:run_until_complete again
[73.643s] DEBUG:colcon.colcon_core.event_handler.log_command:Invoked command in '/home/usuario/Documentos/GitHub/vamoshostia/build/examples_sum' returned '-2': CMAKE_PREFIX_PATH=/opt/ros/foxy /usr/bin/cmake --build /home/usuario/Documentos/GitHub/vamoshostia/build/examples_sum -- -j6 -l6
[73.671s] DEBUG:colcon.colcon_core.event_handler.log_command:Invoked command in '/home/usuario/Documentos/GitHub/vamoshostia/build/examples_topics' returned '-2': CMAKE_PREFIX_PATH=/opt/ros/foxy /usr/bin/cmake --build /home/usuario/Documentos/GitHub/vamoshostia/build/examples_topics -- -j6 -l6
[73.695s] Level 1:colcon.colcon_core.environment:create_environment_scripts_only(examples_sum)
[73.702s] Level 1:colcon.colcon_core.environment:checking '/home/usuario/Documentos/GitHub/vamoshostia/install/examples_sum' for CMake module files
[73.702s] Level 1:colcon.colcon_core.environment:checking '/home/usuario/Documentos/GitHub/vamoshostia/install/examples_sum' for CMake config files
[73.703s] Level 1:colcon.colcon_core.environment:checking '/home/usuario/Documentos/GitHub/vamoshostia/install/examples_sum/bin'
[73.703s] Level 1:colcon.colcon_core.environment:checking '/home/usuario/Documentos/GitHub/vamoshostia/install/examples_sum/lib/pkgconfig/examples_sum.pc'
[73.703s] Level 1:colcon.colcon_core.environment:checking '/home/usuario/Documentos/GitHub/vamoshostia/install/examples_sum/lib/python3.8/site-packages'
[73.703s] Level 1:colcon.colcon_core.environment:checking '/home/usuario/Documentos/GitHub/vamoshostia/install/examples_sum/bin'
[73.705s] INFO:colcon.colcon_core.shell:Creating package script '/home/usuario/Documentos/GitHub/vamoshostia/install/examples_sum/share/examples_sum/package.ps1'
[73.706s] INFO:colcon.colcon_core.shell:Creating package descriptor '/home/usuario/Documentos/GitHub/vamoshostia/install/examples_sum/share/examples_sum/package.dsv'
[73.706s] INFO:colcon.colcon_core.shell:Creating package script '/home/usuario/Documentos/GitHub/vamoshostia/install/examples_sum/share/examples_sum/package.sh'
[73.707s] INFO:colcon.colcon_core.shell:Creating package script '/home/usuario/Documentos/GitHub/vamoshostia/install/examples_sum/share/examples_sum/package.bash'
[73.708s] INFO:colcon.colcon_core.shell:Creating package script '/home/usuario/Documentos/GitHub/vamoshostia/install/examples_sum/share/examples_sum/package.zsh'
[73.709s] Level 1:colcon.colcon_core.environment:create_file_with_runtime_dependencies(/home/usuario/Documentos/GitHub/vamoshostia/install/examples_sum/share/colcon-core/packages/examples_sum)
[73.721s] DEBUG:colcon.colcon_parallel_executor.executor.parallel:run_until_complete finished
[73.721s] DEBUG:colcon.colcon_parallel_executor.executor.parallel:closing loop
[73.721s] DEBUG:colcon.colcon_parallel_executor.executor.parallel:loop closed
[73.722s] DEBUG:colcon.colcon_core.event_reactor:joining thread
[73.727s] INFO:colcon.colcon_core.plugin_system:Skipping extension 'colcon_notification.desktop_notification.terminal_notifier': Not used on non-Darwin systems
[73.727s] INFO:colcon.colcon_core.plugin_system:Skipping extension 'colcon_notification.desktop_notification.win32': Not used on non-Windows systems
[73.727s] INFO:colcon.colcon_notification.desktop_notification:Sending desktop notification using 'notify2'
[73.748s] DEBUG:colcon.colcon_core.event_reactor:joined thread
[73.750s] INFO:colcon.colcon_core.shell:Creating prefix script '/home/usuario/Documentos/GitHub/vamoshostia/install/local_setup.ps1'
[73.752s] INFO:colcon.colcon_core.shell:Creating prefix util module '/home/usuario/Documentos/GitHub/vamoshostia/install/_local_setup_util_ps1.py'
[73.754s] INFO:colcon.colcon_core.shell:Creating prefix chain script '/home/usuario/Documentos/GitHub/vamoshostia/install/setup.ps1'
[73.757s] INFO:colcon.colcon_core.shell:Creating prefix script '/home/usuario/Documentos/GitHub/vamoshostia/install/local_setup.sh'
[73.763s] INFO:colcon.colcon_core.shell:Creating prefix util module '/home/usuario/Documentos/GitHub/vamoshostia/install/_local_setup_util_sh.py'
[73.764s] INFO:colcon.colcon_core.shell:Creating prefix chain script '/home/usuario/Documentos/GitHub/vamoshostia/install/setup.sh'
[73.770s] INFO:colcon.colcon_core.shell:Creating prefix script '/home/usuario/Documentos/GitHub/vamoshostia/install/local_setup.bash'
[73.771s] INFO:colcon.colcon_core.shell:Creating prefix chain script '/home/usuario/Documentos/GitHub/vamoshostia/install/setup.bash'
[73.774s] INFO:colcon.colcon_core.shell:Creating prefix script '/home/usuario/Documentos/GitHub/vamoshostia/install/local_setup.zsh'
[73.775s] INFO:colcon.colcon_core.shell:Creating prefix chain script '/home/usuario/Documentos/GitHub/vamoshostia/install/setup.zsh'
