[0.015s] Invoking command in '/home/usuario/Documentos/GitHub/vamoshostia/ros2_ws/build/cpp_srvcli': CMAKE_PREFIX_PATH=${CMAKE_PREFIX_PATH}:/opt/ros/foxy /usr/bin/cmake --build /home/usuario/Documentos/GitHub/vamoshostia/ros2_ws/build/cpp_srvcli -- -j6 -l6
[0.037s] -- Found ament_cmake: 0.9.11 (/opt/ros/foxy/share/ament_cmake/cmake)
[0.052s] -- Using PYTHON_EXECUTABLE: /usr/bin/python3
[0.198s] -- Found rclcpp: 2.4.2 (/opt/ros/foxy/share/rclcpp/cmake)
[0.225s] -- Using all available rosidl_typesupport_c: rosidl_typesupport_fastrtps_c;rosidl_typesupport_introspection_c
[0.227s] -- Found rosidl_adapter: 1.3.0 (/opt/ros/foxy/share/rosidl_adapter/cmake)
[0.316s] -- Using all available rosidl_typesupport_cpp: rosidl_typesupport_fastrtps_cpp;rosidl_typesupport_introspection_cpp
[0.351s] -- Found rmw_implementation_cmake: 1.0.3 (/opt/ros/foxy/share/rmw_implementation_cmake/cmake)
[0.352s] -- Using RMW implementation 'rmw_fastrtps_cpp' as default
[0.451s] -- Found example_interfaces: 0.9.1 (/opt/ros/foxy/share/example_interfaces/cmake)
[0.528s] CMake Error at CMakeLists.txt:27 (install):
[0.529s]   install TARGETS given target "server" which does not exist.
[0.529s] 
[0.529s] 
[0.529s] -- Found ament_lint_auto: 0.9.7 (/opt/ros/foxy/share/ament_lint_auto/cmake)
[0.592s] -- Added test 'copyright' to check source files copyright and LICENSE
[0.592s] -- Added test 'cppcheck' to perform static code analysis on C / C++ code
[0.592s] -- Configured cppcheck include dirs: 
[0.593s] -- Configured cppcheck exclude dirs and/or files: 
[0.593s] -- Added test 'cpplint' to check C / C++ code against the Google style
[0.593s] -- Configured cpplint exclude dirs and/or files: 
[0.593s] -- Added test 'lint_cmake' to check CMake code style
[0.594s] -- Added test 'uncrustify' to check C / C++ code style
[0.594s] -- Configured uncrustify additional arguments: 
[0.594s] -- Added test 'xmllint' to check XML markup files
[0.596s] -- Configuring incomplete, errors occurred!
[0.596s] See also "/home/usuario/Documentos/GitHub/vamoshostia/ros2_ws/build/cpp_srvcli/CMakeFiles/CMakeOutput.log".
[0.596s] See also "/home/usuario/Documentos/GitHub/vamoshostia/ros2_ws/build/cpp_srvcli/CMakeFiles/CMakeError.log".
[0.602s] make: *** [Makefile:266: cmake_check_build_system] Error 1
[0.604s] Invoked command in '/home/usuario/Documentos/GitHub/vamoshostia/ros2_ws/build/cpp_srvcli' returned '2': CMAKE_PREFIX_PATH=${CMAKE_PREFIX_PATH}:/opt/ros/foxy /usr/bin/cmake --build /home/usuario/Documentos/GitHub/vamoshostia/ros2_ws/build/cpp_srvcli -- -j6 -l6
