[0.035s] Invoking command in '/home/usuario/Documentos/GitHub/vamoshostia/tb3_ws/src/tb3_ws/src/obstacles/build/obstacles': CMAKE_PREFIX_PATH=${CMAKE_PREFIX_PATH}:/opt/ros/foxy /usr/bin/cmake --build /home/usuario/Documentos/GitHub/vamoshostia/tb3_ws/src/tb3_ws/src/obstacles/build/obstacles -- -j6 -l6
[0.084s] [35m[1mScanning dependencies of target detector[0m
[0.108s] [ 50%] [32mBuilding CXX object CMakeFiles/detector.dir/src/detector.cpp.o[0m
[1.059s] [01m[K/home/usuario/Documentos/GitHub/vamoshostia/tb3_ws/src/tb3_ws/src/obstacles/src/detector.cpp:[m[K In function ‘[01m[Kvoid callback(sensor_msgs::msg::LaserScan_<std::allocator<void> >::SharedPtr)[m[K’:
[1.059s] [01m[K/home/usuario/Documentos/GitHub/vamoshostia/tb3_ws/src/tb3_ws/src/obstacles/src/detector.cpp:8:60:[m[K [01;35m[Kwarning: [m[Kunused parameter ‘[01m[Kmsg[m[K’ [[01;35m[K-Wunused-parameter[m[K]
[1.059s]     8 | void callback([01;35m[Kconst sensor_msgs::msg::LaserScan::SharedPtr msg[m[K)
[1.059s]       |               [01;35m[K~~~~~~~~~~~~~~~~~~~~~~~~~~~~~~~~~~~~~~~~~~~~~^~~[m[K
[4.093s] [100%] [32m[1mLinking CXX executable detector[0m
[4.593s] [100%] Built target detector
[4.605s] Invoked command in '/home/usuario/Documentos/GitHub/vamoshostia/tb3_ws/src/tb3_ws/src/obstacles/build/obstacles' returned '0': CMAKE_PREFIX_PATH=${CMAKE_PREFIX_PATH}:/opt/ros/foxy /usr/bin/cmake --build /home/usuario/Documentos/GitHub/vamoshostia/tb3_ws/src/tb3_ws/src/obstacles/build/obstacles -- -j6 -l6
[4.644s] Invoking command in '/home/usuario/Documentos/GitHub/vamoshostia/tb3_ws/src/tb3_ws/src/obstacles/build/obstacles': CMAKE_PREFIX_PATH=${CMAKE_PREFIX_PATH}:/opt/ros/foxy /usr/bin/cmake --install /home/usuario/Documentos/GitHub/vamoshostia/tb3_ws/src/tb3_ws/src/obstacles/build/obstacles
[4.651s] -- Install configuration: ""
[4.655s] -- Installing: /home/usuario/Documentos/GitHub/vamoshostia/tb3_ws/src/tb3_ws/src/obstacles/install/obstacles/lib/obstacles/detector
[4.684s] -- Set runtime path of "/home/usuario/Documentos/GitHub/vamoshostia/tb3_ws/src/tb3_ws/src/obstacles/install/obstacles/lib/obstacles/detector" to ""
[4.684s] -- Up-to-date: /home/usuario/Documentos/GitHub/vamoshostia/tb3_ws/src/tb3_ws/src/obstacles/install/obstacles/share/ament_index/resource_index/package_run_dependencies/obstacles
[4.684s] -- Up-to-date: /home/usuario/Documentos/GitHub/vamoshostia/tb3_ws/src/tb3_ws/src/obstacles/install/obstacles/share/ament_index/resource_index/parent_prefix_path/obstacles
[4.684s] -- Up-to-date: /home/usuario/Documentos/GitHub/vamoshostia/tb3_ws/src/tb3_ws/src/obstacles/install/obstacles/share/obstacles/environment/ament_prefix_path.sh
[4.684s] -- Up-to-date: /home/usuario/Documentos/GitHub/vamoshostia/tb3_ws/src/tb3_ws/src/obstacles/install/obstacles/share/obstacles/environment/ament_prefix_path.dsv
[4.684s] -- Up-to-date: /home/usuario/Documentos/GitHub/vamoshostia/tb3_ws/src/tb3_ws/src/obstacles/install/obstacles/share/obstacles/environment/path.sh
[4.684s] -- Up-to-date: /home/usuario/Documentos/GitHub/vamoshostia/tb3_ws/src/tb3_ws/src/obstacles/install/obstacles/share/obstacles/environment/path.dsv
[4.685s] -- Up-to-date: /home/usuario/Documentos/GitHub/vamoshostia/tb3_ws/src/tb3_ws/src/obstacles/install/obstacles/share/obstacles/local_setup.bash
[4.685s] -- Up-to-date: /home/usuario/Documentos/GitHub/vamoshostia/tb3_ws/src/tb3_ws/src/obstacles/install/obstacles/share/obstacles/local_setup.sh
[4.685s] -- Up-to-date: /home/usuario/Documentos/GitHub/vamoshostia/tb3_ws/src/tb3_ws/src/obstacles/install/obstacles/share/obstacles/local_setup.zsh
[4.685s] -- Up-to-date: /home/usuario/Documentos/GitHub/vamoshostia/tb3_ws/src/tb3_ws/src/obstacles/install/obstacles/share/obstacles/local_setup.dsv
[4.685s] -- Installing: /home/usuario/Documentos/GitHub/vamoshostia/tb3_ws/src/tb3_ws/src/obstacles/install/obstacles/share/obstacles/package.dsv
[4.685s] -- Up-to-date: /home/usuario/Documentos/GitHub/vamoshostia/tb3_ws/src/tb3_ws/src/obstacles/install/obstacles/share/ament_index/resource_index/packages/obstacles
[4.685s] -- Up-to-date: /home/usuario/Documentos/GitHub/vamoshostia/tb3_ws/src/tb3_ws/src/obstacles/install/obstacles/share/obstacles/cmake/obstaclesConfig.cmake
[4.685s] -- Up-to-date: /home/usuario/Documentos/GitHub/vamoshostia/tb3_ws/src/tb3_ws/src/obstacles/install/obstacles/share/obstacles/cmake/obstaclesConfig-version.cmake
[4.685s] -- Up-to-date: /home/usuario/Documentos/GitHub/vamoshostia/tb3_ws/src/tb3_ws/src/obstacles/install/obstacles/share/obstacles/package.xml
[4.689s] Invoked command in '/home/usuario/Documentos/GitHub/vamoshostia/tb3_ws/src/tb3_ws/src/obstacles/build/obstacles' returned '0': CMAKE_PREFIX_PATH=${CMAKE_PREFIX_PATH}:/opt/ros/foxy /usr/bin/cmake --install /home/usuario/Documentos/GitHub/vamoshostia/tb3_ws/src/tb3_ws/src/obstacles/build/obstacles
