[0.027s] Invoking command in '/home/usuario/Documentos/GitHub/vamoshostia/ros2_ws/build/examples_sum': CMAKE_PREFIX_PATH=${CMAKE_PREFIX_PATH}:/opt/ros/foxy /usr/bin/cmake /home/usuario/Documentos/GitHub/vamoshostia/ros2_ws/src/sum -DCMAKE_INSTALL_PREFIX=/home/usuario/Documentos/GitHub/vamoshostia/ros2_ws/install/examples_sum
[0.067s] -- The C compiler identification is GNU 9.4.0
[0.108s] -- The CXX compiler identification is GNU 9.4.0
[0.113s] -- Check for working C compiler: /usr/bin/cc
[0.170s] -- Check for working C compiler: /usr/bin/cc -- works
[0.176s] -- Detecting C compiler ABI info
[0.231s] -- Detecting C compiler ABI info - done
[0.243s] -- Detecting C compile features
[0.243s] -- Detecting C compile features - done
[0.247s] -- Check for working CXX compiler: /usr/bin/c++
[0.331s] -- Check for working CXX compiler: /usr/bin/c++ -- works
[0.332s] -- Detecting CXX compiler ABI info
[0.418s] -- Detecting CXX compiler ABI info - done
[0.429s] -- Detecting CXX compile features
[0.430s] -- Detecting CXX compile features - done
[0.432s] -- Found ament_cmake: 0.9.11 (/opt/ros/foxy/share/ament_cmake/cmake)
[0.458s] -- Found PythonInterp: /usr/bin/python3 (found suitable version "3.8.10", minimum required is "3") 
[0.458s] -- Using PYTHON_EXECUTABLE: /usr/bin/python3
[0.625s] -- Found rclcpp: 2.4.2 (/opt/ros/foxy/share/rclcpp/cmake)
[0.658s] -- Using all available rosidl_typesupport_c: rosidl_typesupport_fastrtps_c;rosidl_typesupport_introspection_c
[0.663s] -- Found rosidl_adapter: 1.3.0 (/opt/ros/foxy/share/rosidl_adapter/cmake)
[0.722s] -- Found OpenSSL: /usr/lib/x86_64-linux-gnu/libcrypto.so (found version "1.1.1f")  
[0.747s] -- Found FastRTPS: /opt/ros/foxy/include  
[0.806s] -- Using all available rosidl_typesupport_cpp: rosidl_typesupport_fastrtps_cpp;rosidl_typesupport_introspection_cpp
[0.846s] -- Found rmw_implementation_cmake: 1.0.3 (/opt/ros/foxy/share/rmw_implementation_cmake/cmake)
[0.847s] -- Using RMW implementation 'rmw_fastrtps_cpp' as default
[0.850s] -- Looking for pthread.h
[0.921s] -- Looking for pthread.h - found
[0.922s] -- Performing Test CMAKE_HAVE_LIBC_PTHREAD
[1.000s] -- Performing Test CMAKE_HAVE_LIBC_PTHREAD - Failed
[1.001s] -- Looking for pthread_create in pthreads
[1.058s] -- Looking for pthread_create in pthreads - not found
[1.059s] -- Looking for pthread_create in pthread
[1.134s] -- Looking for pthread_create in pthread - found
[1.135s] -- Found Threads: TRUE  
[1.308s] -- Configuring done
[1.314s] -- Generating done
[1.317s] -- Build files have been written to: /home/usuario/Documentos/GitHub/vamoshostia/ros2_ws/build/examples_sum
[1.323s] Invoked command in '/home/usuario/Documentos/GitHub/vamoshostia/ros2_ws/build/examples_sum' returned '0': CMAKE_PREFIX_PATH=${CMAKE_PREFIX_PATH}:/opt/ros/foxy /usr/bin/cmake /home/usuario/Documentos/GitHub/vamoshostia/ros2_ws/src/sum -DCMAKE_INSTALL_PREFIX=/home/usuario/Documentos/GitHub/vamoshostia/ros2_ws/install/examples_sum
[1.326s] Invoking command in '/home/usuario/Documentos/GitHub/vamoshostia/ros2_ws/build/examples_sum': CMAKE_PREFIX_PATH=${CMAKE_PREFIX_PATH}:/opt/ros/foxy /usr/bin/cmake --build /home/usuario/Documentos/GitHub/vamoshostia/ros2_ws/build/examples_sum -- -j6 -l6
[1.369s] [35m[1mScanning dependencies of target sum[0m
[1.401s] [ 50%] [32mBuilding CXX object CMakeFiles/sum.dir/sum.cpp.o[0m
[5.127s] [100%] [32m[1mLinking CXX executable sum[0m
[5.549s] [100%] Built target sum
[5.561s] Invoked command in '/home/usuario/Documentos/GitHub/vamoshostia/ros2_ws/build/examples_sum' returned '0': CMAKE_PREFIX_PATH=${CMAKE_PREFIX_PATH}:/opt/ros/foxy /usr/bin/cmake --build /home/usuario/Documentos/GitHub/vamoshostia/ros2_ws/build/examples_sum -- -j6 -l6
[5.589s] Invoking command in '/home/usuario/Documentos/GitHub/vamoshostia/ros2_ws/build/examples_sum': CMAKE_PREFIX_PATH=${CMAKE_PREFIX_PATH}:/opt/ros/foxy /usr/bin/cmake --install /home/usuario/Documentos/GitHub/vamoshostia/ros2_ws/build/examples_sum
[5.598s] -- Install configuration: ""
[5.598s] -- Installing: /home/usuario/Documentos/GitHub/vamoshostia/ros2_ws/install/examples_sum/lib/examples_sum/sum
[5.613s] -- Set runtime path of "/home/usuario/Documentos/GitHub/vamoshostia/ros2_ws/install/examples_sum/lib/examples_sum/sum" to ""
[5.613s] -- Installing: /home/usuario/Documentos/GitHub/vamoshostia/ros2_ws/install/examples_sum/share/ament_index/resource_index/package_run_dependencies/examples_sum
[5.613s] -- Installing: /home/usuario/Documentos/GitHub/vamoshostia/ros2_ws/install/examples_sum/share/ament_index/resource_index/parent_prefix_path/examples_sum
[5.614s] -- Installing: /home/usuario/Documentos/GitHub/vamoshostia/ros2_ws/install/examples_sum/share/examples_sum/environment/ament_prefix_path.sh
[5.614s] -- Installing: /home/usuario/Documentos/GitHub/vamoshostia/ros2_ws/install/examples_sum/share/examples_sum/environment/ament_prefix_path.dsv
[5.614s] -- Installing: /home/usuario/Documentos/GitHub/vamoshostia/ros2_ws/install/examples_sum/share/examples_sum/environment/path.sh
[5.614s] -- Installing: /home/usuario/Documentos/GitHub/vamoshostia/ros2_ws/install/examples_sum/share/examples_sum/environment/path.dsv
[5.615s] -- Installing: /home/usuario/Documentos/GitHub/vamoshostia/ros2_ws/install/examples_sum/share/examples_sum/local_setup.bash
[5.615s] -- Installing: /home/usuario/Documentos/GitHub/vamoshostia/ros2_ws/install/examples_sum/share/examples_sum/local_setup.sh
[5.616s] -- Installing: /home/usuario/Documentos/GitHub/vamoshostia/ros2_ws/install/examples_sum/share/examples_sum/local_setup.zsh
[5.616s] -- Installing: /home/usuario/Documentos/GitHub/vamoshostia/ros2_ws/install/examples_sum/share/examples_sum/local_setup.dsv
[5.617s] -- Installing: /home/usuario/Documentos/GitHub/vamoshostia/ros2_ws/install/examples_sum/share/examples_sum/package.dsv
[5.617s] -- Installing: /home/usuario/Documentos/GitHub/vamoshostia/ros2_ws/install/examples_sum/share/ament_index/resource_index/packages/examples_sum
[5.618s] -- Installing: /home/usuario/Documentos/GitHub/vamoshostia/ros2_ws/install/examples_sum/share/examples_sum/cmake/examples_sumConfig.cmake
[5.618s] -- Installing: /home/usuario/Documentos/GitHub/vamoshostia/ros2_ws/install/examples_sum/share/examples_sum/cmake/examples_sumConfig-version.cmake
[5.619s] -- Installing: /home/usuario/Documentos/GitHub/vamoshostia/ros2_ws/install/examples_sum/share/examples_sum/package.xml
[5.626s] Invoked command in '/home/usuario/Documentos/GitHub/vamoshostia/ros2_ws/build/examples_sum' returned '0': CMAKE_PREFIX_PATH=${CMAKE_PREFIX_PATH}:/opt/ros/foxy /usr/bin/cmake --install /home/usuario/Documentos/GitHub/vamoshostia/ros2_ws/build/examples_sum
