[0.222s] DEBUG:colcon:Command line arguments: ['/usr/bin/colcon', 'build', '--packages-select', 'action_tutorials_interfaces']
[0.222s] DEBUG:colcon:Parsed command line arguments: Namespace(allow_overriding=[], ament_cmake_args=None, base_paths=['.'], build_base='build', catkin_cmake_args=None, catkin_skip_building_tests=False, cmake_args=None, cmake_clean_cache=False, cmake_clean_first=False, cmake_force_configure=False, cmake_target=None, cmake_target_skip_unavailable=False, continue_on_error=False, event_handlers=None, executor='parallel', ignore_user_meta=False, install_base='install', log_base=None, log_level=None, main=<bound method BuildVerb.main of <colcon_core.verb.build.BuildVerb object at 0x7f70a114bd90>>, merge_install=False, metas=['./colcon.meta'], packages_above=None, packages_above_and_dependencies=None, packages_above_depth=None, packages_end=None, packages_ignore=None, packages_ignore_regex=None, packages_select=['action_tutorials_interfaces'], packages_select_build_failed=False, packages_select_by_dep=None, packages_select_regex=None, packages_select_test_failures=False, packages_skip=None, packages_skip_build_finished=False, packages_skip_by_dep=None, packages_skip_regex=None, packages_skip_test_passed=False, packages_skip_up_to=None, packages_start=None, packages_up_to=None, packages_up_to_regex=None, parallel_workers=6, paths=None, symlink_install=False, test_result_base=None, verb_extension=<colcon_core.verb.build.BuildVerb object at 0x7f70a114bd90>, verb_name='build', verb_parser=<colcon_defaults.argument_parser.defaults.DefaultArgumentsDecorator object at 0x7f70a1152340>)
[0.261s] Level 1:colcon.colcon_core.package_discovery:discover_packages(colcon_meta) check parameters
[0.261s] Level 1:colcon.colcon_core.package_discovery:discover_packages(recursive) check parameters
[0.261s] Level 1:colcon.colcon_core.package_discovery:discover_packages(ignore) check parameters
[0.261s] Level 1:colcon.colcon_core.package_discovery:discover_packages(path) check parameters
[0.261s] Level 1:colcon.colcon_core.package_discovery:discover_packages(colcon_meta) discover
[0.261s] Level 1:colcon.colcon_core.package_discovery:discover_packages(recursive) discover
[0.261s] INFO:colcon.colcon_core.package_discovery:Crawling recursively for packages in '/home/usuario/Documentos/GitHub/vamoshostia/ros2_ws/src/action_tutorials_interfaces'
[0.261s] Level 1:colcon.colcon_core.package_identification:_identify(.) by extensions ['ignore', 'ignore_ament_install']
[0.261s] Level 1:colcon.colcon_core.package_identification:_identify(.) by extension 'ignore'
[0.261s] Level 1:colcon.colcon_core.package_identification:_identify(.) by extension 'ignore_ament_install'
[0.261s] Level 1:colcon.colcon_core.package_identification:_identify(.) by extensions ['colcon_pkg']
[0.261s] Level 1:colcon.colcon_core.package_identification:_identify(.) by extension 'colcon_pkg'
[0.261s] Level 1:colcon.colcon_core.package_identification:_identify(.) by extensions ['colcon_meta']
[0.261s] Level 1:colcon.colcon_core.package_identification:_identify(.) by extension 'colcon_meta'
[0.261s] Level 1:colcon.colcon_core.package_identification:_identify(.) by extensions ['ros']
[0.261s] Level 1:colcon.colcon_core.package_identification:_identify(.) by extension 'ros'
[0.293s] DEBUG:colcon.colcon_core.package_identification:Package '.' with type 'ros.ament_cmake' and name 'action_tutorials_interfaces'
[0.293s] Level 1:colcon.colcon_core.package_discovery:discover_packages(recursive) using defaults
[0.293s] Level 1:colcon.colcon_core.package_discovery:discover_packages(ignore) discover
[0.293s] Level 1:colcon.colcon_core.package_discovery:discover_packages(ignore) using defaults
[0.293s] Level 1:colcon.colcon_core.package_discovery:discover_packages(path) discover
[0.293s] Level 1:colcon.colcon_core.package_discovery:discover_packages(path) using defaults
[0.321s] Level 1:colcon.colcon_core.package_discovery:discover_packages(prefix_path) check parameters
[0.321s] Level 1:colcon.colcon_core.package_discovery:discover_packages(prefix_path) discover
[0.325s] DEBUG:colcon.colcon_installed_package_information.package_discovery:Found 271 installed packages in /opt/ros/foxy
[0.327s] Level 1:colcon.colcon_core.package_discovery:discover_packages(prefix_path) using defaults
[0.383s] Level 5:colcon.colcon_core.verb:set package 'action_tutorials_interfaces' build argument 'cmake_args' from command line to 'None'
[0.383s] Level 5:colcon.colcon_core.verb:set package 'action_tutorials_interfaces' build argument 'cmake_target' from command line to 'None'
[0.383s] Level 5:colcon.colcon_core.verb:set package 'action_tutorials_interfaces' build argument 'cmake_target_skip_unavailable' from command line to 'False'
[0.383s] Level 5:colcon.colcon_core.verb:set package 'action_tutorials_interfaces' build argument 'cmake_clean_cache' from command line to 'False'
[0.383s] Level 5:colcon.colcon_core.verb:set package 'action_tutorials_interfaces' build argument 'cmake_clean_first' from command line to 'False'
[0.383s] Level 5:colcon.colcon_core.verb:set package 'action_tutorials_interfaces' build argument 'cmake_force_configure' from command line to 'False'
[0.383s] Level 5:colcon.colcon_core.verb:set package 'action_tutorials_interfaces' build argument 'ament_cmake_args' from command line to 'None'
[0.383s] Level 5:colcon.colcon_core.verb:set package 'action_tutorials_interfaces' build argument 'catkin_cmake_args' from command line to 'None'
[0.383s] Level 5:colcon.colcon_core.verb:set package 'action_tutorials_interfaces' build argument 'catkin_skip_building_tests' from command line to 'False'
[0.383s] DEBUG:colcon.colcon_core.verb:Building package 'action_tutorials_interfaces' with the following arguments: {'ament_cmake_args': None, 'build_base': '/home/usuario/Documentos/GitHub/vamoshostia/ros2_ws/src/action_tutorials_interfaces/build/action_tutorials_interfaces', 'catkin_cmake_args': None, 'catkin_skip_building_tests': False, 'cmake_args': None, 'cmake_clean_cache': False, 'cmake_clean_first': False, 'cmake_force_configure': False, 'cmake_target': None, 'cmake_target_skip_unavailable': False, 'install_base': '/home/usuario/Documentos/GitHub/vamoshostia/ros2_ws/src/action_tutorials_interfaces/install/action_tutorials_interfaces', 'merge_install': False, 'path': '/home/usuario/Documentos/GitHub/vamoshostia/ros2_ws/src/action_tutorials_interfaces', 'symlink_install': False, 'test_result_base': None}
[0.384s] INFO:colcon.colcon_core.executor:Executing jobs using 'parallel' executor
[0.389s] DEBUG:colcon.colcon_parallel_executor.executor.parallel:run_until_complete
[0.389s] INFO:colcon.colcon_ros.task.ament_cmake.build:Building ROS package in '/home/usuario/Documentos/GitHub/vamoshostia/ros2_ws/src/action_tutorials_interfaces' with build type 'ament_cmake'
[0.389s] INFO:colcon.colcon_cmake.task.cmake.build:Building CMake package in '/home/usuario/Documentos/GitHub/vamoshostia/ros2_ws/src/action_tutorials_interfaces'
[0.399s] INFO:colcon.colcon_core.plugin_system:Skipping extension 'colcon_core.shell.bat': Not used on non-Windows systems
[0.399s] INFO:colcon.colcon_core.shell:Skip shell extension 'powershell' for command environment: Not usable outside of PowerShell
[0.399s] DEBUG:colcon.colcon_core.shell:Skip shell extension 'dsv' for command environment
[0.413s] DEBUG:colcon.colcon_core.event_handler.log_command:Invoking command in '/home/usuario/Documentos/GitHub/vamoshostia/ros2_ws/src/action_tutorials_interfaces/build/action_tutorials_interfaces': CMAKE_PREFIX_PATH=/opt/ros/foxy /usr/bin/cmake /home/usuario/Documentos/GitHub/vamoshostia/ros2_ws/src/action_tutorials_interfaces -DCMAKE_INSTALL_PREFIX=/home/usuario/Documentos/GitHub/vamoshostia/ros2_ws/src/action_tutorials_interfaces/install/action_tutorials_interfaces
[5.417s] DEBUG:colcon.colcon_core.event_handler.log_command:Invoked command in '/home/usuario/Documentos/GitHub/vamoshostia/ros2_ws/src/action_tutorials_interfaces/build/action_tutorials_interfaces' returned '0': CMAKE_PREFIX_PATH=/opt/ros/foxy /usr/bin/cmake /home/usuario/Documentos/GitHub/vamoshostia/ros2_ws/src/action_tutorials_interfaces -DCMAKE_INSTALL_PREFIX=/home/usuario/Documentos/GitHub/vamoshostia/ros2_ws/src/action_tutorials_interfaces/install/action_tutorials_interfaces
[5.427s] DEBUG:colcon.colcon_core.event_handler.log_command:Invoking command in '/home/usuario/Documentos/GitHub/vamoshostia/ros2_ws/src/action_tutorials_interfaces/build/action_tutorials_interfaces': CMAKE_PREFIX_PATH=/opt/ros/foxy /usr/bin/cmake --build /home/usuario/Documentos/GitHub/vamoshostia/ros2_ws/src/action_tutorials_interfaces/build/action_tutorials_interfaces -- -j6 -l6
[15.613s] DEBUG:colcon.colcon_core.event_handler.log_command:Invoked command in '/home/usuario/Documentos/GitHub/vamoshostia/ros2_ws/src/action_tutorials_interfaces/build/action_tutorials_interfaces' returned '0': CMAKE_PREFIX_PATH=/opt/ros/foxy /usr/bin/cmake --build /home/usuario/Documentos/GitHub/vamoshostia/ros2_ws/src/action_tutorials_interfaces/build/action_tutorials_interfaces -- -j6 -l6
[15.680s] DEBUG:colcon.colcon_core.event_handler.log_command:Invoking command in '/home/usuario/Documentos/GitHub/vamoshostia/ros2_ws/src/action_tutorials_interfaces/build/action_tutorials_interfaces': CMAKE_PREFIX_PATH=/opt/ros/foxy /usr/bin/cmake --install /home/usuario/Documentos/GitHub/vamoshostia/ros2_ws/src/action_tutorials_interfaces/build/action_tutorials_interfaces
[16.578s] Level 1:colcon.colcon_core.environment:create_environment_scripts_only(action_tutorials_interfaces)
[16.579s] DEBUG:colcon.colcon_core.event_handler.log_command:Invoked command in '/home/usuario/Documentos/GitHub/vamoshostia/ros2_ws/src/action_tutorials_interfaces/build/action_tutorials_interfaces' returned '0': CMAKE_PREFIX_PATH=/opt/ros/foxy /usr/bin/cmake --install /home/usuario/Documentos/GitHub/vamoshostia/ros2_ws/src/action_tutorials_interfaces/build/action_tutorials_interfaces
[16.588s] Level 1:colcon.colcon_core.environment:checking '/home/usuario/Documentos/GitHub/vamoshostia/ros2_ws/src/action_tutorials_interfaces/install/action_tutorials_interfaces' for CMake module files
[16.588s] Level 1:colcon.colcon_core.environment:checking '/home/usuario/Documentos/GitHub/vamoshostia/ros2_ws/src/action_tutorials_interfaces/install/action_tutorials_interfaces' for CMake config files
[16.589s] Level 1:colcon.colcon_core.shell:create_environment_hook('action_tutorials_interfaces', 'cmake_prefix_path')
[16.591s] INFO:colcon.colcon_core.shell:Creating environment hook '/home/usuario/Documentos/GitHub/vamoshostia/ros2_ws/src/action_tutorials_interfaces/install/action_tutorials_interfaces/share/action_tutorials_interfaces/hook/cmake_prefix_path.ps1'
[16.592s] INFO:colcon.colcon_core.shell:Creating environment descriptor '/home/usuario/Documentos/GitHub/vamoshostia/ros2_ws/src/action_tutorials_interfaces/install/action_tutorials_interfaces/share/action_tutorials_interfaces/hook/cmake_prefix_path.dsv'
[16.593s] INFO:colcon.colcon_core.shell:Creating environment hook '/home/usuario/Documentos/GitHub/vamoshostia/ros2_ws/src/action_tutorials_interfaces/install/action_tutorials_interfaces/share/action_tutorials_interfaces/hook/cmake_prefix_path.sh'
[16.594s] Level 1:colcon.colcon_core.environment:checking '/home/usuario/Documentos/GitHub/vamoshostia/ros2_ws/src/action_tutorials_interfaces/install/action_tutorials_interfaces/lib'
[16.594s] Level 1:colcon.colcon_core.shell:create_environment_hook('action_tutorials_interfaces', 'ld_library_path_lib')
[16.596s] INFO:colcon.colcon_core.shell:Creating environment hook '/home/usuario/Documentos/GitHub/vamoshostia/ros2_ws/src/action_tutorials_interfaces/install/action_tutorials_interfaces/share/action_tutorials_interfaces/hook/ld_library_path_lib.ps1'
[16.596s] INFO:colcon.colcon_core.shell:Creating environment descriptor '/home/usuario/Documentos/GitHub/vamoshostia/ros2_ws/src/action_tutorials_interfaces/install/action_tutorials_interfaces/share/action_tutorials_interfaces/hook/ld_library_path_lib.dsv'
[16.597s] INFO:colcon.colcon_core.shell:Creating environment hook '/home/usuario/Documentos/GitHub/vamoshostia/ros2_ws/src/action_tutorials_interfaces/install/action_tutorials_interfaces/share/action_tutorials_interfaces/hook/ld_library_path_lib.sh'
[16.597s] Level 1:colcon.colcon_core.environment:checking '/home/usuario/Documentos/GitHub/vamoshostia/ros2_ws/src/action_tutorials_interfaces/install/action_tutorials_interfaces/bin'
[16.597s] Level 1:colcon.colcon_core.environment:checking '/home/usuario/Documentos/GitHub/vamoshostia/ros2_ws/src/action_tutorials_interfaces/install/action_tutorials_interfaces/lib/pkgconfig/action_tutorials_interfaces.pc'
[16.597s] Level 1:colcon.colcon_core.environment:checking '/home/usuario/Documentos/GitHub/vamoshostia/ros2_ws/src/action_tutorials_interfaces/install/action_tutorials_interfaces/lib/python3.8/site-packages'
[16.597s] Level 1:colcon.colcon_core.shell:create_environment_hook('action_tutorials_interfaces', 'pythonpath')
[16.599s] INFO:colcon.colcon_core.shell:Creating environment hook '/home/usuario/Documentos/GitHub/vamoshostia/ros2_ws/src/action_tutorials_interfaces/install/action_tutorials_interfaces/share/action_tutorials_interfaces/hook/pythonpath.ps1'
[16.600s] INFO:colcon.colcon_core.shell:Creating environment descriptor '/home/usuario/Documentos/GitHub/vamoshostia/ros2_ws/src/action_tutorials_interfaces/install/action_tutorials_interfaces/share/action_tutorials_interfaces/hook/pythonpath.dsv'
[16.600s] INFO:colcon.colcon_core.shell:Creating environment hook '/home/usuario/Documentos/GitHub/vamoshostia/ros2_ws/src/action_tutorials_interfaces/install/action_tutorials_interfaces/share/action_tutorials_interfaces/hook/pythonpath.sh'
[16.601s] Level 1:colcon.colcon_core.environment:checking '/home/usuario/Documentos/GitHub/vamoshostia/ros2_ws/src/action_tutorials_interfaces/install/action_tutorials_interfaces/bin'
[16.603s] INFO:colcon.colcon_core.shell:Creating package script '/home/usuario/Documentos/GitHub/vamoshostia/ros2_ws/src/action_tutorials_interfaces/install/action_tutorials_interfaces/share/action_tutorials_interfaces/package.ps1'
[16.604s] INFO:colcon.colcon_core.shell:Creating package descriptor '/home/usuario/Documentos/GitHub/vamoshostia/ros2_ws/src/action_tutorials_interfaces/install/action_tutorials_interfaces/share/action_tutorials_interfaces/package.dsv'
[16.605s] INFO:colcon.colcon_core.shell:Creating package script '/home/usuario/Documentos/GitHub/vamoshostia/ros2_ws/src/action_tutorials_interfaces/install/action_tutorials_interfaces/share/action_tutorials_interfaces/package.sh'
[16.607s] INFO:colcon.colcon_core.shell:Creating package script '/home/usuario/Documentos/GitHub/vamoshostia/ros2_ws/src/action_tutorials_interfaces/install/action_tutorials_interfaces/share/action_tutorials_interfaces/package.bash'
[16.608s] INFO:colcon.colcon_core.shell:Creating package script '/home/usuario/Documentos/GitHub/vamoshostia/ros2_ws/src/action_tutorials_interfaces/install/action_tutorials_interfaces/share/action_tutorials_interfaces/package.zsh'
[16.609s] Level 1:colcon.colcon_core.environment:create_file_with_runtime_dependencies(/home/usuario/Documentos/GitHub/vamoshostia/ros2_ws/src/action_tutorials_interfaces/install/action_tutorials_interfaces/share/colcon-core/packages/action_tutorials_interfaces)
[16.660s] Level 1:colcon.colcon_core.environment:create_environment_scripts_only(action_tutorials_interfaces)
[16.663s] Level 1:colcon.colcon_core.environment:checking '/home/usuario/Documentos/GitHub/vamoshostia/ros2_ws/src/action_tutorials_interfaces/install/action_tutorials_interfaces' for CMake module files
[16.663s] Level 1:colcon.colcon_core.environment:checking '/home/usuario/Documentos/GitHub/vamoshostia/ros2_ws/src/action_tutorials_interfaces/install/action_tutorials_interfaces' for CMake config files
[16.663s] Level 1:colcon.colcon_core.shell:create_environment_hook('action_tutorials_interfaces', 'cmake_prefix_path')
[16.665s] INFO:colcon.colcon_core.shell:Creating environment hook '/home/usuario/Documentos/GitHub/vamoshostia/ros2_ws/src/action_tutorials_interfaces/install/action_tutorials_interfaces/share/action_tutorials_interfaces/hook/cmake_prefix_path.ps1'
[16.667s] INFO:colcon.colcon_core.shell:Creating environment descriptor '/home/usuario/Documentos/GitHub/vamoshostia/ros2_ws/src/action_tutorials_interfaces/install/action_tutorials_interfaces/share/action_tutorials_interfaces/hook/cmake_prefix_path.dsv'
[16.668s] INFO:colcon.colcon_core.shell:Creating environment hook '/home/usuario/Documentos/GitHub/vamoshostia/ros2_ws/src/action_tutorials_interfaces/install/action_tutorials_interfaces/share/action_tutorials_interfaces/hook/cmake_prefix_path.sh'
[16.669s] Level 1:colcon.colcon_core.environment:checking '/home/usuario/Documentos/GitHub/vamoshostia/ros2_ws/src/action_tutorials_interfaces/install/action_tutorials_interfaces/lib'
[16.669s] Level 1:colcon.colcon_core.shell:create_environment_hook('action_tutorials_interfaces', 'ld_library_path_lib')
[16.671s] INFO:colcon.colcon_core.shell:Creating environment hook '/home/usuario/Documentos/GitHub/vamoshostia/ros2_ws/src/action_tutorials_interfaces/install/action_tutorials_interfaces/share/action_tutorials_interfaces/hook/ld_library_path_lib.ps1'
[16.676s] INFO:colcon.colcon_core.shell:Creating environment descriptor '/home/usuario/Documentos/GitHub/vamoshostia/ros2_ws/src/action_tutorials_interfaces/install/action_tutorials_interfaces/share/action_tutorials_interfaces/hook/ld_library_path_lib.dsv'
[16.677s] INFO:colcon.colcon_core.shell:Creating environment hook '/home/usuario/Documentos/GitHub/vamoshostia/ros2_ws/src/action_tutorials_interfaces/install/action_tutorials_interfaces/share/action_tutorials_interfaces/hook/ld_library_path_lib.sh'
[16.681s] Level 1:colcon.colcon_core.environment:checking '/home/usuario/Documentos/GitHub/vamoshostia/ros2_ws/src/action_tutorials_interfaces/install/action_tutorials_interfaces/bin'
[16.682s] Level 1:colcon.colcon_core.environment:checking '/home/usuario/Documentos/GitHub/vamoshostia/ros2_ws/src/action_tutorials_interfaces/install/action_tutorials_interfaces/lib/pkgconfig/action_tutorials_interfaces.pc'
[16.682s] Level 1:colcon.colcon_core.environment:checking '/home/usuario/Documentos/GitHub/vamoshostia/ros2_ws/src/action_tutorials_interfaces/install/action_tutorials_interfaces/lib/python3.8/site-packages'
[16.682s] Level 1:colcon.colcon_core.shell:create_environment_hook('action_tutorials_interfaces', 'pythonpath')
[16.685s] INFO:colcon.colcon_core.shell:Creating environment hook '/home/usuario/Documentos/GitHub/vamoshostia/ros2_ws/src/action_tutorials_interfaces/install/action_tutorials_interfaces/share/action_tutorials_interfaces/hook/pythonpath.ps1'
[16.690s] INFO:colcon.colcon_core.shell:Creating environment descriptor '/home/usuario/Documentos/GitHub/vamoshostia/ros2_ws/src/action_tutorials_interfaces/install/action_tutorials_interfaces/share/action_tutorials_interfaces/hook/pythonpath.dsv'
[16.691s] INFO:colcon.colcon_core.shell:Creating environment hook '/home/usuario/Documentos/GitHub/vamoshostia/ros2_ws/src/action_tutorials_interfaces/install/action_tutorials_interfaces/share/action_tutorials_interfaces/hook/pythonpath.sh'
[16.696s] Level 1:colcon.colcon_core.environment:checking '/home/usuario/Documentos/GitHub/vamoshostia/ros2_ws/src/action_tutorials_interfaces/install/action_tutorials_interfaces/bin'
[16.698s] INFO:colcon.colcon_core.shell:Creating package script '/home/usuario/Documentos/GitHub/vamoshostia/ros2_ws/src/action_tutorials_interfaces/install/action_tutorials_interfaces/share/action_tutorials_interfaces/package.ps1'
[16.704s] INFO:colcon.colcon_core.shell:Creating package descriptor '/home/usuario/Documentos/GitHub/vamoshostia/ros2_ws/src/action_tutorials_interfaces/install/action_tutorials_interfaces/share/action_tutorials_interfaces/package.dsv'
[16.708s] INFO:colcon.colcon_core.shell:Creating package script '/home/usuario/Documentos/GitHub/vamoshostia/ros2_ws/src/action_tutorials_interfaces/install/action_tutorials_interfaces/share/action_tutorials_interfaces/package.sh'
[16.713s] INFO:colcon.colcon_core.shell:Creating package script '/home/usuario/Documentos/GitHub/vamoshostia/ros2_ws/src/action_tutorials_interfaces/install/action_tutorials_interfaces/share/action_tutorials_interfaces/package.bash'
[16.718s] INFO:colcon.colcon_core.shell:Creating package script '/home/usuario/Documentos/GitHub/vamoshostia/ros2_ws/src/action_tutorials_interfaces/install/action_tutorials_interfaces/share/action_tutorials_interfaces/package.zsh'
[16.723s] Level 1:colcon.colcon_core.environment:create_file_with_runtime_dependencies(/home/usuario/Documentos/GitHub/vamoshostia/ros2_ws/src/action_tutorials_interfaces/install/action_tutorials_interfaces/share/colcon-core/packages/action_tutorials_interfaces)
[16.727s] DEBUG:colcon.colcon_parallel_executor.executor.parallel:closing loop
[16.728s] DEBUG:colcon.colcon_parallel_executor.executor.parallel:loop closed
[16.728s] DEBUG:colcon.colcon_parallel_executor.executor.parallel:run_until_complete finished with '0'
[16.728s] DEBUG:colcon.colcon_core.event_reactor:joining thread
[16.734s] INFO:colcon.colcon_core.plugin_system:Skipping extension 'colcon_notification.desktop_notification.terminal_notifier': Not used on non-Darwin systems
[16.734s] INFO:colcon.colcon_core.plugin_system:Skipping extension 'colcon_notification.desktop_notification.win32': Not used on non-Windows systems
[16.734s] INFO:colcon.colcon_notification.desktop_notification:Sending desktop notification using 'notify2'
[16.748s] DEBUG:colcon.colcon_core.event_reactor:joined thread
[16.750s] INFO:colcon.colcon_core.shell:Creating prefix script '/home/usuario/Documentos/GitHub/vamoshostia/ros2_ws/src/action_tutorials_interfaces/install/local_setup.ps1'
[16.752s] INFO:colcon.colcon_core.shell:Creating prefix util module '/home/usuario/Documentos/GitHub/vamoshostia/ros2_ws/src/action_tutorials_interfaces/install/_local_setup_util_ps1.py'
[16.753s] INFO:colcon.colcon_core.shell:Creating prefix chain script '/home/usuario/Documentos/GitHub/vamoshostia/ros2_ws/src/action_tutorials_interfaces/install/setup.ps1'
[16.755s] INFO:colcon.colcon_core.shell:Creating prefix script '/home/usuario/Documentos/GitHub/vamoshostia/ros2_ws/src/action_tutorials_interfaces/install/local_setup.sh'
[16.756s] INFO:colcon.colcon_core.shell:Creating prefix util module '/home/usuario/Documentos/GitHub/vamoshostia/ros2_ws/src/action_tutorials_interfaces/install/_local_setup_util_sh.py'
[16.757s] INFO:colcon.colcon_core.shell:Creating prefix chain script '/home/usuario/Documentos/GitHub/vamoshostia/ros2_ws/src/action_tutorials_interfaces/install/setup.sh'
[16.759s] INFO:colcon.colcon_core.shell:Creating prefix script '/home/usuario/Documentos/GitHub/vamoshostia/ros2_ws/src/action_tutorials_interfaces/install/local_setup.bash'
[16.760s] INFO:colcon.colcon_core.shell:Creating prefix chain script '/home/usuario/Documentos/GitHub/vamoshostia/ros2_ws/src/action_tutorials_interfaces/install/setup.bash'
[16.761s] INFO:colcon.colcon_core.shell:Creating prefix script '/home/usuario/Documentos/GitHub/vamoshostia/ros2_ws/src/action_tutorials_interfaces/install/local_setup.zsh'
[16.762s] INFO:colcon.colcon_core.shell:Creating prefix chain script '/home/usuario/Documentos/GitHub/vamoshostia/ros2_ws/src/action_tutorials_interfaces/install/setup.zsh'
