[0.023s] Invoking command in '/home/usuario/Documentos/GitHub/vamoshostia/build/examples_topics': CMAKE_PREFIX_PATH=${CMAKE_PREFIX_PATH}:/opt/ros/foxy /usr/bin/cmake --build /home/usuario/Documentos/GitHub/vamoshostia/build/examples_topics -- -j6 -l6
[0.069s] [100%] Built target subscriber
[0.069s] [100%] Built target publisher
[0.077s] Invoked command in '/home/usuario/Documentos/GitHub/vamoshostia/build/examples_topics' returned '0': CMAKE_PREFIX_PATH=${CMAKE_PREFIX_PATH}:/opt/ros/foxy /usr/bin/cmake --build /home/usuario/Documentos/GitHub/vamoshostia/build/examples_topics -- -j6 -l6
[0.100s] Invoking command in '/home/usuario/Documentos/GitHub/vamoshostia/build/examples_topics': CMAKE_PREFIX_PATH=${CMAKE_PREFIX_PATH}:/opt/ros/foxy /usr/bin/cmake --install /home/usuario/Documentos/GitHub/vamoshostia/build/examples_topics
[0.107s] -- Install configuration: ""
[0.111s] -- Up-to-date: /home/usuario/Documentos/GitHub/vamoshostia/install/examples_topics/lib/examples_topics/publisher
[0.117s] -- Up-to-date: /home/usuario/Documentos/GitHub/vamoshostia/install/examples_topics/lib/examples_topics/subscriber
[0.120s] -- Up-to-date: /home/usuario/Documentos/GitHub/vamoshostia/install/examples_topics/share/ament_index/resource_index/package_run_dependencies/examples_topics
[0.120s] -- Up-to-date: /home/usuario/Documentos/GitHub/vamoshostia/install/examples_topics/share/ament_index/resource_index/parent_prefix_path/examples_topics
[0.120s] -- Up-to-date: /home/usuario/Documentos/GitHub/vamoshostia/install/examples_topics/share/examples_topics/environment/ament_prefix_path.sh
[0.120s] -- Up-to-date: /home/usuario/Documentos/GitHub/vamoshostia/install/examples_topics/share/examples_topics/environment/ament_prefix_path.dsv
[0.120s] -- Up-to-date: /home/usuario/Documentos/GitHub/vamoshostia/install/examples_topics/share/examples_topics/environment/path.sh
[0.120s] -- Up-to-date: /home/usuario/Documentos/GitHub/vamoshostia/install/examples_topics/share/examples_topics/environment/path.dsv
[0.120s] -- Up-to-date: /home/usuario/Documentos/GitHub/vamoshostia/install/examples_topics/share/examples_topics/local_setup.bash
[0.120s] -- Up-to-date: /home/usuario/Documentos/GitHub/vamoshostia/install/examples_topics/share/examples_topics/local_setup.sh
[0.120s] -- Up-to-date: /home/usuario/Documentos/GitHub/vamoshostia/install/examples_topics/share/examples_topics/local_setup.zsh
[0.120s] -- Up-to-date: /home/usuario/Documentos/GitHub/vamoshostia/install/examples_topics/share/examples_topics/local_setup.dsv
[0.120s] -- Installing: /home/usuario/Documentos/GitHub/vamoshostia/install/examples_topics/share/examples_topics/package.dsv
[0.120s] -- Up-to-date: /home/usuario/Documentos/GitHub/vamoshostia/install/examples_topics/share/ament_index/resource_index/packages/examples_topics
[0.121s] -- Up-to-date: /home/usuario/Documentos/GitHub/vamoshostia/install/examples_topics/share/examples_topics/cmake/examples_topicsConfig.cmake
[0.121s] -- Up-to-date: /home/usuario/Documentos/GitHub/vamoshostia/install/examples_topics/share/examples_topics/cmake/examples_topicsConfig-version.cmake
[0.121s] -- Up-to-date: /home/usuario/Documentos/GitHub/vamoshostia/install/examples_topics/share/examples_topics/package.xml
[0.139s] Invoked command in '/home/usuario/Documentos/GitHub/vamoshostia/build/examples_topics' returned '0': CMAKE_PREFIX_PATH=${CMAKE_PREFIX_PATH}:/opt/ros/foxy /usr/bin/cmake --install /home/usuario/Documentos/GitHub/vamoshostia/build/examples_topics
