[0.028s] Invoking command in '/home/usuario/Documentos/GitHub/vamoshostia/ros2_ws/build/action_tutorials_cpp': CMAKE_PREFIX_PATH=${CMAKE_PREFIX_PATH}:/opt/ros/foxy /usr/bin/cmake --build /home/usuario/Documentos/GitHub/vamoshostia/ros2_ws/build/action_tutorials_cpp -- -j6 -l6
[0.092s] [100%] Built target action_client
[0.092s] [100%] Built target action_server
[0.102s] Invoked command in '/home/usuario/Documentos/GitHub/vamoshostia/ros2_ws/build/action_tutorials_cpp' returned '0': CMAKE_PREFIX_PATH=${CMAKE_PREFIX_PATH}:/opt/ros/foxy /usr/bin/cmake --build /home/usuario/Documentos/GitHub/vamoshostia/ros2_ws/build/action_tutorials_cpp -- -j6 -l6
[0.134s] Invoking command in '/home/usuario/Documentos/GitHub/vamoshostia/ros2_ws/build/action_tutorials_cpp': CMAKE_PREFIX_PATH=${CMAKE_PREFIX_PATH}:/opt/ros/foxy /usr/bin/cmake --install /home/usuario/Documentos/GitHub/vamoshostia/ros2_ws/build/action_tutorials_cpp
[0.140s] -- Install configuration: ""
[0.145s] -- Up-to-date: /home/usuario/Documentos/GitHub/vamoshostia/ros2_ws/install/action_tutorials_cpp/lib/action_tutorials_cpp/action_server
[0.153s] -- Up-to-date: /home/usuario/Documentos/GitHub/vamoshostia/ros2_ws/install/action_tutorials_cpp/lib/action_tutorials_cpp/action_server
[0.160s] -- Up-to-date: /home/usuario/Documentos/GitHub/vamoshostia/ros2_ws/install/action_tutorials_cpp/lib/action_tutorials_cpp/action_client
[0.163s] -- Up-to-date: /home/usuario/Documentos/GitHub/vamoshostia/ros2_ws/install/action_tutorials_cpp/share/ament_index/resource_index/package_run_dependencies/action_tutorials_cpp
[0.163s] -- Up-to-date: /home/usuario/Documentos/GitHub/vamoshostia/ros2_ws/install/action_tutorials_cpp/share/ament_index/resource_index/parent_prefix_path/action_tutorials_cpp
[0.163s] -- Up-to-date: /home/usuario/Documentos/GitHub/vamoshostia/ros2_ws/install/action_tutorials_cpp/share/action_tutorials_cpp/environment/ament_prefix_path.sh
[0.163s] -- Up-to-date: /home/usuario/Documentos/GitHub/vamoshostia/ros2_ws/install/action_tutorials_cpp/share/action_tutorials_cpp/environment/ament_prefix_path.dsv
[0.163s] -- Up-to-date: /home/usuario/Documentos/GitHub/vamoshostia/ros2_ws/install/action_tutorials_cpp/share/action_tutorials_cpp/environment/path.sh
[0.163s] -- Up-to-date: /home/usuario/Documentos/GitHub/vamoshostia/ros2_ws/install/action_tutorials_cpp/share/action_tutorials_cpp/environment/path.dsv
[0.163s] -- Up-to-date: /home/usuario/Documentos/GitHub/vamoshostia/ros2_ws/install/action_tutorials_cpp/share/action_tutorials_cpp/local_setup.bash
[0.163s] -- Up-to-date: /home/usuario/Documentos/GitHub/vamoshostia/ros2_ws/install/action_tutorials_cpp/share/action_tutorials_cpp/local_setup.sh
[0.163s] -- Up-to-date: /home/usuario/Documentos/GitHub/vamoshostia/ros2_ws/install/action_tutorials_cpp/share/action_tutorials_cpp/local_setup.zsh
[0.163s] -- Up-to-date: /home/usuario/Documentos/GitHub/vamoshostia/ros2_ws/install/action_tutorials_cpp/share/action_tutorials_cpp/local_setup.dsv
[0.163s] -- Installing: /home/usuario/Documentos/GitHub/vamoshostia/ros2_ws/install/action_tutorials_cpp/share/action_tutorials_cpp/package.dsv
[0.163s] -- Up-to-date: /home/usuario/Documentos/GitHub/vamoshostia/ros2_ws/install/action_tutorials_cpp/share/ament_index/resource_index/packages/action_tutorials_cpp
[0.163s] -- Up-to-date: /home/usuario/Documentos/GitHub/vamoshostia/ros2_ws/install/action_tutorials_cpp/share/action_tutorials_cpp/cmake/action_tutorials_cppConfig.cmake
[0.163s] -- Up-to-date: /home/usuario/Documentos/GitHub/vamoshostia/ros2_ws/install/action_tutorials_cpp/share/action_tutorials_cpp/cmake/action_tutorials_cppConfig-version.cmake
[0.163s] -- Up-to-date: /home/usuario/Documentos/GitHub/vamoshostia/ros2_ws/install/action_tutorials_cpp/share/action_tutorials_cpp/package.xml
[0.166s] Invoked command in '/home/usuario/Documentos/GitHub/vamoshostia/ros2_ws/build/action_tutorials_cpp' returned '0': CMAKE_PREFIX_PATH=${CMAKE_PREFIX_PATH}:/opt/ros/foxy /usr/bin/cmake --install /home/usuario/Documentos/GitHub/vamoshostia/ros2_ws/build/action_tutorials_cpp
