[0.031s] Invoking command in '/home/usuario/Documentos/GitHub/vamoshostia/ros2_ws/src/build/cpp_srvcli': CMAKE_PREFIX_PATH=/opt/ros/foxy /usr/bin/cmake /home/usuario/Documentos/GitHub/vamoshostia/ros2_ws/src/cpp_srvcli -DCMAKE_INSTALL_PREFIX=/home/usuario/Documentos/GitHub/vamoshostia/ros2_ws/src/install/cpp_srvcli
[0.181s] -- The C compiler identification is GNU 9.4.0
[0.286s] -- The CXX compiler identification is GNU 9.4.0
[0.291s] -- Check for working C compiler: /usr/bin/cc
[0.347s] -- Check for working C compiler: /usr/bin/cc -- works
[0.349s] -- Detecting C compiler ABI info
[0.406s] -- Detecting C compiler ABI info - done
[0.414s] -- Detecting C compile features
[0.415s] -- Detecting C compile features - done
[0.417s] -- Check for working CXX compiler: /usr/bin/c++
[0.477s] -- Check for working CXX compiler: /usr/bin/c++ -- works
[0.478s] -- Detecting CXX compiler ABI info
[0.538s] -- Detecting CXX compiler ABI info - done
[0.547s] -- Detecting CXX compile features
[0.547s] -- Detecting CXX compile features - done
[0.552s] -- Found ament_cmake: 0.9.11 (/opt/ros/foxy/share/ament_cmake/cmake)
[0.572s] -- Found PythonInterp: /usr/bin/python3 (found suitable version "3.8.10", minimum required is "3") 
[0.572s] -- Using PYTHON_EXECUTABLE: /usr/bin/python3
[0.744s] -- Found rclcpp: 2.4.2 (/opt/ros/foxy/share/rclcpp/cmake)
[0.790s] -- Using all available rosidl_typesupport_c: rosidl_typesupport_fastrtps_c;rosidl_typesupport_introspection_c
[0.797s] -- Found rosidl_adapter: 1.3.0 (/opt/ros/foxy/share/rosidl_adapter/cmake)
[0.857s] -- Found OpenSSL: /usr/lib/x86_64-linux-gnu/libcrypto.so (found version "1.1.1f")  
[0.881s] -- Found FastRTPS: /opt/ros/foxy/include  
[0.950s] -- Using all available rosidl_typesupport_cpp: rosidl_typesupport_fastrtps_cpp;rosidl_typesupport_introspection_cpp
[1.007s] -- Found rmw_implementation_cmake: 1.0.3 (/opt/ros/foxy/share/rmw_implementation_cmake/cmake)
[1.010s] -- Using RMW implementation 'rmw_fastrtps_cpp' as default
[1.012s] -- Looking for pthread.h
[1.077s] -- Looking for pthread.h - found
[1.077s] -- Performing Test CMAKE_HAVE_LIBC_PTHREAD
[1.135s] -- Performing Test CMAKE_HAVE_LIBC_PTHREAD - Failed
[1.135s] -- Looking for pthread_create in pthreads
[1.180s] -- Looking for pthread_create in pthreads - not found
[1.181s] -- Looking for pthread_create in pthread
[1.235s] -- Looking for pthread_create in pthread - found
[1.236s] -- Found Threads: TRUE  
[1.354s] -- Found example_interfaces: 0.9.1 (/opt/ros/foxy/share/example_interfaces/cmake)
[1.439s] -- Found ament_lint_auto: 0.9.7 (/opt/ros/foxy/share/ament_lint_auto/cmake)
[1.504s] -- Added test 'copyright' to check source files copyright and LICENSE
[1.506s] -- Added test 'lint_cmake' to check CMake code style
[1.507s] -- Added test 'xmllint' to check XML markup files
[1.510s] -- Configuring done
[1.513s] -- Generating done
[1.518s] -- Build files have been written to: /home/usuario/Documentos/GitHub/vamoshostia/ros2_ws/src/build/cpp_srvcli
[1.522s] Invoked command in '/home/usuario/Documentos/GitHub/vamoshostia/ros2_ws/src/build/cpp_srvcli' returned '0': CMAKE_PREFIX_PATH=/opt/ros/foxy /usr/bin/cmake /home/usuario/Documentos/GitHub/vamoshostia/ros2_ws/src/cpp_srvcli -DCMAKE_INSTALL_PREFIX=/home/usuario/Documentos/GitHub/vamoshostia/ros2_ws/src/install/cpp_srvcli
[1.523s] Invoking command in '/home/usuario/Documentos/GitHub/vamoshostia/ros2_ws/src/build/cpp_srvcli': CMAKE_PREFIX_PATH=/opt/ros/foxy /usr/bin/cmake --build /home/usuario/Documentos/GitHub/vamoshostia/ros2_ws/src/build/cpp_srvcli -- -j6 -l6
[1.555s] Invoked command in '/home/usuario/Documentos/GitHub/vamoshostia/ros2_ws/src/build/cpp_srvcli' returned '0': CMAKE_PREFIX_PATH=/opt/ros/foxy /usr/bin/cmake --build /home/usuario/Documentos/GitHub/vamoshostia/ros2_ws/src/build/cpp_srvcli -- -j6 -l6
[1.577s] Invoking command in '/home/usuario/Documentos/GitHub/vamoshostia/ros2_ws/src/build/cpp_srvcli': CMAKE_PREFIX_PATH=/opt/ros/foxy /usr/bin/cmake --install /home/usuario/Documentos/GitHub/vamoshostia/ros2_ws/src/build/cpp_srvcli
[1.583s] -- Install configuration: ""
[1.583s] -- Installing: /home/usuario/Documentos/GitHub/vamoshostia/ros2_ws/src/install/cpp_srvcli/share/ament_index/resource_index/package_run_dependencies/cpp_srvcli
[1.585s] -- Installing: /home/usuario/Documentos/GitHub/vamoshostia/ros2_ws/src/install/cpp_srvcli/share/ament_index/resource_index/parent_prefix_path/cpp_srvcli
[1.586s] -- Installing: /home/usuario/Documentos/GitHub/vamoshostia/ros2_ws/src/install/cpp_srvcli/share/cpp_srvcli/environment/ament_prefix_path.sh
[1.586s] -- Installing: /home/usuario/Documentos/GitHub/vamoshostia/ros2_ws/src/install/cpp_srvcli/share/cpp_srvcli/environment/ament_prefix_path.dsv
[1.586s] -- Installing: /home/usuario/Documentos/GitHub/vamoshostia/ros2_ws/src/install/cpp_srvcli/share/cpp_srvcli/environment/path.sh
[1.587s] -- Installing: /home/usuario/Documentos/GitHub/vamoshostia/ros2_ws/src/install/cpp_srvcli/share/cpp_srvcli/environment/path.dsv
[1.587s] -- Installing: /home/usuario/Documentos/GitHub/vamoshostia/ros2_ws/src/install/cpp_srvcli/share/cpp_srvcli/local_setup.bash
[1.587s] -- Installing: /home/usuario/Documentos/GitHub/vamoshostia/ros2_ws/src/install/cpp_srvcli/share/cpp_srvcli/local_setup.sh
[1.588s] -- Installing: /home/usuario/Documentos/GitHub/vamoshostia/ros2_ws/src/install/cpp_srvcli/share/cpp_srvcli/local_setup.zsh
[1.589s] -- Installing: /home/usuario/Documentos/GitHub/vamoshostia/ros2_ws/src/install/cpp_srvcli/share/cpp_srvcli/local_setup.dsv
[1.590s] -- Installing: /home/usuario/Documentos/GitHub/vamoshostia/ros2_ws/src/install/cpp_srvcli/share/cpp_srvcli/package.dsv
[1.590s] -- Installing: /home/usuario/Documentos/GitHub/vamoshostia/ros2_ws/src/install/cpp_srvcli/share/ament_index/resource_index/packages/cpp_srvcli
[1.590s] -- Installing: /home/usuario/Documentos/GitHub/vamoshostia/ros2_ws/src/install/cpp_srvcli/share/cpp_srvcli/cmake/cpp_srvcliConfig.cmake
[1.591s] -- Installing: /home/usuario/Documentos/GitHub/vamoshostia/ros2_ws/src/install/cpp_srvcli/share/cpp_srvcli/cmake/cpp_srvcliConfig-version.cmake
[1.591s] -- Installing: /home/usuario/Documentos/GitHub/vamoshostia/ros2_ws/src/install/cpp_srvcli/share/cpp_srvcli/package.xml
[1.594s] Invoked command in '/home/usuario/Documentos/GitHub/vamoshostia/ros2_ws/src/build/cpp_srvcli' returned '0': CMAKE_PREFIX_PATH=/opt/ros/foxy /usr/bin/cmake --install /home/usuario/Documentos/GitHub/vamoshostia/ros2_ws/src/build/cpp_srvcli
