[0.034s] Invoking command in '/home/usuario/Documentos/GitHub/vamoshostia/ros2_ws/src/action_tutorials_interfaces/build/action_tutorials_interfaces': CMAKE_PREFIX_PATH=/opt/ros/foxy /usr/bin/cmake --build /home/usuario/Documentos/GitHub/vamoshostia/ros2_ws/src/action_tutorials_interfaces/build/action_tutorials_interfaces -- -j6 -l6
[0.163s] [  3%] Built target action_tutorials_interfaces__cpp
[0.176s] [ 12%] Built target action_tutorials_interfaces__rosidl_generator_c
[0.288s] [ 29%] Built target action_tutorials_interfaces__rosidl_typesupport_cpp
[0.289s] [ 32%] Built target action_tutorials_interfaces__rosidl_typesupport_introspection_cpp
[0.294s] [ 41%] Built target action_tutorials_interfaces__rosidl_typesupport_c
[0.296s] [ 51%] Built target action_tutorials_interfaces__rosidl_typesupport_introspection_c
[0.297s] [ 61%] Built target action_tutorials_interfaces__rosidl_typesupport_fastrtps_cpp
[0.356s] [ 70%] Built target action_tutorials_interfaces__rosidl_typesupport_fastrtps_c
[0.392s] [ 70%] Built target action_tutorials_interfaces
[0.430s] [ 74%] Built target action_tutorials_interfaces__py
[0.490s] [ 80%] Built target action_tutorials_interfaces__python
[0.598s] [ 87%] Built target action_tutorials_interfaces__rosidl_typesupport_c__pyext
[0.601s] [100%] Built target action_tutorials_interfaces__rosidl_typesupport_fastrtps_c__pyext
[0.601s] [100%] Built target action_tutorials_interfaces__rosidl_typesupport_introspection_c__pyext
[0.608s] Invoked command in '/home/usuario/Documentos/GitHub/vamoshostia/ros2_ws/src/action_tutorials_interfaces/build/action_tutorials_interfaces' returned '0': CMAKE_PREFIX_PATH=/opt/ros/foxy /usr/bin/cmake --build /home/usuario/Documentos/GitHub/vamoshostia/ros2_ws/src/action_tutorials_interfaces/build/action_tutorials_interfaces -- -j6 -l6
[0.672s] Invoking command in '/home/usuario/Documentos/GitHub/vamoshostia/ros2_ws/src/action_tutorials_interfaces/build/action_tutorials_interfaces': CMAKE_PREFIX_PATH=/opt/ros/foxy /usr/bin/cmake --install /home/usuario/Documentos/GitHub/vamoshostia/ros2_ws/src/action_tutorials_interfaces/build/action_tutorials_interfaces
[0.693s] -- Install configuration: ""
[0.693s] -- Up-to-date: /home/usuario/Documentos/GitHub/vamoshostia/ros2_ws/src/action_tutorials_interfaces/install/action_tutorials_interfaces/share/ament_index/resource_index/rosidl_interfaces/action_tutorials_interfaces
[0.694s] -- Up-to-date: /home/usuario/Documentos/GitHub/vamoshostia/ros2_ws/src/action_tutorials_interfaces/install/action_tutorials_interfaces/include/action_tutorials_interfaces
[0.694s] -- Up-to-date: /home/usuario/Documentos/GitHub/vamoshostia/ros2_ws/src/action_tutorials_interfaces/install/action_tutorials_interfaces/include/action_tutorials_interfaces/msg
[0.694s] -- Up-to-date: /home/usuario/Documentos/GitHub/vamoshostia/ros2_ws/src/action_tutorials_interfaces/install/action_tutorials_interfaces/include/action_tutorials_interfaces/msg/rosidl_generator_c__visibility_control.h
[0.694s] -- Up-to-date: /home/usuario/Documentos/GitHub/vamoshostia/ros2_ws/src/action_tutorials_interfaces/install/action_tutorials_interfaces/include/action_tutorials_interfaces/action
[0.694s] -- Up-to-date: /home/usuario/Documentos/GitHub/vamoshostia/ros2_ws/src/action_tutorials_interfaces/install/action_tutorials_interfaces/include/action_tutorials_interfaces/action/fibonacci.h
[0.694s] -- Up-to-date: /home/usuario/Documentos/GitHub/vamoshostia/ros2_ws/src/action_tutorials_interfaces/install/action_tutorials_interfaces/include/action_tutorials_interfaces/action/detail
[0.694s] -- Up-to-date: /home/usuario/Documentos/GitHub/vamoshostia/ros2_ws/src/action_tutorials_interfaces/install/action_tutorials_interfaces/include/action_tutorials_interfaces/action/detail/fibonacci__type_support.h
[0.694s] -- Up-to-date: /home/usuario/Documentos/GitHub/vamoshostia/ros2_ws/src/action_tutorials_interfaces/install/action_tutorials_interfaces/include/action_tutorials_interfaces/action/detail/fibonacci__functions.c
[0.694s] -- Up-to-date: /home/usuario/Documentos/GitHub/vamoshostia/ros2_ws/src/action_tutorials_interfaces/install/action_tutorials_interfaces/include/action_tutorials_interfaces/action/detail/fibonacci__struct.h
[0.694s] -- Up-to-date: /home/usuario/Documentos/GitHub/vamoshostia/ros2_ws/src/action_tutorials_interfaces/install/action_tutorials_interfaces/include/action_tutorials_interfaces/action/detail/fibonacci__functions.h
[0.694s] -- Up-to-date: /home/usuario/Documentos/GitHub/vamoshostia/ros2_ws/src/action_tutorials_interfaces/install/action_tutorials_interfaces/share/action_tutorials_interfaces/environment/library_path.sh
[0.695s] -- Up-to-date: /home/usuario/Documentos/GitHub/vamoshostia/ros2_ws/src/action_tutorials_interfaces/install/action_tutorials_interfaces/share/action_tutorials_interfaces/environment/library_path.dsv
[0.724s] -- Up-to-date: /home/usuario/Documentos/GitHub/vamoshostia/ros2_ws/src/action_tutorials_interfaces/install/action_tutorials_interfaces/lib/libaction_tutorials_interfaces__rosidl_generator_c.so
[0.746s] -- Up-to-date: /home/usuario/Documentos/GitHub/vamoshostia/ros2_ws/src/action_tutorials_interfaces/install/action_tutorials_interfaces/include/action_tutorials_interfaces
[0.746s] -- Up-to-date: /home/usuario/Documentos/GitHub/vamoshostia/ros2_ws/src/action_tutorials_interfaces/install/action_tutorials_interfaces/include/action_tutorials_interfaces/msg
[0.746s] -- Up-to-date: /home/usuario/Documentos/GitHub/vamoshostia/ros2_ws/src/action_tutorials_interfaces/install/action_tutorials_interfaces/include/action_tutorials_interfaces/msg/rosidl_typesupport_fastrtps_c__visibility_control.h
[0.746s] -- Up-to-date: /home/usuario/Documentos/GitHub/vamoshostia/ros2_ws/src/action_tutorials_interfaces/install/action_tutorials_interfaces/include/action_tutorials_interfaces/action
[0.746s] -- Up-to-date: /home/usuario/Documentos/GitHub/vamoshostia/ros2_ws/src/action_tutorials_interfaces/install/action_tutorials_interfaces/include/action_tutorials_interfaces/action/detail
[0.746s] -- Up-to-date: /home/usuario/Documentos/GitHub/vamoshostia/ros2_ws/src/action_tutorials_interfaces/install/action_tutorials_interfaces/include/action_tutorials_interfaces/action/detail/fibonacci__rosidl_typesupport_fastrtps_c.h
[0.769s] -- Up-to-date: /home/usuario/Documentos/GitHub/vamoshostia/ros2_ws/src/action_tutorials_interfaces/install/action_tutorials_interfaces/lib/libaction_tutorials_interfaces__rosidl_typesupport_fastrtps_c.so
[0.799s] -- Up-to-date: /home/usuario/Documentos/GitHub/vamoshostia/ros2_ws/src/action_tutorials_interfaces/install/action_tutorials_interfaces/include/action_tutorials_interfaces
[0.799s] -- Up-to-date: /home/usuario/Documentos/GitHub/vamoshostia/ros2_ws/src/action_tutorials_interfaces/install/action_tutorials_interfaces/include/action_tutorials_interfaces/msg
[0.799s] -- Up-to-date: /home/usuario/Documentos/GitHub/vamoshostia/ros2_ws/src/action_tutorials_interfaces/install/action_tutorials_interfaces/include/action_tutorials_interfaces/msg/rosidl_typesupport_fastrtps_cpp__visibility_control.h
[0.799s] -- Up-to-date: /home/usuario/Documentos/GitHub/vamoshostia/ros2_ws/src/action_tutorials_interfaces/install/action_tutorials_interfaces/include/action_tutorials_interfaces/action
[0.799s] -- Up-to-date: /home/usuario/Documentos/GitHub/vamoshostia/ros2_ws/src/action_tutorials_interfaces/install/action_tutorials_interfaces/include/action_tutorials_interfaces/action/detail
[0.799s] -- Up-to-date: /home/usuario/Documentos/GitHub/vamoshostia/ros2_ws/src/action_tutorials_interfaces/install/action_tutorials_interfaces/include/action_tutorials_interfaces/action/detail/dds_fastrtps
[0.800s] -- Up-to-date: /home/usuario/Documentos/GitHub/vamoshostia/ros2_ws/src/action_tutorials_interfaces/install/action_tutorials_interfaces/include/action_tutorials_interfaces/action/detail/fibonacci__rosidl_typesupport_fastrtps_cpp.hpp
[0.843s] -- Up-to-date: /home/usuario/Documentos/GitHub/vamoshostia/ros2_ws/src/action_tutorials_interfaces/install/action_tutorials_interfaces/lib/libaction_tutorials_interfaces__rosidl_typesupport_fastrtps_cpp.so
[0.869s] -- Up-to-date: /home/usuario/Documentos/GitHub/vamoshostia/ros2_ws/src/action_tutorials_interfaces/install/action_tutorials_interfaces/include/action_tutorials_interfaces
[0.869s] -- Up-to-date: /home/usuario/Documentos/GitHub/vamoshostia/ros2_ws/src/action_tutorials_interfaces/install/action_tutorials_interfaces/include/action_tutorials_interfaces/msg
[0.869s] -- Up-to-date: /home/usuario/Documentos/GitHub/vamoshostia/ros2_ws/src/action_tutorials_interfaces/install/action_tutorials_interfaces/include/action_tutorials_interfaces/msg/rosidl_typesupport_introspection_c__visibility_control.h
[0.869s] -- Up-to-date: /home/usuario/Documentos/GitHub/vamoshostia/ros2_ws/src/action_tutorials_interfaces/install/action_tutorials_interfaces/include/action_tutorials_interfaces/action
[0.869s] -- Up-to-date: /home/usuario/Documentos/GitHub/vamoshostia/ros2_ws/src/action_tutorials_interfaces/install/action_tutorials_interfaces/include/action_tutorials_interfaces/action/detail
[0.869s] -- Up-to-date: /home/usuario/Documentos/GitHub/vamoshostia/ros2_ws/src/action_tutorials_interfaces/install/action_tutorials_interfaces/include/action_tutorials_interfaces/action/detail/fibonacci__rosidl_typesupport_introspection_c.h
[0.869s] -- Up-to-date: /home/usuario/Documentos/GitHub/vamoshostia/ros2_ws/src/action_tutorials_interfaces/install/action_tutorials_interfaces/include/action_tutorials_interfaces/action/detail/fibonacci__type_support.c
[0.892s] -- Up-to-date: /home/usuario/Documentos/GitHub/vamoshostia/ros2_ws/src/action_tutorials_interfaces/install/action_tutorials_interfaces/lib/libaction_tutorials_interfaces__rosidl_typesupport_introspection_c.so
[0.932s] -- Up-to-date: /home/usuario/Documentos/GitHub/vamoshostia/ros2_ws/src/action_tutorials_interfaces/install/action_tutorials_interfaces/lib/libaction_tutorials_interfaces__rosidl_typesupport_c.so
[0.946s] -- Up-to-date: /home/usuario/Documentos/GitHub/vamoshostia/ros2_ws/src/action_tutorials_interfaces/install/action_tutorials_interfaces/include/action_tutorials_interfaces
[0.946s] -- Up-to-date: /home/usuario/Documentos/GitHub/vamoshostia/ros2_ws/src/action_tutorials_interfaces/install/action_tutorials_interfaces/include/action_tutorials_interfaces/action
[0.946s] -- Up-to-date: /home/usuario/Documentos/GitHub/vamoshostia/ros2_ws/src/action_tutorials_interfaces/install/action_tutorials_interfaces/include/action_tutorials_interfaces/action/detail
[0.946s] -- Up-to-date: /home/usuario/Documentos/GitHub/vamoshostia/ros2_ws/src/action_tutorials_interfaces/install/action_tutorials_interfaces/include/action_tutorials_interfaces/action/detail/fibonacci__struct.hpp
[0.946s] -- Up-to-date: /home/usuario/Documentos/GitHub/vamoshostia/ros2_ws/src/action_tutorials_interfaces/install/action_tutorials_interfaces/include/action_tutorials_interfaces/action/detail/fibonacci__traits.hpp
[0.946s] -- Up-to-date: /home/usuario/Documentos/GitHub/vamoshostia/ros2_ws/src/action_tutorials_interfaces/install/action_tutorials_interfaces/include/action_tutorials_interfaces/action/detail/fibonacci__builder.hpp
[0.946s] -- Up-to-date: /home/usuario/Documentos/GitHub/vamoshostia/ros2_ws/src/action_tutorials_interfaces/install/action_tutorials_interfaces/include/action_tutorials_interfaces/action/fibonacci.hpp
[0.946s] -- Up-to-date: /home/usuario/Documentos/GitHub/vamoshostia/ros2_ws/src/action_tutorials_interfaces/install/action_tutorials_interfaces/include/action_tutorials_interfaces
[0.946s] -- Up-to-date: /home/usuario/Documentos/GitHub/vamoshostia/ros2_ws/src/action_tutorials_interfaces/install/action_tutorials_interfaces/include/action_tutorials_interfaces/action
[0.946s] -- Up-to-date: /home/usuario/Documentos/GitHub/vamoshostia/ros2_ws/src/action_tutorials_interfaces/install/action_tutorials_interfaces/include/action_tutorials_interfaces/action/detail
[0.946s] -- Up-to-date: /home/usuario/Documentos/GitHub/vamoshostia/ros2_ws/src/action_tutorials_interfaces/install/action_tutorials_interfaces/include/action_tutorials_interfaces/action/detail/fibonacci__type_support.cpp
[0.946s] -- Up-to-date: /home/usuario/Documentos/GitHub/vamoshostia/ros2_ws/src/action_tutorials_interfaces/install/action_tutorials_interfaces/include/action_tutorials_interfaces/action/detail/fibonacci__rosidl_typesupport_introspection_cpp.hpp
[0.978s] -- Up-to-date: /home/usuario/Documentos/GitHub/vamoshostia/ros2_ws/src/action_tutorials_interfaces/install/action_tutorials_interfaces/lib/libaction_tutorials_interfaces__rosidl_typesupport_introspection_cpp.so
[1.037s] -- Up-to-date: /home/usuario/Documentos/GitHub/vamoshostia/ros2_ws/src/action_tutorials_interfaces/install/action_tutorials_interfaces/lib/libaction_tutorials_interfaces__rosidl_typesupport_cpp.so
[1.060s] -- Up-to-date: /home/usuario/Documentos/GitHub/vamoshostia/ros2_ws/src/action_tutorials_interfaces/install/action_tutorials_interfaces/share/action_tutorials_interfaces/environment/pythonpath.sh
[1.060s] -- Up-to-date: /home/usuario/Documentos/GitHub/vamoshostia/ros2_ws/src/action_tutorials_interfaces/install/action_tutorials_interfaces/share/action_tutorials_interfaces/environment/pythonpath.dsv
[1.060s] -- Up-to-date: /home/usuario/Documentos/GitHub/vamoshostia/ros2_ws/src/action_tutorials_interfaces/install/action_tutorials_interfaces/lib/python3.8/site-packages/action_tutorials_interfaces/__init__.py
[1.101s] -- Up-to-date: /home/usuario/Documentos/GitHub/vamoshostia/ros2_ws/src/action_tutorials_interfaces/install/action_tutorials_interfaces/lib/python3.8/site-packages/action_tutorials_interfaces/action
[1.101s] -- Up-to-date: /home/usuario/Documentos/GitHub/vamoshostia/ros2_ws/src/action_tutorials_interfaces/install/action_tutorials_interfaces/lib/python3.8/site-packages/action_tutorials_interfaces/action/_fibonacci.py
[1.101s] -- Up-to-date: /home/usuario/Documentos/GitHub/vamoshostia/ros2_ws/src/action_tutorials_interfaces/install/action_tutorials_interfaces/lib/python3.8/site-packages/action_tutorials_interfaces/action/__init__.py
[1.102s] -- Up-to-date: /home/usuario/Documentos/GitHub/vamoshostia/ros2_ws/src/action_tutorials_interfaces/install/action_tutorials_interfaces/lib/python3.8/site-packages/action_tutorials_interfaces/action/_fibonacci_s.c
[1.128s] -- Up-to-date: /home/usuario/Documentos/GitHub/vamoshostia/ros2_ws/src/action_tutorials_interfaces/install/action_tutorials_interfaces/lib/python3.8/site-packages/action_tutorials_interfaces/action_tutorials_interfaces_s__rosidl_typesupport_fastrtps_c.cpython-38-x86_64-linux-gnu.so
[1.172s] -- Up-to-date: /home/usuario/Documentos/GitHub/vamoshostia/ros2_ws/src/action_tutorials_interfaces/install/action_tutorials_interfaces/lib/python3.8/site-packages/action_tutorials_interfaces/action_tutorials_interfaces_s__rosidl_typesupport_introspection_c.cpython-38-x86_64-linux-gnu.so
[1.228s] -- Up-to-date: /home/usuario/Documentos/GitHub/vamoshostia/ros2_ws/src/action_tutorials_interfaces/install/action_tutorials_interfaces/lib/python3.8/site-packages/action_tutorials_interfaces/action_tutorials_interfaces_s__rosidl_typesupport_c.cpython-38-x86_64-linux-gnu.so
[1.288s] -- Up-to-date: /home/usuario/Documentos/GitHub/vamoshostia/ros2_ws/src/action_tutorials_interfaces/install/action_tutorials_interfaces/lib/libaction_tutorials_interfaces__python.so
[1.306s] -- Up-to-date: /home/usuario/Documentos/GitHub/vamoshostia/ros2_ws/src/action_tutorials_interfaces/install/action_tutorials_interfaces/share/action_tutorials_interfaces/action/Fibonacci.idl
[1.306s] -- Up-to-date: /home/usuario/Documentos/GitHub/vamoshostia/ros2_ws/src/action_tutorials_interfaces/install/action_tutorials_interfaces/share/action_tutorials_interfaces/action/Fibonacci.action
[1.306s] -- Up-to-date: /home/usuario/Documentos/GitHub/vamoshostia/ros2_ws/src/action_tutorials_interfaces/install/action_tutorials_interfaces/share/ament_index/resource_index/package_run_dependencies/action_tutorials_interfaces
[1.306s] -- Up-to-date: /home/usuario/Documentos/GitHub/vamoshostia/ros2_ws/src/action_tutorials_interfaces/install/action_tutorials_interfaces/share/ament_index/resource_index/parent_prefix_path/action_tutorials_interfaces
[1.306s] -- Up-to-date: /home/usuario/Documentos/GitHub/vamoshostia/ros2_ws/src/action_tutorials_interfaces/install/action_tutorials_interfaces/share/action_tutorials_interfaces/environment/ament_prefix_path.sh
[1.307s] -- Up-to-date: /home/usuario/Documentos/GitHub/vamoshostia/ros2_ws/src/action_tutorials_interfaces/install/action_tutorials_interfaces/share/action_tutorials_interfaces/environment/ament_prefix_path.dsv
[1.307s] -- Up-to-date: /home/usuario/Documentos/GitHub/vamoshostia/ros2_ws/src/action_tutorials_interfaces/install/action_tutorials_interfaces/share/action_tutorials_interfaces/environment/path.sh
[1.307s] -- Up-to-date: /home/usuario/Documentos/GitHub/vamoshostia/ros2_ws/src/action_tutorials_interfaces/install/action_tutorials_interfaces/share/action_tutorials_interfaces/environment/path.dsv
[1.307s] -- Up-to-date: /home/usuario/Documentos/GitHub/vamoshostia/ros2_ws/src/action_tutorials_interfaces/install/action_tutorials_interfaces/share/action_tutorials_interfaces/local_setup.bash
[1.307s] -- Up-to-date: /home/usuario/Documentos/GitHub/vamoshostia/ros2_ws/src/action_tutorials_interfaces/install/action_tutorials_interfaces/share/action_tutorials_interfaces/local_setup.sh
[1.307s] -- Up-to-date: /home/usuario/Documentos/GitHub/vamoshostia/ros2_ws/src/action_tutorials_interfaces/install/action_tutorials_interfaces/share/action_tutorials_interfaces/local_setup.zsh
[1.307s] -- Up-to-date: /home/usuario/Documentos/GitHub/vamoshostia/ros2_ws/src/action_tutorials_interfaces/install/action_tutorials_interfaces/share/action_tutorials_interfaces/local_setup.dsv
[1.307s] -- Installing: /home/usuario/Documentos/GitHub/vamoshostia/ros2_ws/src/action_tutorials_interfaces/install/action_tutorials_interfaces/share/action_tutorials_interfaces/package.dsv
[1.308s] -- Up-to-date: /home/usuario/Documentos/GitHub/vamoshostia/ros2_ws/src/action_tutorials_interfaces/install/action_tutorials_interfaces/share/ament_index/resource_index/packages/action_tutorials_interfaces
[1.311s] -- Up-to-date: /home/usuario/Documentos/GitHub/vamoshostia/ros2_ws/src/action_tutorials_interfaces/install/action_tutorials_interfaces/share/action_tutorials_interfaces/cmake/action_tutorials_interfaces__rosidl_generator_cExport.cmake
[1.311s] -- Up-to-date: /home/usuario/Documentos/GitHub/vamoshostia/ros2_ws/src/action_tutorials_interfaces/install/action_tutorials_interfaces/share/action_tutorials_interfaces/cmake/action_tutorials_interfaces__rosidl_generator_cExport-noconfig.cmake
[1.313s] -- Up-to-date: /home/usuario/Documentos/GitHub/vamoshostia/ros2_ws/src/action_tutorials_interfaces/install/action_tutorials_interfaces/share/action_tutorials_interfaces/cmake/action_tutorials_interfaces__rosidl_typesupport_introspection_cExport.cmake
[1.313s] -- Up-to-date: /home/usuario/Documentos/GitHub/vamoshostia/ros2_ws/src/action_tutorials_interfaces/install/action_tutorials_interfaces/share/action_tutorials_interfaces/cmake/action_tutorials_interfaces__rosidl_typesupport_introspection_cExport-noconfig.cmake
[1.315s] -- Up-to-date: /home/usuario/Documentos/GitHub/vamoshostia/ros2_ws/src/action_tutorials_interfaces/install/action_tutorials_interfaces/share/action_tutorials_interfaces/cmake/action_tutorials_interfaces__rosidl_typesupport_cExport.cmake
[1.315s] -- Up-to-date: /home/usuario/Documentos/GitHub/vamoshostia/ros2_ws/src/action_tutorials_interfaces/install/action_tutorials_interfaces/share/action_tutorials_interfaces/cmake/action_tutorials_interfaces__rosidl_typesupport_cExport-noconfig.cmake
[1.317s] -- Up-to-date: /home/usuario/Documentos/GitHub/vamoshostia/ros2_ws/src/action_tutorials_interfaces/install/action_tutorials_interfaces/share/action_tutorials_interfaces/cmake/action_tutorials_interfaces__rosidl_generator_cppExport.cmake
[1.319s] -- Up-to-date: /home/usuario/Documentos/GitHub/vamoshostia/ros2_ws/src/action_tutorials_interfaces/install/action_tutorials_interfaces/share/action_tutorials_interfaces/cmake/action_tutorials_interfaces__rosidl_typesupport_introspection_cppExport.cmake
[1.319s] -- Up-to-date: /home/usuario/Documentos/GitHub/vamoshostia/ros2_ws/src/action_tutorials_interfaces/install/action_tutorials_interfaces/share/action_tutorials_interfaces/cmake/action_tutorials_interfaces__rosidl_typesupport_introspection_cppExport-noconfig.cmake
[1.321s] -- Up-to-date: /home/usuario/Documentos/GitHub/vamoshostia/ros2_ws/src/action_tutorials_interfaces/install/action_tutorials_interfaces/share/action_tutorials_interfaces/cmake/action_tutorials_interfaces__rosidl_typesupport_cppExport.cmake
[1.321s] -- Up-to-date: /home/usuario/Documentos/GitHub/vamoshostia/ros2_ws/src/action_tutorials_interfaces/install/action_tutorials_interfaces/share/action_tutorials_interfaces/cmake/action_tutorials_interfaces__rosidl_typesupport_cppExport-noconfig.cmake
[1.321s] -- Up-to-date: /home/usuario/Documentos/GitHub/vamoshostia/ros2_ws/src/action_tutorials_interfaces/install/action_tutorials_interfaces/share/action_tutorials_interfaces/cmake/rosidl_cmake-extras.cmake
[1.321s] -- Up-to-date: /home/usuario/Documentos/GitHub/vamoshostia/ros2_ws/src/action_tutorials_interfaces/install/action_tutorials_interfaces/share/action_tutorials_interfaces/cmake/ament_cmake_export_dependencies-extras.cmake
[1.321s] -- Up-to-date: /home/usuario/Documentos/GitHub/vamoshostia/ros2_ws/src/action_tutorials_interfaces/install/action_tutorials_interfaces/share/action_tutorials_interfaces/cmake/ament_cmake_export_libraries-extras.cmake
[1.321s] -- Up-to-date: /home/usuario/Documentos/GitHub/vamoshostia/ros2_ws/src/action_tutorials_interfaces/install/action_tutorials_interfaces/share/action_tutorials_interfaces/cmake/ament_cmake_export_targets-extras.cmake
[1.321s] -- Up-to-date: /home/usuario/Documentos/GitHub/vamoshostia/ros2_ws/src/action_tutorials_interfaces/install/action_tutorials_interfaces/share/action_tutorials_interfaces/cmake/ament_cmake_export_include_directories-extras.cmake
[1.322s] -- Up-to-date: /home/usuario/Documentos/GitHub/vamoshostia/ros2_ws/src/action_tutorials_interfaces/install/action_tutorials_interfaces/share/action_tutorials_interfaces/cmake/rosidl_cmake_export_typesupport_libraries-extras.cmake
[1.322s] -- Up-to-date: /home/usuario/Documentos/GitHub/vamoshostia/ros2_ws/src/action_tutorials_interfaces/install/action_tutorials_interfaces/share/action_tutorials_interfaces/cmake/rosidl_cmake_export_typesupport_targets-extras.cmake
[1.322s] -- Up-to-date: /home/usuario/Documentos/GitHub/vamoshostia/ros2_ws/src/action_tutorials_interfaces/install/action_tutorials_interfaces/share/action_tutorials_interfaces/cmake/action_tutorials_interfacesConfig.cmake
[1.322s] -- Up-to-date: /home/usuario/Documentos/GitHub/vamoshostia/ros2_ws/src/action_tutorials_interfaces/install/action_tutorials_interfaces/share/action_tutorials_interfaces/cmake/action_tutorials_interfacesConfig-version.cmake
[1.322s] -- Up-to-date: /home/usuario/Documentos/GitHub/vamoshostia/ros2_ws/src/action_tutorials_interfaces/install/action_tutorials_interfaces/share/action_tutorials_interfaces/package.xml
[1.331s] Invoked command in '/home/usuario/Documentos/GitHub/vamoshostia/ros2_ws/src/action_tutorials_interfaces/build/action_tutorials_interfaces' returned '0': CMAKE_PREFIX_PATH=/opt/ros/foxy /usr/bin/cmake --install /home/usuario/Documentos/GitHub/vamoshostia/ros2_ws/src/action_tutorials_interfaces/build/action_tutorials_interfaces
