[0.049s] Invoking command in '/home/usuario/Documentos/GitHub/vamoshostia/tb3_ws/src/tb3_ws/build/obstacles': CMAKE_PREFIX_PATH=${CMAKE_PREFIX_PATH}:/opt/ros/foxy /usr/bin/cmake /home/usuario/Documentos/GitHub/vamoshostia/tb3_ws/src/tb3_ws/src/obstacles -DCMAKE_INSTALL_PREFIX=/home/usuario/Documentos/GitHub/vamoshostia/tb3_ws/src/tb3_ws/install/obstacles
[0.224s] -- The C compiler identification is GNU 9.4.0
[0.341s] -- The CXX compiler identification is GNU 9.4.0
[0.346s] -- Check for working C compiler: /usr/bin/cc
[0.411s] -- Check for working C compiler: /usr/bin/cc -- works
[0.413s] -- Detecting C compiler ABI info
[0.477s] -- Detecting C compiler ABI info - done
[0.487s] -- Detecting C compile features
[0.487s] -- Detecting C compile features - done
[0.490s] -- Check for working CXX compiler: /usr/bin/c++
[0.557s] -- Check for working CXX compiler: /usr/bin/c++ -- works
[0.558s] -- Detecting CXX compiler ABI info
[0.626s] -- Detecting CXX compiler ABI info - done
[0.636s] -- Detecting CXX compile features
[0.636s] -- Detecting CXX compile features - done
[0.639s] -- Found ament_cmake: 0.9.11 (/opt/ros/foxy/share/ament_cmake/cmake)
[0.662s] -- Found PythonInterp: /usr/bin/python3 (found suitable version "3.8.10", minimum required is "3") 
[0.663s] -- Using PYTHON_EXECUTABLE: /usr/bin/python3
[0.833s] -- Found rclcpp: 2.4.2 (/opt/ros/foxy/share/rclcpp/cmake)
[0.870s] -- Using all available rosidl_typesupport_c: rosidl_typesupport_fastrtps_c;rosidl_typesupport_introspection_c
[0.877s] -- Found rosidl_adapter: 1.3.0 (/opt/ros/foxy/share/rosidl_adapter/cmake)
[0.948s] -- Found OpenSSL: /usr/lib/x86_64-linux-gnu/libcrypto.so (found version "1.1.1f")  
[0.974s] -- Found FastRTPS: /opt/ros/foxy/include  
[1.035s] -- Using all available rosidl_typesupport_cpp: rosidl_typesupport_fastrtps_cpp;rosidl_typesupport_introspection_cpp
[1.077s] -- Found rmw_implementation_cmake: 1.0.3 (/opt/ros/foxy/share/rmw_implementation_cmake/cmake)
[1.078s] -- Using RMW implementation 'rmw_fastrtps_cpp' as default
[1.080s] -- Looking for pthread.h
[1.139s] -- Looking for pthread.h - found
[1.139s] -- Performing Test CMAKE_HAVE_LIBC_PTHREAD
[1.203s] -- Performing Test CMAKE_HAVE_LIBC_PTHREAD - Failed
[1.203s] -- Looking for pthread_create in pthreads
[1.251s] -- Looking for pthread_create in pthreads - not found
[1.251s] -- Looking for pthread_create in pthread
[1.311s] -- Looking for pthread_create in pthread - found
[1.311s] -- Found Threads: TRUE  
[1.422s] -- Found sensor_msgs: 2.0.5 (/opt/ros/foxy/share/sensor_msgs/cmake)
[1.512s] CMake Error at CMakeLists.txt:22 (find_package):
[1.512s]   By not providing "Findexample_interfaces.cmake" in CMAKE_MODULE_PATH this
[1.512s]   project has asked CMake to find a package configuration file provided by
[1.512s]   "example_interfaces", but CMake did not find one.
[1.513s] 
[1.513s]   Could not find a package configuration file provided by
[1.513s]   "example_interfaces" with any of the following names:
[1.513s] 
[1.513s]     example_interfacesConfig.cmake
[1.513s]     example_interfaces-config.cmake
[1.513s] 
[1.513s]   Add the installation prefix of "example_interfaces" to CMAKE_PREFIX_PATH or
[1.513s]   set "example_interfaces_DIR" to a directory containing one of the above
[1.513s]   files.  If "example_interfaces" provides a separate development package or
[1.513s]   SDK, be sure it has been installed.
[1.513s] 
[1.514s] 
[1.514s] -- Configuring incomplete, errors occurred!
[1.514s] See also "/home/usuario/Documentos/GitHub/vamoshostia/tb3_ws/src/tb3_ws/build/obstacles/CMakeFiles/CMakeOutput.log".
[1.514s] See also "/home/usuario/Documentos/GitHub/vamoshostia/tb3_ws/src/tb3_ws/build/obstacles/CMakeFiles/CMakeError.log".
[1.520s] Invoked command in '/home/usuario/Documentos/GitHub/vamoshostia/tb3_ws/src/tb3_ws/build/obstacles' returned '1': CMAKE_PREFIX_PATH=${CMAKE_PREFIX_PATH}:/opt/ros/foxy /usr/bin/cmake /home/usuario/Documentos/GitHub/vamoshostia/tb3_ws/src/tb3_ws/src/obstacles -DCMAKE_INSTALL_PREFIX=/home/usuario/Documentos/GitHub/vamoshostia/tb3_ws/src/tb3_ws/install/obstacles
