[0.015s] Invoking command in '/home/usuario/Documentos/GitHub/vamoshostia/build/examples_topics': CMAKE_PREFIX_PATH=/opt/ros/foxy /usr/bin/cmake /home/usuario/Documentos/GitHub/vamoshostia/ros2_ws/src/examples/topics -DCMAKE_INSTALL_PREFIX=/home/usuario/Documentos/GitHub/vamoshostia/install/examples_topics
[0.429s] -- The C compiler identification is GNU 9.4.0
[0.823s] -- The CXX compiler identification is GNU 9.4.0
[0.841s] -- Check for working C compiler: /usr/bin/cc
[1.238s] -- Check for working C compiler: /usr/bin/cc -- works
[1.243s] -- Detecting C compiler ABI info
[1.628s] -- Detecting C compiler ABI info - done
[1.656s] -- Detecting C compile features
[1.656s] -- Detecting C compile features - done
[1.670s] -- Check for working CXX compiler: /usr/bin/c++
[2.003s] -- Check for working CXX compiler: /usr/bin/c++ -- works
[2.009s] -- Detecting CXX compiler ABI info
[2.351s] -- Detecting CXX compiler ABI info - done
[2.398s] -- Detecting CXX compile features
[2.398s] -- Detecting CXX compile features - done
[2.412s] -- Found ament_cmake: 0.9.11 (/opt/ros/foxy/share/ament_cmake/cmake)
[2.440s] -- Found PythonInterp: /usr/bin/python3 (found suitable version "3.8.10", minimum required is "3") 
[2.440s] -- Using PYTHON_EXECUTABLE: /usr/bin/python3
[2.670s] -- Found rclcpp: 2.4.2 (/opt/ros/foxy/share/rclcpp/cmake)
[2.717s] -- Using all available rosidl_typesupport_c: rosidl_typesupport_fastrtps_c;rosidl_typesupport_introspection_c
[2.724s] -- Found rosidl_adapter: 1.3.0 (/opt/ros/foxy/share/rosidl_adapter/cmake)
[2.798s] -- Found OpenSSL: /usr/lib/x86_64-linux-gnu/libcrypto.so (found version "1.1.1f")  
[2.824s] -- Found FastRTPS: /opt/ros/foxy/include  
[2.894s] -- Using all available rosidl_typesupport_cpp: rosidl_typesupport_fastrtps_cpp;rosidl_typesupport_introspection_cpp
[2.950s] -- Found rmw_implementation_cmake: 1.0.3 (/opt/ros/foxy/share/rmw_implementation_cmake/cmake)
[2.952s] -- Using RMW implementation 'rmw_fastrtps_cpp' as default
[2.961s] -- Looking for pthread.h
[3.269s] -- Looking for pthread.h - found
[3.287s] -- Performing Test CMAKE_HAVE_LIBC_PTHREAD
[3.643s] -- Performing Test CMAKE_HAVE_LIBC_PTHREAD - Failed
[3.644s] -- Looking for pthread_create in pthreads
[3.815s] -- Looking for pthread_create in pthreads - not found
[3.824s] -- Looking for pthread_create in pthread
[4.167s] -- Looking for pthread_create in pthread - found
[4.177s] -- Found Threads: TRUE  
[4.424s] -- Configuring done
[4.445s] -- Generating done
[4.465s] -- Build files have been written to: /home/usuario/Documentos/GitHub/vamoshostia/build/examples_topics
[4.470s] Invoked command in '/home/usuario/Documentos/GitHub/vamoshostia/build/examples_topics' returned '0': CMAKE_PREFIX_PATH=/opt/ros/foxy /usr/bin/cmake /home/usuario/Documentos/GitHub/vamoshostia/ros2_ws/src/examples/topics -DCMAKE_INSTALL_PREFIX=/home/usuario/Documentos/GitHub/vamoshostia/install/examples_topics
[4.476s] Invoking command in '/home/usuario/Documentos/GitHub/vamoshostia/build/examples_topics': CMAKE_PREFIX_PATH=/opt/ros/foxy /usr/bin/cmake --build /home/usuario/Documentos/GitHub/vamoshostia/build/examples_topics -- -j6 -l6
[4.622s] [35m[1mScanning dependencies of target subscriber[0m
[4.622s] [35m[1mScanning dependencies of target publisher[0m
[4.724s] [ 25%] [32mBuilding CXX object CMakeFiles/subscriber.dir/subscriber.cpp.o[0m
[4.726s] [ 50%] [32mBuilding CXX object CMakeFiles/publisher.dir/publisher.cpp.o[0m
[50.285s] make[2]: *** Se borra el archivo 'CMakeFiles/publisher.dir/publisher.cpp.o'
[50.285s] make[2]: *** [CMakeFiles/publisher.dir/build.make:63: CMakeFiles/publisher.dir/publisher.cpp.o] Interrupción
[50.285s] make[1]: *** [CMakeFiles/Makefile2:107: CMakeFiles/publisher.dir/all] Interrupción
[50.286s] make[2]: *** [CMakeFiles/subscriber.dir/build.make:63: CMakeFiles/subscriber.dir/subscriber.cpp.o] Interrupción
[50.287s] make[1]: *** [CMakeFiles/Makefile2:80: CMakeFiles/subscriber.dir/all] Interrupción
[50.288s] make: *** [Makefile:141: all] Interrupción
[50.289s] Invoked command in '/home/usuario/Documentos/GitHub/vamoshostia/build/examples_topics' returned '-2': CMAKE_PREFIX_PATH=/opt/ros/foxy /usr/bin/cmake --build /home/usuario/Documentos/GitHub/vamoshostia/build/examples_topics -- -j6 -l6
