[0.026s] Invoking command in '/home/usuario/Documentos/GitHub/vamoshostia/build/examples_topics': CMAKE_PREFIX_PATH=/opt/ros/foxy /usr/bin/cmake --build /home/usuario/Documentos/GitHub/vamoshostia/build/examples_topics -- -j6 -l6
[0.064s] [ 50%] [32mBuilding CXX object CMakeFiles/subscriber.dir/subscriber.cpp.o[0m
[0.064s] [ 50%] [32mBuilding CXX object CMakeFiles/publisher.dir/publisher.cpp.o[0m
[2.361s] [ 75%] [32m[1mLinking CXX executable publisher[0m
[2.627s] [ 75%] Built target publisher
[3.871s] [100%] [32m[1mLinking CXX executable subscriber[0m
[4.285s] [100%] Built target subscriber
[4.294s] Invoked command in '/home/usuario/Documentos/GitHub/vamoshostia/build/examples_topics' returned '0': CMAKE_PREFIX_PATH=/opt/ros/foxy /usr/bin/cmake --build /home/usuario/Documentos/GitHub/vamoshostia/build/examples_topics -- -j6 -l6
[4.315s] Invoking command in '/home/usuario/Documentos/GitHub/vamoshostia/build/examples_topics': CMAKE_PREFIX_PATH=/opt/ros/foxy /usr/bin/cmake --install /home/usuario/Documentos/GitHub/vamoshostia/build/examples_topics
[4.322s] -- Install configuration: ""
[4.326s] -- Installing: /home/usuario/Documentos/GitHub/vamoshostia/install/examples_topics/lib/examples_topics/publisher
[4.336s] -- Set runtime path of "/home/usuario/Documentos/GitHub/vamoshostia/install/examples_topics/lib/examples_topics/publisher" to ""
[4.339s] -- Installing: /home/usuario/Documentos/GitHub/vamoshostia/install/examples_topics/lib/examples_topics/subscriber
[4.354s] -- Set runtime path of "/home/usuario/Documentos/GitHub/vamoshostia/install/examples_topics/lib/examples_topics/subscriber" to ""
[4.354s] -- Up-to-date: /home/usuario/Documentos/GitHub/vamoshostia/install/examples_topics/share/ament_index/resource_index/package_run_dependencies/examples_topics
[4.354s] -- Up-to-date: /home/usuario/Documentos/GitHub/vamoshostia/install/examples_topics/share/ament_index/resource_index/parent_prefix_path/examples_topics
[4.354s] -- Installing: /home/usuario/Documentos/GitHub/vamoshostia/install/examples_topics/share/examples_topics/environment/ament_prefix_path.sh
[4.354s] -- Installing: /home/usuario/Documentos/GitHub/vamoshostia/install/examples_topics/share/examples_topics/environment/ament_prefix_path.dsv
[4.355s] -- Installing: /home/usuario/Documentos/GitHub/vamoshostia/install/examples_topics/share/examples_topics/environment/path.sh
[4.355s] -- Installing: /home/usuario/Documentos/GitHub/vamoshostia/install/examples_topics/share/examples_topics/environment/path.dsv
[4.356s] -- Up-to-date: /home/usuario/Documentos/GitHub/vamoshostia/install/examples_topics/share/examples_topics/local_setup.bash
[4.356s] -- Up-to-date: /home/usuario/Documentos/GitHub/vamoshostia/install/examples_topics/share/examples_topics/local_setup.sh
[4.356s] -- Up-to-date: /home/usuario/Documentos/GitHub/vamoshostia/install/examples_topics/share/examples_topics/local_setup.zsh
[4.356s] -- Installing: /home/usuario/Documentos/GitHub/vamoshostia/install/examples_topics/share/examples_topics/local_setup.dsv
[4.356s] -- Installing: /home/usuario/Documentos/GitHub/vamoshostia/install/examples_topics/share/examples_topics/package.dsv
[4.357s] -- Up-to-date: /home/usuario/Documentos/GitHub/vamoshostia/install/examples_topics/share/ament_index/resource_index/packages/examples_topics
[4.357s] -- Up-to-date: /home/usuario/Documentos/GitHub/vamoshostia/install/examples_topics/share/examples_topics/cmake/examples_topicsConfig.cmake
[4.357s] -- Up-to-date: /home/usuario/Documentos/GitHub/vamoshostia/install/examples_topics/share/examples_topics/cmake/examples_topicsConfig-version.cmake
[4.357s] -- Up-to-date: /home/usuario/Documentos/GitHub/vamoshostia/install/examples_topics/share/examples_topics/package.xml
[4.362s] Invoked command in '/home/usuario/Documentos/GitHub/vamoshostia/build/examples_topics' returned '0': CMAKE_PREFIX_PATH=/opt/ros/foxy /usr/bin/cmake --install /home/usuario/Documentos/GitHub/vamoshostia/build/examples_topics
