[0.016s] Invoking command in '/home/usuario/Documentos/GitHub/vamoshostia/ros2_ws/src/build/examples_topics': CMAKE_PREFIX_PATH=/opt/ros/foxy /usr/bin/cmake /home/usuario/Documentos/GitHub/vamoshostia/ros2_ws/src/examples/topics -DCMAKE_INSTALL_PREFIX=/home/usuario/Documentos/GitHub/vamoshostia/ros2_ws/src/install/examples_topics
[0.159s] -- The C compiler identification is GNU 9.4.0
[0.264s] -- The CXX compiler identification is GNU 9.4.0
[0.270s] -- Check for working C compiler: /usr/bin/cc
[0.326s] -- Check for working C compiler: /usr/bin/cc -- works
[0.327s] -- Detecting C compiler ABI info
[0.383s] -- Detecting C compiler ABI info - done
[0.393s] -- Detecting C compile features
[0.393s] -- Detecting C compile features - done
[0.396s] -- Check for working CXX compiler: /usr/bin/c++
[0.455s] -- Check for working CXX compiler: /usr/bin/c++ -- works
[0.457s] -- Detecting CXX compiler ABI info
[0.516s] -- Detecting CXX compiler ABI info - done
[0.525s] -- Detecting CXX compile features
[0.525s] -- Detecting CXX compile features - done
[0.530s] -- Found ament_cmake: 0.9.11 (/opt/ros/foxy/share/ament_cmake/cmake)
[0.550s] -- Found PythonInterp: /usr/bin/python3 (found suitable version "3.8.10", minimum required is "3") 
[0.550s] -- Using PYTHON_EXECUTABLE: /usr/bin/python3
[0.723s] -- Found rclcpp: 2.4.2 (/opt/ros/foxy/share/rclcpp/cmake)
[0.769s] -- Using all available rosidl_typesupport_c: rosidl_typesupport_fastrtps_c;rosidl_typesupport_introspection_c
[0.775s] -- Found rosidl_adapter: 1.3.0 (/opt/ros/foxy/share/rosidl_adapter/cmake)
[0.835s] -- Found OpenSSL: /usr/lib/x86_64-linux-gnu/libcrypto.so (found version "1.1.1f")  
[0.859s] -- Found FastRTPS: /opt/ros/foxy/include  
[0.929s] -- Using all available rosidl_typesupport_cpp: rosidl_typesupport_fastrtps_cpp;rosidl_typesupport_introspection_cpp
[0.986s] -- Found rmw_implementation_cmake: 1.0.3 (/opt/ros/foxy/share/rmw_implementation_cmake/cmake)
[0.988s] -- Using RMW implementation 'rmw_fastrtps_cpp' as default
[0.990s] -- Looking for pthread.h
[1.055s] -- Looking for pthread.h - found
[1.055s] -- Performing Test CMAKE_HAVE_LIBC_PTHREAD
[1.113s] -- Performing Test CMAKE_HAVE_LIBC_PTHREAD - Failed
[1.113s] -- Looking for pthread_create in pthreads
[1.159s] -- Looking for pthread_create in pthreads - not found
[1.159s] -- Looking for pthread_create in pthread
[1.214s] -- Looking for pthread_create in pthread - found
[1.214s] -- Found Threads: TRUE  
[1.382s] -- Configuring done
[1.392s] -- Generating done
[1.394s] -- Build files have been written to: /home/usuario/Documentos/GitHub/vamoshostia/ros2_ws/src/build/examples_topics
[1.401s] Invoked command in '/home/usuario/Documentos/GitHub/vamoshostia/ros2_ws/src/build/examples_topics' returned '0': CMAKE_PREFIX_PATH=/opt/ros/foxy /usr/bin/cmake /home/usuario/Documentos/GitHub/vamoshostia/ros2_ws/src/examples/topics -DCMAKE_INSTALL_PREFIX=/home/usuario/Documentos/GitHub/vamoshostia/ros2_ws/src/install/examples_topics
[1.402s] Invoking command in '/home/usuario/Documentos/GitHub/vamoshostia/ros2_ws/src/build/examples_topics': CMAKE_PREFIX_PATH=/opt/ros/foxy /usr/bin/cmake --build /home/usuario/Documentos/GitHub/vamoshostia/ros2_ws/src/build/examples_topics -- -j6 -l6
[1.431s] [35m[1mScanning dependencies of target publisher[0m
[1.431s] [35m[1mScanning dependencies of target subscriber[0m
[1.511s] [ 25%] [32mBuilding CXX object CMakeFiles/publisher.dir/publisher.cpp.o[0m
[1.513s] [ 50%] [32mBuilding CXX object CMakeFiles/subscriber.dir/subscriber.cpp.o[0m
[3.759s] [ 75%] [32m[1mLinking CXX executable publisher[0m
[3.997s] [ 75%] Built target publisher
[5.235s] [100%] [32m[1mLinking CXX executable subscriber[0m
[5.644s] [100%] Built target subscriber
[5.651s] Invoked command in '/home/usuario/Documentos/GitHub/vamoshostia/ros2_ws/src/build/examples_topics' returned '0': CMAKE_PREFIX_PATH=/opt/ros/foxy /usr/bin/cmake --build /home/usuario/Documentos/GitHub/vamoshostia/ros2_ws/src/build/examples_topics -- -j6 -l6
[5.667s] Invoking command in '/home/usuario/Documentos/GitHub/vamoshostia/ros2_ws/src/build/examples_topics': CMAKE_PREFIX_PATH=/opt/ros/foxy /usr/bin/cmake --install /home/usuario/Documentos/GitHub/vamoshostia/ros2_ws/src/build/examples_topics
[5.673s] -- Install configuration: ""
[5.673s] -- Installing: /home/usuario/Documentos/GitHub/vamoshostia/ros2_ws/src/install/examples_topics/lib/examples_topics/publisher
[5.685s] -- Set runtime path of "/home/usuario/Documentos/GitHub/vamoshostia/ros2_ws/src/install/examples_topics/lib/examples_topics/publisher" to ""
[5.686s] -- Installing: /home/usuario/Documentos/GitHub/vamoshostia/ros2_ws/src/install/examples_topics/lib/examples_topics/subscriber
[5.705s] -- Set runtime path of "/home/usuario/Documentos/GitHub/vamoshostia/ros2_ws/src/install/examples_topics/lib/examples_topics/subscriber" to ""
[5.705s] -- Installing: /home/usuario/Documentos/GitHub/vamoshostia/ros2_ws/src/install/examples_topics/share/ament_index/resource_index/package_run_dependencies/examples_topics
[5.706s] -- Installing: /home/usuario/Documentos/GitHub/vamoshostia/ros2_ws/src/install/examples_topics/share/ament_index/resource_index/parent_prefix_path/examples_topics
[5.706s] -- Installing: /home/usuario/Documentos/GitHub/vamoshostia/ros2_ws/src/install/examples_topics/share/examples_topics/environment/ament_prefix_path.sh
[5.706s] -- Installing: /home/usuario/Documentos/GitHub/vamoshostia/ros2_ws/src/install/examples_topics/share/examples_topics/environment/ament_prefix_path.dsv
[5.707s] -- Installing: /home/usuario/Documentos/GitHub/vamoshostia/ros2_ws/src/install/examples_topics/share/examples_topics/environment/path.sh
[5.707s] -- Installing: /home/usuario/Documentos/GitHub/vamoshostia/ros2_ws/src/install/examples_topics/share/examples_topics/environment/path.dsv
[5.708s] -- Installing: /home/usuario/Documentos/GitHub/vamoshostia/ros2_ws/src/install/examples_topics/share/examples_topics/local_setup.bash
[5.708s] -- Installing: /home/usuario/Documentos/GitHub/vamoshostia/ros2_ws/src/install/examples_topics/share/examples_topics/local_setup.sh
[5.708s] -- Installing: /home/usuario/Documentos/GitHub/vamoshostia/ros2_ws/src/install/examples_topics/share/examples_topics/local_setup.zsh
[5.709s] -- Installing: /home/usuario/Documentos/GitHub/vamoshostia/ros2_ws/src/install/examples_topics/share/examples_topics/local_setup.dsv
[5.709s] -- Installing: /home/usuario/Documentos/GitHub/vamoshostia/ros2_ws/src/install/examples_topics/share/examples_topics/package.dsv
[5.710s] -- Installing: /home/usuario/Documentos/GitHub/vamoshostia/ros2_ws/src/install/examples_topics/share/ament_index/resource_index/packages/examples_topics
[5.710s] -- Installing: /home/usuario/Documentos/GitHub/vamoshostia/ros2_ws/src/install/examples_topics/share/examples_topics/cmake/examples_topicsConfig.cmake
[5.710s] -- Installing: /home/usuario/Documentos/GitHub/vamoshostia/ros2_ws/src/install/examples_topics/share/examples_topics/cmake/examples_topicsConfig-version.cmake
[5.711s] -- Installing: /home/usuario/Documentos/GitHub/vamoshostia/ros2_ws/src/install/examples_topics/share/examples_topics/package.xml
[5.718s] Invoked command in '/home/usuario/Documentos/GitHub/vamoshostia/ros2_ws/src/build/examples_topics' returned '0': CMAKE_PREFIX_PATH=/opt/ros/foxy /usr/bin/cmake --install /home/usuario/Documentos/GitHub/vamoshostia/ros2_ws/src/build/examples_topics
